[ 2016-09-06T00:13:50+08:00 ]EXCEPTION: SELECT  *  FROM rbac_admin_user WHERE user != 'admin ;BindParams:array (
)42000;1064;You have an error in your SQL syntax; check the manual that corresponds to your MySQL server version for the right syntax to use near ''admin' at line 1
[ 2016-09-06T00:14:06+08:00 ]NOTICE: Undefined index: usernameD:\wamp\www\new_lg_copy\Storage\view\compile\5b2fca6743dbae9f92c7d1cbafdb2e34.php (29).
[ 2016-09-06T00:14:14+08:00 ]NOTICE: Undefined index: usernameD:\wamp\www\new_lg_copy\Storage\view\compile\5b2fca6743dbae9f92c7d1cbafdb2e34.php (29).
[ 2016-09-06T00:16:09+08:00 ]NOTICE: Undefined variable: roleDataD:\wamp\www\new_lg_copy\Storage\view\compile\c3c1cb66d47ff4e7f478dc74837f258b.php (35).
[ 2016-09-06T00:16:09+08:00 ]NOTICE: Invalid argument supplied for foreach()D:\wamp\www\new_lg_copy\Storage\view\compile\c3c1cb66d47ff4e7f478dc74837f258b.php (35).
[ 2016-09-06T00:16:14+08:00 ]NOTICE: Undefined variable: roleDataD:\wamp\www\new_lg_copy\Storage\view\compile\c3c1cb66d47ff4e7f478dc74837f258b.php (35).
[ 2016-09-06T00:16:14+08:00 ]NOTICE: Invalid argument supplied for foreach()D:\wamp\www\new_lg_copy\Storage\view\compile\c3c1cb66d47ff4e7f478dc74837f258b.php (35).
[ 2016-09-06T08:33:27+08:00 ]EXCEPTION: Method Admin\Controller\UserController::user() does not exist
[ 2016-09-06T08:57:15+08:00 ]NOTICE: Undefined variable: roleDataD:\wamp\www\new_lg_copy\Storage\view\compile\dcd31943fdfe68f0ea95bedeae816691.php (26).
[ 2016-09-06T08:57:15+08:00 ]NOTICE: Invalid argument supplied for foreach()D:\wamp\www\new_lg_copy\Storage\view\compile\dcd31943fdfe68f0ea95bedeae816691.php (26).
[ 2016-09-06T08:57:39+08:00 ]EXCEPTION: INSERT INTO rbac_admin_user (`user`,`password`,`islock`,`aname`)VALUES(?,?,?,?) ;BindParams:array (
  0 => 'verify',
  1 => '21232f297a57a5a743894a0e4a801fc3',
  2 => '0',
  3 => 'verify',
)23000;1062;Duplicate entry 'verify' for key 'user_UNIQUE'
[ 2016-09-06T08:58:44+08:00 ]EXCEPTION: INSERT INTO rbac_admin_user (`user`,`password`,`islock`,`aname`)VALUES(?,?,?,?) ;BindParams:array (
  0 => 'verify',
  1 => '21232f297a57a5a743894a0e4a801fc3',
  2 => '0',
  3 => 'verify',
)23000;1062;Duplicate entry 'verify' for key 'user_UNIQUE'
[ 2016-09-06T08:58:52+08:00 ]EXCEPTION: INSERT INTO rbac_admin_user (`user`,`password`,`islock`,`aname`)VALUES(?,?,?,?) ;BindParams:array (
  0 => 'verify',
  1 => '21232f297a57a5a743894a0e4a801fc3',
  2 => '0',
  3 => 'verify',
)23000;1062;Duplicate entry 'verify' for key 'user_UNIQUE'
[ 2016-09-06T08:59:07+08:00 ]EXCEPTION: INSERT INTO rbac_admin_user (`user`,`password`,`islock`,`aname`)VALUES(?,?,?,?) ;BindParams:array (
  0 => 'verify',
  1 => '21232f297a57a5a743894a0e4a801fc3',
  2 => '0',
  3 => 'verify',
)23000;1062;Duplicate entry 'verify' for key 'user_UNIQUE'
[ 2016-09-06T09:01:39+08:00 ]EXCEPTION: INSERT INTO rbac_admin_user (`user`,`password`,`islock`,`aname`)VALUES(?,?,?,?) ;BindParams:array (
  0 => 'verify',
  1 => '21232f297a57a5a743894a0e4a801fc3',
  2 => '0',
  3 => 'verify',
)23000;1062;Duplicate entry 'verify' for key 'user_UNIQUE'
[ 2016-09-06T09:02:30+08:00 ]NOTICE: Undefined variable: roleDataD:\wamp\www\new_lg_copy\Storage\view\compile\dcd31943fdfe68f0ea95bedeae816691.php (26).
[ 2016-09-06T09:02:30+08:00 ]NOTICE: Invalid argument supplied for foreach()D:\wamp\www\new_lg_copy\Storage\view\compile\dcd31943fdfe68f0ea95bedeae816691.php (26).
[ 2016-09-06T09:04:25+08:00 ]NOTICE: Undefined variable: roleDataD:\wamp\www\new_lg_copy\Storage\view\compile\dcd31943fdfe68f0ea95bedeae816691.php (26).
[ 2016-09-06T09:04:25+08:00 ]NOTICE: Invalid argument supplied for foreach()D:\wamp\www\new_lg_copy\Storage\view\compile\dcd31943fdfe68f0ea95bedeae816691.php (26).
[ 2016-09-06T09:11:48+08:00 ]EXCEPTION: Method Admin\Controller\UserController::roleallot() does not exist
[ 2016-09-06T09:12:37+08:00 ]NOTICE: Undefined variable: nodeDataD:\wamp\www\new_lg_copy\Storage\view\compile\e458c0c86a9783a21f7881e38b548785.php (27).
[ 2016-09-06T09:12:37+08:00 ]NOTICE: Invalid argument supplied for foreach()D:\wamp\www\new_lg_copy\Storage\view\compile\e458c0c86a9783a21f7881e38b548785.php (27).
[ 2016-09-06T09:12:54+08:00 ]NOTICE: Undefined variable: nodeDataD:\wamp\www\new_lg_copy\Storage\view\compile\e458c0c86a9783a21f7881e38b548785.php (27).
[ 2016-09-06T09:12:54+08:00 ]NOTICE: Invalid argument supplied for foreach()D:\wamp\www\new_lg_copy\Storage\view\compile\e458c0c86a9783a21f7881e38b548785.php (27).
[ 2016-09-06T09:30:13+08:00 ]EXCEPTION: Method Admin\Controller\UserController::power() does not exist
[ 2016-09-06T09:30:25+08:00 ]EXCEPTION: Method Admin\Controller\UserController::power() does not exist
[ 2016-09-06T09:30:48+08:00 ]EXCEPTION: Method Admin\Controller\UserController::power() does not exist
[ 2016-09-06T09:30:50+08:00 ]EXCEPTION: Method Admin\Controller\UserController::power() does not exist
[ 2016-09-06T09:30:51+08:00 ]EXCEPTION: Method Admin\Controller\UserController::power() does not exist
[ 2016-09-06T09:30:57+08:00 ]EXCEPTION: 模板不存在:App/Admin/View/User/node.php
[ 2016-09-06T09:37:04+08:00 ]EXCEPTION: Method Admin\Controller\UserController::roleadd() does not exist
[ 2016-09-06T09:41:13+08:00 ]EXCEPTION: Method Admin\Controller\UserController::Poweradd() does not exist
[ 2016-09-06T09:43:10+08:00 ]NOTICE: Undefined variable: nodeDataD:\wamp\www\new_lg_copy\Storage\view\compile\db13fbbf8be028cdf492a9a8c04ca481.php (30).
[ 2016-09-06T09:43:10+08:00 ]NOTICE: Invalid argument supplied for foreach()D:\wamp\www\new_lg_copy\Storage\view\compile\db13fbbf8be028cdf492a9a8c04ca481.php (30).
[ 2016-09-06T09:45:52+08:00 ]NOTICE: Undefined variable: nodeDataD:\wamp\www\new_lg_copy\Storage\view\compile\db13fbbf8be028cdf492a9a8c04ca481.php (30).
[ 2016-09-06T09:45:52+08:00 ]NOTICE: Invalid argument supplied for foreach()D:\wamp\www\new_lg_copy\Storage\view\compile\db13fbbf8be028cdf492a9a8c04ca481.php (30).
[ 2016-09-06T09:46:12+08:00 ]NOTICE: Undefined variable: nodeDataD:\wamp\www\new_lg_copy\Storage\view\compile\db13fbbf8be028cdf492a9a8c04ca481.php (30).
[ 2016-09-06T09:46:12+08:00 ]NOTICE: Invalid argument supplied for foreach()D:\wamp\www\new_lg_copy\Storage\view\compile\db13fbbf8be028cdf492a9a8c04ca481.php (30).
[ 2016-09-06T10:17:03+08:00 ]NOTICE: Undefined variable: nodeDataD:\wamp\www\new_lg_copy\Storage\view\compile\db13fbbf8be028cdf492a9a8c04ca481.php (30).
[ 2016-09-06T10:17:03+08:00 ]NOTICE: Invalid argument supplied for foreach()D:\wamp\www\new_lg_copy\Storage\view\compile\db13fbbf8be028cdf492a9a8c04ca481.php (30).
[ 2016-09-06T10:25:03+08:00 ]NOTICE: Undefined variable: nodeDataD:\wamp\www\new_lg_copy\Storage\view\compile\db13fbbf8be028cdf492a9a8c04ca481.php (30).
[ 2016-09-06T10:25:03+08:00 ]NOTICE: Invalid argument supplied for foreach()D:\wamp\www\new_lg_copy\Storage\view\compile\db13fbbf8be028cdf492a9a8c04ca481.php (30).
[ 2016-09-06T10:55:41+08:00 ]EXCEPTION: SELECT  *  FROM rbac_admin_node WHERE id={$pid} LIMIT 1 ;BindParams:array (
)42000;1064;You have an error in your SQL syntax; check the manual that corresponds to your MySQL server version for the right syntax to use near '} LIMIT 1' at line 1
[ 2016-09-06T11:06:14+08:00 ]NOTICE: Undefined variable: nodeDataD:\wamp\www\new_lg_copy\Storage\view\compile\e7dcea465ae5c9b40371d851257371f8.php (32).
[ 2016-09-06T11:06:14+08:00 ]NOTICE: Invalid argument supplied for foreach()D:\wamp\www\new_lg_copy\Storage\view\compile\e7dcea465ae5c9b40371d851257371f8.php (32).
[ 2016-09-06T11:07:19+08:00 ]NOTICE: Undefined variable: nodeDataD:\wamp\www\new_lg_copy\Storage\view\compile\e7dcea465ae5c9b40371d851257371f8.php (32).
[ 2016-09-06T11:07:19+08:00 ]NOTICE: Invalid argument supplied for foreach()D:\wamp\www\new_lg_copy\Storage\view\compile\e7dcea465ae5c9b40371d851257371f8.php (32).
[ 2016-09-06T11:07:52+08:00 ]NOTICE: Undefined variable: nodeDataD:\wamp\www\new_lg_copy\Storage\view\compile\e7dcea465ae5c9b40371d851257371f8.php (32).
[ 2016-09-06T11:07:52+08:00 ]NOTICE: Invalid argument supplied for foreach()D:\wamp\www\new_lg_copy\Storage\view\compile\e7dcea465ae5c9b40371d851257371f8.php (32).
[ 2016-09-06T11:21:35+08:00 ]NOTICE: Undefined variable: idD:\wamp\www\new_lg_copy\App\Admin\Model\RoleNode.php (13).
[ 2016-09-06T11:21:35+08:00 ]EXCEPTION: INSERT INTO rbac_admin_role_node (`role_id`,`node_id`)VALUES(?,?) ;BindParams:array (
  0 => NULL,
  1 => '1',
)23000;1048;Column 'role_id' cannot be null
[ 2016-09-06T11:52:33+08:00 ]NOTICE: Undefined index: tidD:\wamp\www\new_lg_copy\Storage\view\compile\e7dcea465ae5c9b40371d851257371f8.php (49).
[ 2016-09-06T11:52:33+08:00 ]NOTICE: Undefined index: tidD:\wamp\www\new_lg_copy\Storage\view\compile\e7dcea465ae5c9b40371d851257371f8.php (49).
[ 2016-09-06T11:52:33+08:00 ]NOTICE: Undefined index: tidD:\wamp\www\new_lg_copy\Storage\view\compile\e7dcea465ae5c9b40371d851257371f8.php (49).
[ 2016-09-06T11:52:33+08:00 ]NOTICE: Undefined variable: tidsD:\wamp\www\new_lg_copy\Storage\view\compile\e7dcea465ae5c9b40371d851257371f8.php (49).
[ 2016-09-06T11:52:33+08:00 ]NOTICE: in_array() expects parameter 2 to be array, null givenD:\wamp\www\new_lg_copy\Storage\view\compile\e7dcea465ae5c9b40371d851257371f8.php (49).
[ 2016-09-06T11:52:33+08:00 ]NOTICE: Undefined index: tidD:\wamp\www\new_lg_copy\Storage\view\compile\e7dcea465ae5c9b40371d851257371f8.php (49).
[ 2016-09-06T11:52:33+08:00 ]NOTICE: Undefined index: tidD:\wamp\www\new_lg_copy\Storage\view\compile\e7dcea465ae5c9b40371d851257371f8.php (49).
[ 2016-09-06T11:52:33+08:00 ]NOTICE: Undefined index: tidD:\wamp\www\new_lg_copy\Storage\view\compile\e7dcea465ae5c9b40371d851257371f8.php (49).
[ 2016-09-06T11:52:33+08:00 ]NOTICE: Undefined variable: tidsD:\wamp\www\new_lg_copy\Storage\view\compile\e7dcea465ae5c9b40371d851257371f8.php (49).
[ 2016-09-06T11:52:33+08:00 ]NOTICE: in_array() expects parameter 2 to be array, null givenD:\wamp\www\new_lg_copy\Storage\view\compile\e7dcea465ae5c9b40371d851257371f8.php (49).
[ 2016-09-06T11:52:33+08:00 ]NOTICE: Undefined index: tidD:\wamp\www\new_lg_copy\Storage\view\compile\e7dcea465ae5c9b40371d851257371f8.php (49).
[ 2016-09-06T11:52:33+08:00 ]NOTICE: Undefined index: tidD:\wamp\www\new_lg_copy\Storage\view\compile\e7dcea465ae5c9b40371d851257371f8.php (49).
[ 2016-09-06T11:52:33+08:00 ]NOTICE: Undefined index: tidD:\wamp\www\new_lg_copy\Storage\view\compile\e7dcea465ae5c9b40371d851257371f8.php (49).
[ 2016-09-06T11:52:33+08:00 ]NOTICE: Undefined variable: tidsD:\wamp\www\new_lg_copy\Storage\view\compile\e7dcea465ae5c9b40371d851257371f8.php (49).
[ 2016-09-06T11:52:33+08:00 ]NOTICE: in_array() expects parameter 2 to be array, null givenD:\wamp\www\new_lg_copy\Storage\view\compile\e7dcea465ae5c9b40371d851257371f8.php (49).
[ 2016-09-06T11:52:33+08:00 ]NOTICE: Undefined index: tidD:\wamp\www\new_lg_copy\Storage\view\compile\e7dcea465ae5c9b40371d851257371f8.php (49).
[ 2016-09-06T11:52:33+08:00 ]NOTICE: Undefined index: tidD:\wamp\www\new_lg_copy\Storage\view\compile\e7dcea465ae5c9b40371d851257371f8.php (49).
[ 2016-09-06T11:52:33+08:00 ]NOTICE: Undefined index: tidD:\wamp\www\new_lg_copy\Storage\view\compile\e7dcea465ae5c9b40371d851257371f8.php (49).
[ 2016-09-06T11:52:33+08:00 ]NOTICE: Undefined variable: tidsD:\wamp\www\new_lg_copy\Storage\view\compile\e7dcea465ae5c9b40371d851257371f8.php (49).
[ 2016-09-06T11:52:33+08:00 ]NOTICE: in_array() expects parameter 2 to be array, null givenD:\wamp\www\new_lg_copy\Storage\view\compile\e7dcea465ae5c9b40371d851257371f8.php (49).
[ 2016-09-06T11:52:33+08:00 ]NOTICE: Undefined index: tidD:\wamp\www\new_lg_copy\Storage\view\compile\e7dcea465ae5c9b40371d851257371f8.php (49).
[ 2016-09-06T11:52:33+08:00 ]NOTICE: Undefined index: tidD:\wamp\www\new_lg_copy\Storage\view\compile\e7dcea465ae5c9b40371d851257371f8.php (49).
[ 2016-09-06T11:52:33+08:00 ]NOTICE: Undefined index: tidD:\wamp\www\new_lg_copy\Storage\view\compile\e7dcea465ae5c9b40371d851257371f8.php (49).
[ 2016-09-06T11:52:33+08:00 ]NOTICE: Undefined variable: tidsD:\wamp\www\new_lg_copy\Storage\view\compile\e7dcea465ae5c9b40371d851257371f8.php (49).
[ 2016-09-06T11:52:33+08:00 ]NOTICE: in_array() expects parameter 2 to be array, null givenD:\wamp\www\new_lg_copy\Storage\view\compile\e7dcea465ae5c9b40371d851257371f8.php (49).
[ 2016-09-06T11:52:33+08:00 ]NOTICE: Undefined index: tidD:\wamp\www\new_lg_copy\Storage\view\compile\e7dcea465ae5c9b40371d851257371f8.php (49).
[ 2016-09-06T11:52:33+08:00 ]NOTICE: Undefined index: tidD:\wamp\www\new_lg_copy\Storage\view\compile\e7dcea465ae5c9b40371d851257371f8.php (49).
[ 2016-09-06T11:52:33+08:00 ]NOTICE: Undefined index: tidD:\wamp\www\new_lg_copy\Storage\view\compile\e7dcea465ae5c9b40371d851257371f8.php (49).
[ 2016-09-06T11:52:33+08:00 ]NOTICE: Undefined variable: tidsD:\wamp\www\new_lg_copy\Storage\view\compile\e7dcea465ae5c9b40371d851257371f8.php (49).
[ 2016-09-06T11:52:33+08:00 ]NOTICE: in_array() expects parameter 2 to be array, null givenD:\wamp\www\new_lg_copy\Storage\view\compile\e7dcea465ae5c9b40371d851257371f8.php (49).
[ 2016-09-06T11:53:35+08:00 ]NOTICE: in_array() expects parameter 2 to be array, null givenD:\wamp\www\new_lg_copy\Storage\view\compile\e7dcea465ae5c9b40371d851257371f8.php (48).
[ 2016-09-06T11:53:35+08:00 ]NOTICE: in_array() expects parameter 2 to be array, null givenD:\wamp\www\new_lg_copy\Storage\view\compile\e7dcea465ae5c9b40371d851257371f8.php (48).
[ 2016-09-06T11:53:35+08:00 ]NOTICE: in_array() expects parameter 2 to be array, null givenD:\wamp\www\new_lg_copy\Storage\view\compile\e7dcea465ae5c9b40371d851257371f8.php (48).
[ 2016-09-06T11:53:35+08:00 ]NOTICE: in_array() expects parameter 2 to be array, null givenD:\wamp\www\new_lg_copy\Storage\view\compile\e7dcea465ae5c9b40371d851257371f8.php (48).
[ 2016-09-06T11:53:35+08:00 ]NOTICE: in_array() expects parameter 2 to be array, null givenD:\wamp\www\new_lg_copy\Storage\view\compile\e7dcea465ae5c9b40371d851257371f8.php (48).
[ 2016-09-06T11:53:35+08:00 ]NOTICE: in_array() expects parameter 2 to be array, null givenD:\wamp\www\new_lg_copy\Storage\view\compile\e7dcea465ae5c9b40371d851257371f8.php (48).
[ 2016-09-06T11:53:42+08:00 ]NOTICE: in_array() expects parameter 2 to be array, null givenD:\wamp\www\new_lg_copy\Storage\view\compile\e7dcea465ae5c9b40371d851257371f8.php (48).
[ 2016-09-06T11:53:42+08:00 ]NOTICE: in_array() expects parameter 2 to be array, null givenD:\wamp\www\new_lg_copy\Storage\view\compile\e7dcea465ae5c9b40371d851257371f8.php (48).
[ 2016-09-06T11:53:42+08:00 ]NOTICE: in_array() expects parameter 2 to be array, null givenD:\wamp\www\new_lg_copy\Storage\view\compile\e7dcea465ae5c9b40371d851257371f8.php (48).
[ 2016-09-06T11:53:42+08:00 ]NOTICE: in_array() expects parameter 2 to be array, null givenD:\wamp\www\new_lg_copy\Storage\view\compile\e7dcea465ae5c9b40371d851257371f8.php (48).
[ 2016-09-06T11:53:42+08:00 ]NOTICE: in_array() expects parameter 2 to be array, null givenD:\wamp\www\new_lg_copy\Storage\view\compile\e7dcea465ae5c9b40371d851257371f8.php (48).
[ 2016-09-06T11:53:42+08:00 ]NOTICE: in_array() expects parameter 2 to be array, null givenD:\wamp\www\new_lg_copy\Storage\view\compile\e7dcea465ae5c9b40371d851257371f8.php (48).
