[ 2016-08-14T00:01:15+08:00 ]EXCEPTION: Method Home\Controller\CompanyController::going() does not exist
[ 2016-08-14T00:13:05+08:00 ]NOTICE: Use of undefined constant Company - assumed 'Company'D:\wamp\www\lg\Storage\view\compile\2613ced3b352a2ee034113e51bd99d7b.php (138).
[ 2016-08-14T00:13:05+08:00 ]NOTICE: Use of undefined constant Index - assumed 'Index'D:\wamp\www\lg\Storage\view\compile\2613ced3b352a2ee034113e51bd99d7b.php (138).
[ 2016-08-14T00:13:12+08:00 ]NOTICE: Use of undefined constant Index - assumed 'Index'D:\wamp\www\lg\Storage\view\compile\fe4be9671d2204af17e713118acb7dc2.php (138).
[ 2016-08-14T00:13:12+08:00 ]NOTICE: Use of undefined constant Index - assumed 'Index'D:\wamp\www\lg\Storage\view\compile\fe4be9671d2204af17e713118acb7dc2.php (138).
[ 2016-08-14T00:13:12+08:00 ]NOTICE: Use of undefined constant Index - assumed 'Index'D:\wamp\www\lg\Storage\view\compile\fe4be9671d2204af17e713118acb7dc2.php (138).
[ 2016-08-14T00:13:12+08:00 ]NOTICE: Use of undefined constant Index - assumed 'Index'D:\wamp\www\lg\Storage\view\compile\fe4be9671d2204af17e713118acb7dc2.php (138).
[ 2016-08-14T00:13:23+08:00 ]NOTICE: Use of undefined constant __Index - assumed '__Index'D:\wamp\www\lg\Storage\view\compile\fe4be9671d2204af17e713118acb7dc2.php (138).
[ 2016-08-14T00:13:23+08:00 ]NOTICE: Use of undefined constant Index - assumed 'Index'D:\wamp\www\lg\Storage\view\compile\fe4be9671d2204af17e713118acb7dc2.php (138).
[ 2016-08-14T00:13:27+08:00 ]NOTICE: Use of undefined constant Index - assumed 'Index'D:\wamp\www\lg\Storage\view\compile\fe4be9671d2204af17e713118acb7dc2.php (138).
[ 2016-08-14T00:13:27+08:00 ]NOTICE: Use of undefined constant Index - assumed 'Index'D:\wamp\www\lg\Storage\view\compile\fe4be9671d2204af17e713118acb7dc2.php (138).
[ 2016-08-14T00:14:56+08:00 ]NOTICE: Use of undefined constant Index - assumed 'Index'D:\wamp\www\lg\Storage\view\compile\fe4be9671d2204af17e713118acb7dc2.php (138).
[ 2016-08-14T00:15:19+08:00 ]NOTICE: Use of undefined constant Company - assumed 'Company'D:\wamp\www\lg\Storage\view\compile\2613ced3b352a2ee034113e51bd99d7b.php (138).
[ 2016-08-14T00:15:23+08:00 ]NOTICE: Use of undefined constant Company - assumed 'Company'D:\wamp\www\lg\Storage\view\compile\2613ced3b352a2ee034113e51bd99d7b.php (138).
[ 2016-08-14T00:15:36+08:00 ]NOTICE: Use of undefined constant Company - assumed 'Company'D:\wamp\www\lg\Storage\view\compile\2613ced3b352a2ee034113e51bd99d7b.php (138).
[ 2016-08-14T00:16:06+08:00 ]NOTICE: Use of undefined constant Company - assumed 'Company'D:\wamp\www\lg\Storage\view\compile\2613ced3b352a2ee034113e51bd99d7b.php (138).
[ 2016-08-14T00:16:10+08:00 ]NOTICE: Use of undefined constant Company - assumed 'Company'D:\wamp\www\lg\Storage\view\compile\2613ced3b352a2ee034113e51bd99d7b.php (138).
[ 2016-08-14T00:16:20+08:00 ]NOTICE: Use of undefined constant Company - assumed 'Company'D:\wamp\www\lg\Storage\view\compile\2613ced3b352a2ee034113e51bd99d7b.php (138).
[ 2016-08-14T00:16:21+08:00 ]NOTICE: Use of undefined constant Index - assumed 'Index'D:\wamp\www\lg\Storage\view\compile\fe4be9671d2204af17e713118acb7dc2.php (138).
[ 2016-08-14T00:19:13+08:00 ]NOTICE: Use of undefined constant Index - assumed 'Index'D:\wamp\www\lg\Storage\view\compile\fe4be9671d2204af17e713118acb7dc2.php (138).
[ 2016-08-14T00:19:28+08:00 ]NOTICE: Use of undefined constant Index - assumed 'Index'D:\wamp\www\lg\Storage\view\compile\fe4be9671d2204af17e713118acb7dc2.php (138).
[ 2016-08-14T00:20:32+08:00 ]NOTICE: Undefined variable: CONTD:\wamp\www\lg\Storage\view\compile\fe4be9671d2204af17e713118acb7dc2.php (138).
[ 2016-08-14T00:21:38+08:00 ]NOTICE: Use of undefined constant Index - assumed 'Index'D:\wamp\www\lg\Storage\view\compile\fe4be9671d2204af17e713118acb7dc2.php (138).
[ 2016-08-14T00:21:46+08:00 ]NOTICE: Use of undefined constant Company - assumed 'Company'D:\wamp\www\lg\Storage\view\compile\2613ced3b352a2ee034113e51bd99d7b.php (138).
[ 2016-08-14T00:21:48+08:00 ]NOTICE: Use of undefined constant Index - assumed 'Index'D:\wamp\www\lg\Storage\view\compile\fe4be9671d2204af17e713118acb7dc2.php (138).
[ 2016-08-14T00:21:59+08:00 ]NOTICE: Use of undefined constant Index - assumed 'Index'D:\wamp\www\lg\Storage\view\compile\fe4be9671d2204af17e713118acb7dc2.php (138).
[ 2016-08-14T00:45:09+08:00 ]EXCEPTION: Admin\Controller\CompanyController 不存在
[ 2016-08-14T00:45:13+08:00 ]EXCEPTION: Admin\Controller\IndexController 不存在
[ 2016-08-14T00:45:20+08:00 ]EXCEPTION: Admin\Controller\IndexController 不存在
[ 2016-08-14T00:54:21+08:00 ]EXCEPTION: Admin\Controller\LoginController 不存在
[ 2016-08-14T00:57:09+08:00 ]EXCEPTION: Admin\Controller\LoginController 不存在
[ 2016-08-14T00:58:20+08:00 ]EXCEPTION: Method Admin\Controller\LoginController::code() does not exist
[ 2016-08-14T00:58:21+08:00 ]EXCEPTION: Method Admin\Controller\LoginController::code() does not exist
[ 2016-08-14T01:02:43+08:00 ]NOTICE: Division by zeroD:\wamp\www\lg\Hdphp\Code\Code.php (154).
[ 2016-08-14T01:02:43+08:00 ]NOTICE: Undefined variable: fontColorD:\wamp\www\lg\Hdphp\Code\Code.php (161).
[ 2016-08-14T01:12:42+08:00 ]NOTICE: Division by zeroD:\wamp\www\lg\Hdphp\Code\Code.php (154).
[ 2016-08-14T01:12:42+08:00 ]NOTICE: Undefined variable: fontColorD:\wamp\www\lg\Hdphp\Code\Code.php (161).
[ 2016-08-14T01:12:44+08:00 ]NOTICE: Division by zeroD:\wamp\www\lg\Hdphp\Code\Code.php (154).
[ 2016-08-14T01:12:44+08:00 ]NOTICE: Undefined variable: fontColorD:\wamp\www\lg\Hdphp\Code\Code.php (161).
[ 2016-08-14T01:12:45+08:00 ]NOTICE: Division by zeroD:\wamp\www\lg\Hdphp\Code\Code.php (154).
[ 2016-08-14T01:12:45+08:00 ]NOTICE: Undefined variable: fontColorD:\wamp\www\lg\Hdphp\Code\Code.php (161).
[ 2016-08-14T01:12:52+08:00 ]NOTICE: Division by zeroD:\wamp\www\lg\Hdphp\Code\Code.php (154).
[ 2016-08-14T01:12:52+08:00 ]NOTICE: Undefined variable: fontColorD:\wamp\www\lg\Hdphp\Code\Code.php (161).
[ 2016-08-14T01:13:56+08:00 ]NOTICE: Division by zeroD:\wamp\www\lg\Hdphp\Code\Code.php (154).
[ 2016-08-14T01:13:56+08:00 ]NOTICE: Undefined variable: fontColorD:\wamp\www\lg\Hdphp\Code\Code.php (161).
[ 2016-08-14T09:47:15+08:00 ]NOTICE: Undefined index: infoD:\wamp\www\lg\Storage\view\compile\e25935d41d119f684e703fb7d47c9548.php (51).
[ 2016-08-14T09:47:16+08:00 ]EXCEPTION: Method Admin\Controller\IndexController::welcome() does not exist
[ 2016-08-14T09:50:25+08:00 ]NOTICE: Undefined index: infoD:\wamp\www\lg\Storage\view\compile\e25935d41d119f684e703fb7d47c9548.php (51).
[ 2016-08-14T09:50:25+08:00 ]EXCEPTION: Method Admin\Controller\IndexController::welcome() does not exist
[ 2016-08-14T09:50:54+08:00 ]NOTICE: Undefined index: AdmiinfoD:\wamp\www\lg\Storage\view\compile\e25935d41d119f684e703fb7d47c9548.php (51).
[ 2016-08-14T09:50:55+08:00 ]EXCEPTION: Method Admin\Controller\IndexController::welcome() does not exist
[ 2016-08-14T09:51:07+08:00 ]NOTICE: Undefined index: usernameD:\wamp\www\lg\Storage\view\compile\e25935d41d119f684e703fb7d47c9548.php (51).
[ 2016-08-14T09:51:07+08:00 ]EXCEPTION: Method Admin\Controller\IndexController::welcome() does not exist
[ 2016-08-14T09:51:14+08:00 ]EXCEPTION: Method Admin\Controller\IndexController::welcome() does not exist
[ 2016-08-14T09:51:15+08:00 ]EXCEPTION: Method Admin\Controller\IndexController::welcome() does not exist
[ 2016-08-14T09:51:24+08:00 ]EXCEPTION: Method Admin\Controller\IndexController::welcome() does not exist
[ 2016-08-14T09:53:38+08:00 ]EXCEPTION: Method Admin\Controller\IndexController::welcome() does not exist
[ 2016-08-14T09:56:04+08:00 ]EXCEPTION: Method Admin\Controller\IndexController::changePassword() does not exist
[ 2016-08-14T09:56:05+08:00 ]EXCEPTION: Method Admin\Controller\IndexController::changePassword() does not exist
[ 2016-08-14T09:56:24+08:00 ]EXCEPTION: Method Admin\Controller\IndexController::changePassword() does not exist
[ 2016-08-14T10:35:24+08:00 ]EXCEPTION: Admin\Controller\CateController 不存在
[ 2016-08-14T10:36:25+08:00 ]NOTICE: Undefined variable: dataD:\wamp\www\lg\Storage\view\compile\20b3bf43caeba1d3daa7a97c4eb68e22.php (22).
[ 2016-08-14T10:36:25+08:00 ]NOTICE: Invalid argument supplied for foreach()D:\wamp\www\lg\Storage\view\compile\20b3bf43caeba1d3daa7a97c4eb68e22.php (22).
[ 2016-08-14T10:36:25+08:00 ]NOTICE: Undefined variable: pageD:\wamp\www\lg\Storage\view\compile\20b3bf43caeba1d3daa7a97c4eb68e22.php (44).
[ 2016-08-14T10:38:33+08:00 ]NOTICE: Undefined variable: dataD:\wamp\www\lg\Storage\view\compile\20b3bf43caeba1d3daa7a97c4eb68e22.php (22).
[ 2016-08-14T10:38:33+08:00 ]NOTICE: Invalid argument supplied for foreach()D:\wamp\www\lg\Storage\view\compile\20b3bf43caeba1d3daa7a97c4eb68e22.php (22).
[ 2016-08-14T10:38:33+08:00 ]NOTICE: Undefined variable: pageD:\wamp\www\lg\Storage\view\compile\20b3bf43caeba1d3daa7a97c4eb68e22.php (44).
[ 2016-08-14T10:41:13+08:00 ]NOTICE: Undefined variable: dataD:\wamp\www\lg\Storage\view\compile\20b3bf43caeba1d3daa7a97c4eb68e22.php (22).
[ 2016-08-14T10:41:13+08:00 ]NOTICE: Invalid argument supplied for foreach()D:\wamp\www\lg\Storage\view\compile\20b3bf43caeba1d3daa7a97c4eb68e22.php (22).
[ 2016-08-14T10:41:13+08:00 ]NOTICE: Undefined variable: pageD:\wamp\www\lg\Storage\view\compile\20b3bf43caeba1d3daa7a97c4eb68e22.php (44).
[ 2016-08-14T10:41:14+08:00 ]NOTICE: Undefined variable: dataD:\wamp\www\lg\Storage\view\compile\20b3bf43caeba1d3daa7a97c4eb68e22.php (22).
[ 2016-08-14T10:41:14+08:00 ]NOTICE: Invalid argument supplied for foreach()D:\wamp\www\lg\Storage\view\compile\20b3bf43caeba1d3daa7a97c4eb68e22.php (22).
[ 2016-08-14T10:41:14+08:00 ]NOTICE: Undefined variable: pageD:\wamp\www\lg\Storage\view\compile\20b3bf43caeba1d3daa7a97c4eb68e22.php (44).
[ 2016-08-14T10:41:16+08:00 ]NOTICE: Undefined variable: dataD:\wamp\www\lg\Storage\view\compile\20b3bf43caeba1d3daa7a97c4eb68e22.php (22).
[ 2016-08-14T10:41:16+08:00 ]NOTICE: Invalid argument supplied for foreach()D:\wamp\www\lg\Storage\view\compile\20b3bf43caeba1d3daa7a97c4eb68e22.php (22).
[ 2016-08-14T10:41:16+08:00 ]NOTICE: Undefined variable: pageD:\wamp\www\lg\Storage\view\compile\20b3bf43caeba1d3daa7a97c4eb68e22.php (44).
[ 2016-08-14T10:41:49+08:00 ]NOTICE: Undefined variable: vD:\wamp\www\lg\Storage\view\compile\20b3bf43caeba1d3daa7a97c4eb68e22.php (26).
[ 2016-08-14T10:41:49+08:00 ]NOTICE: Undefined variable: vD:\wamp\www\lg\Storage\view\compile\20b3bf43caeba1d3daa7a97c4eb68e22.php (27).
[ 2016-08-14T10:41:49+08:00 ]NOTICE: Undefined variable: vD:\wamp\www\lg\Storage\view\compile\20b3bf43caeba1d3daa7a97c4eb68e22.php (29).
[ 2016-08-14T12:10:10+08:00 ]EXCEPTION: SELECT  *  FROM lg_user WHERE verify=2 ;BindParams:array (
)42S22;1054;Unknown column 'verify' in 'where clause'
[ 2016-08-14T12:21:07+08:00 ]EXCEPTION: SELECT  *  FROM lg_user WHERE  ;BindParams:array (
)42000;1064;You have an error in your SQL syntax; check the manual that corresponds to your MySQL server version for the right syntax to use near '' at line 1
[ 2016-08-14T12:50:50+08:00 ]NOTICE: Undefined variable: uidD:\wamp\www\lg\App\Home\Controller\CompanyController.php (36).
[ 2016-08-14T12:50:50+08:00 ]EXCEPTION: UPDATE company SET `verifying`=?  WHERE  uid=?  ;BindParams:array (
  'verifying' => 2,
  0 => NULL,
)42S22;1054;Unknown column 'uid' in 'where clause'
[ 2016-08-14T13:49:19+08:00 ]EXCEPTION: Method Admin\Controller\VerifyController::pass() does not exist
[ 2016-08-14T13:49:22+08:00 ]EXCEPTION: Method Admin\Controller\VerifyController::noPass() does not exist
[ 2016-08-14T13:50:02+08:00 ]EXCEPTION: Method Admin\Controller\VerifyController::noPass() does not exist
[ 2016-08-14T13:50:05+08:00 ]EXCEPTION: Method Admin\Controller\VerifyController::pass() does not exist
[ 2016-08-14T13:55:28+08:00 ]NOTICE: Undefined variable: uidD:\wamp\www\lg\App\Admin\Controller\VerifyController.php (31).
[ 2016-08-14T13:55:28+08:00 ]EXCEPTION: verifying=4 ;BindParams:array (
)42000;1064;You have an error in your SQL syntax; check the manual that corresponds to your MySQL server version for the right syntax to use near 'verifying=4' at line 1
[ 2016-08-14T13:57:11+08:00 ]EXCEPTION: verifying=4 ;BindParams:array (
)42000;1064;You have an error in your SQL syntax; check the manual that corresponds to your MySQL server version for the right syntax to use near 'verifying=4' at line 1
[ 2016-08-14T14:15:29+08:00 ]EXCEPTION: Method Admin\Controller\VerifyController::noPass() does not exist
[ 2016-08-14T15:56:53+08:00 ]EXCEPTION: Method Home\Controller\CompanyController::nopass() does not exist
[ 2016-08-14T15:57:00+08:00 ]EXCEPTION: Method Home\Controller\CompanyController::notpass() does not exist
[ 2016-08-14T16:57:41+08:00 ]EXCEPTION: Method Home\Controller\CompanyController::nopass() does not exist
[ 2016-08-14T16:59:51+08:00 ]EXCEPTION: Method Home\Controller\CompanyController::idnex() does not exist
[ 2016-08-14T16:59:55+08:00 ]EXCEPTION: Method Home\Controller\CompanyController::idnex() does not exist
[ 2016-08-14T17:00:27+08:00 ]EXCEPTION: Method Home\Controller\CompanyController::idnex() does not exist
[ 2016-08-14T17:00:30+08:00 ]EXCEPTION: Method Home\Controller\CompanyController::idnex() does not exist
[ 2016-08-14T17:00:45+08:00 ]EXCEPTION: Method Home\Controller\CompanyController::idnex() does not exist
[ 2016-08-14T17:01:38+08:00 ]EXCEPTION: Method Home\Controller\CompanyController::idnex() does not exist
[ 2016-08-14T17:03:41+08:00 ]EXCEPTION: Method Home\Controller\CompanyController::idnex() does not exist
[ 2016-08-14T17:03:43+08:00 ]EXCEPTION: Method Home\Controller\CompanyController::idnex() does not exist
[ 2016-08-14T17:04:55+08:00 ]EXCEPTION: Method Home\Controller\CompanyController::idnex() does not exist
[ 2016-08-14T17:04:57+08:00 ]EXCEPTION: Method Home\Controller\CompanyController::idnex() does not exist
[ 2016-08-14T17:04:59+08:00 ]EXCEPTION: Method Home\Controller\CompanyController::idnex() does not exist
[ 2016-08-14T17:05:40+08:00 ]EXCEPTION: Method Home\Controller\CompanyController::idnex() does not exist
[ 2016-08-14T17:05:43+08:00 ]EXCEPTION: Method Home\Controller\CompanyController::idnex() does not exist
[ 2016-08-14T17:06:45+08:00 ]EXCEPTION: Method Home\Controller\IndexController::going() does not exist
[ 2016-08-14T17:08:25+08:00 ]EXCEPTION: Admin\Controller\CompanyController 不存在
[ 2016-08-14T21:20:18+08:00 ]EXCEPTION: Method Admin\Controller\VerifyController::() does not exist
[ 2016-08-14T21:20:24+08:00 ]EXCEPTION: Method Admin\Controller\VerifyController::() does not exist
[ 2016-08-14T21:20:25+08:00 ]EXCEPTION: Method Admin\Controller\VerifyController::notPass() does not exist
[ 2016-08-14T21:20:26+08:00 ]EXCEPTION: Method Admin\Controller\VerifyController::() does not exist
[ 2016-08-14T21:20:30+08:00 ]EXCEPTION: Method Admin\Controller\VerifyController::() does not exist
[ 2016-08-14T21:26:31+08:00 ]EXCEPTION: Method Admin\Controller\VerifyController::() does not exist
[ 2016-08-14T21:26:32+08:00 ]EXCEPTION: Method Admin\Controller\VerifyController::() does not exist
[ 2016-08-14T21:26:45+08:00 ]EXCEPTION: Method Admin\Controller\VerifyController::() does not exist
[ 2016-08-14T21:26:46+08:00 ]EXCEPTION: Method Admin\Controller\VerifyController::() does not exist
[ 2016-08-14T21:26:48+08:00 ]EXCEPTION: Method Admin\Controller\VerifyController::() does not exist
[ 2016-08-14T21:27:12+08:00 ]EXCEPTION: Method Admin\Controller\VerifyController::() does not exist
[ 2016-08-14T21:27:16+08:00 ]EXCEPTION: Method Admin\Controller\VerifyController::() does not exist
[ 2016-08-14T21:27:34+08:00 ]NOTICE: Undefined variable: dataD:\wamp\www\lg\Storage\view\compile\a739fc6273bc8144e2c13682f4824594.php (24).
[ 2016-08-14T21:27:34+08:00 ]NOTICE: Invalid argument supplied for foreach()D:\wamp\www\lg\Storage\view\compile\a739fc6273bc8144e2c13682f4824594.php (24).
[ 2016-08-14T21:27:37+08:00 ]NOTICE: Undefined variable: dataD:\wamp\www\lg\Storage\view\compile\910f7e2753bbbd39d59d0a669141c6a4.php (24).
[ 2016-08-14T21:27:37+08:00 ]NOTICE: Invalid argument supplied for foreach()D:\wamp\www\lg\Storage\view\compile\910f7e2753bbbd39d59d0a669141c6a4.php (24).
[ 2016-08-14T21:27:38+08:00 ]NOTICE: Undefined variable: dataD:\wamp\www\lg\Storage\view\compile\910f7e2753bbbd39d59d0a669141c6a4.php (24).
[ 2016-08-14T21:27:38+08:00 ]NOTICE: Invalid argument supplied for foreach()D:\wamp\www\lg\Storage\view\compile\910f7e2753bbbd39d59d0a669141c6a4.php (24).
[ 2016-08-14T21:27:39+08:00 ]NOTICE: Undefined variable: dataD:\wamp\www\lg\Storage\view\compile\a739fc6273bc8144e2c13682f4824594.php (24).
[ 2016-08-14T21:27:39+08:00 ]NOTICE: Invalid argument supplied for foreach()D:\wamp\www\lg\Storage\view\compile\a739fc6273bc8144e2c13682f4824594.php (24).
[ 2016-08-14T22:41:42+08:00 ]EXCEPTION: Admin\Controller\TagController 不存在
[ 2016-08-14T23:15:16+08:00 ]EXCEPTION: Admin\Controller\TagController 不存在
[ 2016-08-14T23:15:42+08:00 ]EXCEPTION: 模板不存在:App/Admin/View/Category/add.php
[ 2016-08-14T23:23:59+08:00 ]NOTICE: Undefined variable: cateDataD:\wamp\www\lg\Storage\view\compile\2967e5be34a51b59a227cf7ac9042af0.php (33).
[ 2016-08-14T23:23:59+08:00 ]NOTICE: Invalid argument supplied for foreach()D:\wamp\www\lg\Storage\view\compile\2967e5be34a51b59a227cf7ac9042af0.php (33).
[ 2016-08-14T23:23:59+08:00 ]NOTICE: Undefined variable: tagDataD:\wamp\www\lg\Storage\view\compile\2967e5be34a51b59a227cf7ac9042af0.php (47).
[ 2016-08-14T23:23:59+08:00 ]NOTICE: Invalid argument supplied for foreach()D:\wamp\www\lg\Storage\view\compile\2967e5be34a51b59a227cf7ac9042af0.php (47).
[ 2016-08-14T23:24:53+08:00 ]NOTICE: Undefined index: cpnameD:\wamp\www\lg\Storage\view\compile\ed8cc45153a4518cc23391e888d2bd69.php (22).
[ 2016-08-14T23:26:37+08:00 ]NOTICE: Undefined variable: cateD:\wamp\www\lg\Storage\view\compile\e3b252a99e7850208b2d162019408026.php (30).
[ 2016-08-14T23:26:37+08:00 ]NOTICE: Undefined variable: cateD:\wamp\www\lg\Storage\view\compile\e3b252a99e7850208b2d162019408026.php (30).
[ 2016-08-14T23:42:39+08:00 ]NOTICE: Undefined variable: cateDataD:\wamp\www\lg\Storage\view\compile\2967e5be34a51b59a227cf7ac9042af0.php (33).
[ 2016-08-14T23:42:39+08:00 ]NOTICE: Invalid argument supplied for foreach()D:\wamp\www\lg\Storage\view\compile\2967e5be34a51b59a227cf7ac9042af0.php (33).
[ 2016-08-14T23:42:39+08:00 ]NOTICE: Undefined variable: tagDataD:\wamp\www\lg\Storage\view\compile\2967e5be34a51b59a227cf7ac9042af0.php (47).
[ 2016-08-14T23:42:39+08:00 ]NOTICE: Invalid argument supplied for foreach()D:\wamp\www\lg\Storage\view\compile\2967e5be34a51b59a227cf7ac9042af0.php (47).
