[ 2016-08-18T08:40:39+08:00 ]NOTICE: Undefined index: countD:\wamp\www\lg\Storage\view\compile\286dfefc3a47450b91a200a6bcb80451.php (273).
[ 2016-08-18T09:00:02+08:00 ]NOTICE: Undefined variable: CategoryModelD:\wamp\www\lg\App\Home\Controller\JobController.php (27).
[ 2016-08-18T09:00:33+08:00 ]NOTICE: Undefined variable: CategoryModelD:\wamp\www\lg\App\Home\Controller\JobController.php (27).
[ 2016-08-18T09:03:24+08:00 ]NOTICE: Missing argument 1 for Hdphp\Db\Mysql::pluck()D:\wamp\www\lg\Hdphp\Db\Mysql.php (1055).
[ 2016-08-18T09:03:24+08:00 ]EXCEPTION: SELECT  *  FROM category WHERE cname=后端开发 LIMIT 1 ;BindParams:array (
)42S22;1054;Unknown column '后端开发' in 'where clause'
[ 2016-08-18T09:03:37+08:00 ]EXCEPTION: SELECT  *  FROM category WHERE cname=后端开发 LIMIT 1 ;BindParams:array (
)42S22;1054;Unknown column '后端开发' in 'where clause'
[ 2016-08-18T09:04:10+08:00 ]NOTICE: Argument 1 passed to Hdphp\Db\Mysql::get() must be of the type array, string givenD:\wamp\www\lg\Hdphp\Db\Mysql.php (1022).
[ 2016-08-18T09:04:10+08:00 ]NOTICE: implode(): Invalid arguments passedD:\wamp\www\lg\Hdphp\Db\Mysql.php (1027).
[ 2016-08-18T09:04:11+08:00 ]EXCEPTION: SELECT * FROM category WHERE cname=后端开发 ;BindParams:array (
)42S22;1054;Unknown column '后端开发' in 'where clause'
[ 2016-08-18T09:47:53+08:00 ]EXCEPTION: Home\Controller\ResumeController 不存在
[ 2016-08-18T09:47:56+08:00 ]EXCEPTION: Home\Controller\ResumeController 不存在
[ 2016-08-18T09:47:58+08:00 ]EXCEPTION: Home\Controller\ResumeController 不存在
[ 2016-08-18T09:48:05+08:00 ]EXCEPTION: Home\Controller\ResumeController 不存在
[ 2016-08-18T09:50:20+08:00 ]NOTICE: Undefined variable: cpidD:\wamp\www\lg\App\Home\Controller\JobController.php (20).
[ 2016-08-18T09:51:08+08:00 ]EXCEPTION: SELECT  *  FROM job WHERE cpid='18' ;BindParams:array (
)42S22;1054;Unknown column 'cpid' in 'where clause'
[ 2016-08-18T10:11:17+08:00 ]EXCEPTION: INSERT INTO job (`jname`,`department`,`nature`,`city`,`place`,`money`,`experience`,`education`,`tempt`,`category_cid`,`pubdate`,`company_cpid`)VALUES(?,?,?,?,?,?,?,?,?,?,?,?) ;BindParams:array (
  0 => ' 美术设计师（2D/3D）美工',
  1 => '美工',
  2 => '实习',
  3 => '美工美工',
  4 => '美工美工美工美工',
  5 => '2-4',
  6 => '1年',
  7 => '不限',
  8 => '美工美工',
  9 => NULL,
  10 => 1471486277,
  11 => '18',
)23000;1048;Column 'category_cid' cannot be null
[ 2016-08-18T10:51:01+08:00 ]EXCEPTION: Method Home\Controller\JobController::editJob() does not exist
[ 2016-08-18T10:51:04+08:00 ]EXCEPTION: Method Home\Controller\JobController::out() does not exist
[ 2016-08-18T10:51:07+08:00 ]EXCEPTION: Method Home\Controller\JobController::del() does not exist
[ 2016-08-18T11:13:40+08:00 ]NOTICE: Undefined variable: TopCategoryDataD:\wamp\www\lg\Storage\view\compile\785c829afb8f384a2c1ce4b297d0fba4.php (164).
[ 2016-08-18T11:13:40+08:00 ]NOTICE: Invalid argument supplied for foreach()D:\wamp\www\lg\Storage\view\compile\785c829afb8f384a2c1ce4b297d0fba4.php (164).
[ 2016-08-18T11:21:06+08:00 ]NOTICE: Undefined variable: CategoryModelD:\wamp\www\lg\App\Home\Controller\JobController.php (72).
[ 2016-08-18T11:21:20+08:00 ]NOTICE: Undefined variable: TopCategoryDataD:\wamp\www\lg\App\Home\Controller\JobController.php (50).
[ 2016-08-18T11:21:20+08:00 ]NOTICE: Invalid argument supplied for foreach()D:\wamp\www\lg\Storage\view\compile\aac9e96f75c5be718309244e4c645516.php (164).
[ 2016-08-18T11:22:07+08:00 ]NOTICE: Undefined variable: TopCategoryDataD:\wamp\www\lg\App\Home\Controller\JobController.php (50).
[ 2016-08-18T11:22:07+08:00 ]NOTICE: Invalid argument supplied for foreach()D:\wamp\www\lg\Storage\view\compile\aac9e96f75c5be718309244e4c645516.php (164).
[ 2016-08-18T11:22:13+08:00 ]NOTICE: Undefined variable: TopCategoryDataD:\wamp\www\lg\App\Home\Controller\JobController.php (50).
[ 2016-08-18T11:22:13+08:00 ]NOTICE: Invalid argument supplied for foreach()D:\wamp\www\lg\Storage\view\compile\aac9e96f75c5be718309244e4c645516.php (164).
[ 2016-08-18T11:22:14+08:00 ]NOTICE: Undefined variable: TopCategoryDataD:\wamp\www\lg\App\Home\Controller\JobController.php (50).
[ 2016-08-18T11:22:14+08:00 ]NOTICE: Invalid argument supplied for foreach()D:\wamp\www\lg\Storage\view\compile\aac9e96f75c5be718309244e4c645516.php (164).
[ 2016-08-18T11:23:20+08:00 ]NOTICE: Undefined variable: TopCategoryDataD:\wamp\www\lg\App\Home\Controller\JobController.php (50).
[ 2016-08-18T11:23:20+08:00 ]NOTICE: Invalid argument supplied for foreach()D:\wamp\www\lg\Storage\view\compile\aac9e96f75c5be718309244e4c645516.php (164).
[ 2016-08-18T11:37:42+08:00 ]NOTICE: Undefined variable: CategoryModelD:\wamp\www\lg\App\Home\Controller\JobController.php (36).
[ 2016-08-18T11:38:58+08:00 ]NOTICE: Undefined variable: TopCategoryDataD:\wamp\www\lg\Storage\view\compile\785c829afb8f384a2c1ce4b297d0fba4.php (164).
[ 2016-08-18T11:38:58+08:00 ]NOTICE: Invalid argument supplied for foreach()D:\wamp\www\lg\Storage\view\compile\785c829afb8f384a2c1ce4b297d0fba4.php (164).
[ 2016-08-18T11:39:26+08:00 ]NOTICE: Undefined variable: TopCategoryDataD:\wamp\www\lg\Storage\view\compile\785c829afb8f384a2c1ce4b297d0fba4.php (164).
[ 2016-08-18T11:39:26+08:00 ]NOTICE: Invalid argument supplied for foreach()D:\wamp\www\lg\Storage\view\compile\785c829afb8f384a2c1ce4b297d0fba4.php (164).
[ 2016-08-18T11:39:44+08:00 ]NOTICE: Undefined variable: TopCategoryDataD:\wamp\www\lg\Storage\view\compile\785c829afb8f384a2c1ce4b297d0fba4.php (164).
[ 2016-08-18T11:39:44+08:00 ]NOTICE: Invalid argument supplied for foreach()D:\wamp\www\lg\Storage\view\compile\785c829afb8f384a2c1ce4b297d0fba4.php (164).
[ 2016-08-18T11:41:31+08:00 ]NOTICE: Undefined variable: countJobsD:\wamp\www\lg\Storage\view\compile\785c829afb8f384a2c1ce4b297d0fba4.php (144).
[ 2016-08-18T11:41:31+08:00 ]NOTICE: Undefined variable: jobDataD:\wamp\www\lg\Storage\view\compile\785c829afb8f384a2c1ce4b297d0fba4.php (151).
[ 2016-08-18T11:41:31+08:00 ]NOTICE: Invalid argument supplied for foreach()D:\wamp\www\lg\Storage\view\compile\785c829afb8f384a2c1ce4b297d0fba4.php (151).
[ 2016-08-18T12:14:25+08:00 ]EXCEPTION: SELECT  *  FROM category WHERE category_cid=7 LIMIT 1 ;BindParams:array (
)42S22;1054;Unknown column 'category_cid' in 'where clause'
[ 2016-08-18T12:25:24+08:00 ]NOTICE: Undefined index: valueD:\wamp\www\lg\Hdphp\View\HdphpTag.php (154).
[ 2016-08-18T12:30:21+08:00 ]NOTICE: Undefined index: valueD:\wamp\www\lg\Hdphp\View\HdphpTag.php (154).
[ 2016-08-18T12:32:09+08:00 ]NOTICE: Undefined index: valueD:\wamp\www\lg\Hdphp\View\HdphpTag.php (154).
[ 2016-08-18T12:32:09+08:00 ]NOTICE: Undefined index: valueD:\wamp\www\lg\Hdphp\View\HdphpTag.php (154).
[ 2016-08-18T12:32:09+08:00 ]NOTICE: Undefined index: valueD:\wamp\www\lg\Hdphp\View\HdphpTag.php (154).
[ 2016-08-18T12:32:45+08:00 ]NOTICE: Undefined index: valueD:\wamp\www\lg\Hdphp\View\HdphpTag.php (154).
[ 2016-08-18T12:32:45+08:00 ]NOTICE: Undefined index: valueD:\wamp\www\lg\Hdphp\View\HdphpTag.php (154).
[ 2016-08-18T12:32:45+08:00 ]NOTICE: Undefined index: valueD:\wamp\www\lg\Hdphp\View\HdphpTag.php (154).
[ 2016-08-18T13:36:20+08:00 ]NOTICE: Undefined variable: oldJob_DataD:\wamp\www\lg\Storage\view\compile\785c829afb8f384a2c1ce4b297d0fba4.php (344).
[ 2016-08-18T13:39:34+08:00 ]NOTICE: Undefined variable: oldJob_DataD:\wamp\www\lg\App\Home\Controller\JobController.php (82).
[ 2016-08-18T13:44:49+08:00 ]NOTICE: Undefined variable: oldJob_DataD:\wamp\www\lg\App\Home\Controller\JobController.php (85).
[ 2016-08-18T13:45:21+08:00 ]NOTICE: Undefined variable: oldJob_DataD:\wamp\www\lg\App\Home\Controller\JobController.php (83).
[ 2016-08-18T13:53:25+08:00 ]NOTICE: Undefined variable: oldJob_DataD:\wamp\www\lg\App\Home\Controller\JobController.php (81).
[ 2016-08-18T13:57:36+08:00 ]NOTICE: Undefined variable: oldJob_DataD:\wamp\www\lg\App\Home\Controller\JobController.php (81).
[ 2016-08-18T14:01:40+08:00 ]NOTICE: Undefined variable: oldJob_DataD:\wamp\www\lg\App\Home\Controller\JobController.php (81).
[ 2016-08-18T14:02:46+08:00 ]NOTICE: Undefined variable: oldJob_DataD:\wamp\www\lg\Storage\view\compile\785c829afb8f384a2c1ce4b297d0fba4.php (385).
[ 2016-08-18T14:09:36+08:00 ]NOTICE: Undefined variable: oldJob_DataD:\wamp\www\lg\Storage\view\compile\785c829afb8f384a2c1ce4b297d0fba4.php (385).
[ 2016-08-18T14:09:46+08:00 ]NOTICE: Undefined variable: oldJob_DataD:\wamp\www\lg\Storage\view\compile\785c829afb8f384a2c1ce4b297d0fba4.php (385).
[ 2016-08-18T15:38:41+08:00 ]NOTICE: Undefined index: countD:\wamp\www\lg\Storage\view\compile\286dfefc3a47450b91a200a6bcb80451.php (273).
[ 2016-08-18T15:38:50+08:00 ]NOTICE: Undefined index: districtsD:\wamp\www\lg\Storage\view\compile\785c829afb8f384a2c1ce4b297d0fba4.php (246).
[ 2016-08-18T15:38:50+08:00 ]NOTICE: Undefined index: districtsD:\wamp\www\lg\Storage\view\compile\785c829afb8f384a2c1ce4b297d0fba4.php (246).
[ 2016-08-18T15:38:50+08:00 ]NOTICE: Undefined index: districtsD:\wamp\www\lg\Storage\view\compile\785c829afb8f384a2c1ce4b297d0fba4.php (246).
[ 2016-08-18T15:38:50+08:00 ]NOTICE: Undefined index: districtsD:\wamp\www\lg\Storage\view\compile\785c829afb8f384a2c1ce4b297d0fba4.php (246).
[ 2016-08-18T15:38:50+08:00 ]NOTICE: Undefined index: districtsD:\wamp\www\lg\Storage\view\compile\785c829afb8f384a2c1ce4b297d0fba4.php (246).
[ 2016-08-18T15:38:50+08:00 ]NOTICE: Undefined index: districtsD:\wamp\www\lg\Storage\view\compile\785c829afb8f384a2c1ce4b297d0fba4.php (246).
[ 2016-08-18T15:38:50+08:00 ]NOTICE: Undefined index: districtsD:\wamp\www\lg\Storage\view\compile\785c829afb8f384a2c1ce4b297d0fba4.php (246).
[ 2016-08-18T15:38:50+08:00 ]NOTICE: Undefined index: districtsD:\wamp\www\lg\Storage\view\compile\785c829afb8f384a2c1ce4b297d0fba4.php (246).
[ 2016-08-18T15:38:50+08:00 ]NOTICE: Undefined index: districtsD:\wamp\www\lg\Storage\view\compile\785c829afb8f384a2c1ce4b297d0fba4.php (246).
[ 2016-08-18T15:38:50+08:00 ]NOTICE: Undefined index: districtsD:\wamp\www\lg\Storage\view\compile\785c829afb8f384a2c1ce4b297d0fba4.php (246).
[ 2016-08-18T15:38:50+08:00 ]NOTICE: Undefined index: districtsD:\wamp\www\lg\Storage\view\compile\785c829afb8f384a2c1ce4b297d0fba4.php (246).
[ 2016-08-18T15:38:50+08:00 ]NOTICE: Undefined index: districtsD:\wamp\www\lg\Storage\view\compile\785c829afb8f384a2c1ce4b297d0fba4.php (246).
[ 2016-08-18T15:38:50+08:00 ]NOTICE: Undefined index: districtsD:\wamp\www\lg\Storage\view\compile\785c829afb8f384a2c1ce4b297d0fba4.php (246).
[ 2016-08-18T15:38:50+08:00 ]NOTICE: Undefined index: districtsD:\wamp\www\lg\Storage\view\compile\785c829afb8f384a2c1ce4b297d0fba4.php (246).
[ 2016-08-18T15:38:50+08:00 ]NOTICE: Undefined index: districtsD:\wamp\www\lg\Storage\view\compile\785c829afb8f384a2c1ce4b297d0fba4.php (246).
[ 2016-08-18T15:38:50+08:00 ]NOTICE: Undefined index: districtsD:\wamp\www\lg\Storage\view\compile\785c829afb8f384a2c1ce4b297d0fba4.php (246).
[ 2016-08-18T15:38:50+08:00 ]NOTICE: Undefined index: districtsD:\wamp\www\lg\Storage\view\compile\785c829afb8f384a2c1ce4b297d0fba4.php (246).
[ 2016-08-18T15:38:50+08:00 ]NOTICE: Undefined index: districtsD:\wamp\www\lg\Storage\view\compile\785c829afb8f384a2c1ce4b297d0fba4.php (246).
[ 2016-08-18T15:38:50+08:00 ]NOTICE: Undefined index: districtsD:\wamp\www\lg\Storage\view\compile\785c829afb8f384a2c1ce4b297d0fba4.php (246).
[ 2016-08-18T15:38:50+08:00 ]NOTICE: Undefined index: districtsD:\wamp\www\lg\Storage\view\compile\785c829afb8f384a2c1ce4b297d0fba4.php (246).
[ 2016-08-18T15:38:50+08:00 ]NOTICE: Undefined index: districtsD:\wamp\www\lg\Storage\view\compile\785c829afb8f384a2c1ce4b297d0fba4.php (246).
[ 2016-08-18T15:38:50+08:00 ]NOTICE: Undefined index: districtsD:\wamp\www\lg\Storage\view\compile\785c829afb8f384a2c1ce4b297d0fba4.php (246).
[ 2016-08-18T15:38:50+08:00 ]NOTICE: Undefined index: districtsD:\wamp\www\lg\Storage\view\compile\785c829afb8f384a2c1ce4b297d0fba4.php (246).
[ 2016-08-18T15:38:50+08:00 ]NOTICE: Undefined index: districtsD:\wamp\www\lg\Storage\view\compile\785c829afb8f384a2c1ce4b297d0fba4.php (246).
[ 2016-08-18T15:38:50+08:00 ]NOTICE: Use of undefined constant TopDistrictData - assumed 'TopDistrictData'D:\wamp\www\lg\Storage\view\compile\785c829afb8f384a2c1ce4b297d0fba4.php (272).
[ 2016-08-18T15:38:50+08:00 ]NOTICE: Invalid argument supplied for foreach()D:\wamp\www\lg\Storage\view\compile\785c829afb8f384a2c1ce4b297d0fba4.php (272).
[ 2016-08-18T15:38:50+08:00 ]NOTICE: Undefined variable: oldJob_DataD:\wamp\www\lg\Storage\view\compile\785c829afb8f384a2c1ce4b297d0fba4.php (397).
[ 2016-08-18T15:40:26+08:00 ]NOTICE: Undefined index: districtsD:\wamp\www\lg\Storage\view\compile\785c829afb8f384a2c1ce4b297d0fba4.php (246).
[ 2016-08-18T15:40:26+08:00 ]NOTICE: Undefined index: districtsD:\wamp\www\lg\Storage\view\compile\785c829afb8f384a2c1ce4b297d0fba4.php (246).
[ 2016-08-18T15:40:26+08:00 ]NOTICE: Undefined index: districtsD:\wamp\www\lg\Storage\view\compile\785c829afb8f384a2c1ce4b297d0fba4.php (246).
[ 2016-08-18T15:40:26+08:00 ]NOTICE: Undefined index: districtsD:\wamp\www\lg\Storage\view\compile\785c829afb8f384a2c1ce4b297d0fba4.php (246).
[ 2016-08-18T15:40:26+08:00 ]NOTICE: Undefined index: districtsD:\wamp\www\lg\Storage\view\compile\785c829afb8f384a2c1ce4b297d0fba4.php (246).
[ 2016-08-18T15:40:26+08:00 ]NOTICE: Undefined index: districtsD:\wamp\www\lg\Storage\view\compile\785c829afb8f384a2c1ce4b297d0fba4.php (246).
[ 2016-08-18T15:40:26+08:00 ]NOTICE: Undefined index: districtsD:\wamp\www\lg\Storage\view\compile\785c829afb8f384a2c1ce4b297d0fba4.php (246).
[ 2016-08-18T15:40:26+08:00 ]NOTICE: Undefined index: districtsD:\wamp\www\lg\Storage\view\compile\785c829afb8f384a2c1ce4b297d0fba4.php (246).
[ 2016-08-18T15:40:26+08:00 ]NOTICE: Undefined index: districtsD:\wamp\www\lg\Storage\view\compile\785c829afb8f384a2c1ce4b297d0fba4.php (246).
[ 2016-08-18T15:40:26+08:00 ]NOTICE: Undefined index: districtsD:\wamp\www\lg\Storage\view\compile\785c829afb8f384a2c1ce4b297d0fba4.php (246).
[ 2016-08-18T15:40:26+08:00 ]NOTICE: Undefined index: districtsD:\wamp\www\lg\Storage\view\compile\785c829afb8f384a2c1ce4b297d0fba4.php (246).
[ 2016-08-18T15:40:26+08:00 ]NOTICE: Undefined index: districtsD:\wamp\www\lg\Storage\view\compile\785c829afb8f384a2c1ce4b297d0fba4.php (246).
[ 2016-08-18T15:40:26+08:00 ]NOTICE: Undefined index: districtsD:\wamp\www\lg\Storage\view\compile\785c829afb8f384a2c1ce4b297d0fba4.php (246).
[ 2016-08-18T15:40:26+08:00 ]NOTICE: Undefined index: districtsD:\wamp\www\lg\Storage\view\compile\785c829afb8f384a2c1ce4b297d0fba4.php (246).
[ 2016-08-18T15:40:26+08:00 ]NOTICE: Undefined index: districtsD:\wamp\www\lg\Storage\view\compile\785c829afb8f384a2c1ce4b297d0fba4.php (246).
[ 2016-08-18T15:40:26+08:00 ]NOTICE: Undefined index: districtsD:\wamp\www\lg\Storage\view\compile\785c829afb8f384a2c1ce4b297d0fba4.php (246).
[ 2016-08-18T15:40:26+08:00 ]NOTICE: Undefined index: districtsD:\wamp\www\lg\Storage\view\compile\785c829afb8f384a2c1ce4b297d0fba4.php (246).
[ 2016-08-18T15:40:26+08:00 ]NOTICE: Undefined index: districtsD:\wamp\www\lg\Storage\view\compile\785c829afb8f384a2c1ce4b297d0fba4.php (246).
[ 2016-08-18T15:40:26+08:00 ]NOTICE: Undefined index: districtsD:\wamp\www\lg\Storage\view\compile\785c829afb8f384a2c1ce4b297d0fba4.php (246).
[ 2016-08-18T15:40:26+08:00 ]NOTICE: Undefined index: districtsD:\wamp\www\lg\Storage\view\compile\785c829afb8f384a2c1ce4b297d0fba4.php (246).
[ 2016-08-18T15:40:26+08:00 ]NOTICE: Undefined index: districtsD:\wamp\www\lg\Storage\view\compile\785c829afb8f384a2c1ce4b297d0fba4.php (246).
[ 2016-08-18T15:40:26+08:00 ]NOTICE: Undefined index: districtsD:\wamp\www\lg\Storage\view\compile\785c829afb8f384a2c1ce4b297d0fba4.php (246).
[ 2016-08-18T15:40:26+08:00 ]NOTICE: Undefined index: districtsD:\wamp\www\lg\Storage\view\compile\785c829afb8f384a2c1ce4b297d0fba4.php (246).
[ 2016-08-18T15:40:26+08:00 ]NOTICE: Undefined index: districtsD:\wamp\www\lg\Storage\view\compile\785c829afb8f384a2c1ce4b297d0fba4.php (246).
[ 2016-08-18T15:40:26+08:00 ]NOTICE: Undefined variable: oldJob_DataD:\wamp\www\lg\Storage\view\compile\785c829afb8f384a2c1ce4b297d0fba4.php (356).
[ 2016-08-18T15:40:46+08:00 ]NOTICE: Undefined index: districtsD:\wamp\www\lg\Storage\view\compile\785c829afb8f384a2c1ce4b297d0fba4.php (246).
[ 2016-08-18T15:40:46+08:00 ]NOTICE: Undefined index: districtsD:\wamp\www\lg\Storage\view\compile\785c829afb8f384a2c1ce4b297d0fba4.php (246).
[ 2016-08-18T15:40:46+08:00 ]NOTICE: Undefined index: districtsD:\wamp\www\lg\Storage\view\compile\785c829afb8f384a2c1ce4b297d0fba4.php (246).
[ 2016-08-18T15:40:46+08:00 ]NOTICE: Undefined index: districtsD:\wamp\www\lg\Storage\view\compile\785c829afb8f384a2c1ce4b297d0fba4.php (246).
[ 2016-08-18T15:40:46+08:00 ]NOTICE: Undefined index: districtsD:\wamp\www\lg\Storage\view\compile\785c829afb8f384a2c1ce4b297d0fba4.php (246).
[ 2016-08-18T15:40:46+08:00 ]NOTICE: Undefined index: districtsD:\wamp\www\lg\Storage\view\compile\785c829afb8f384a2c1ce4b297d0fba4.php (246).
[ 2016-08-18T15:40:46+08:00 ]NOTICE: Undefined index: districtsD:\wamp\www\lg\Storage\view\compile\785c829afb8f384a2c1ce4b297d0fba4.php (246).
[ 2016-08-18T15:40:46+08:00 ]NOTICE: Undefined index: districtsD:\wamp\www\lg\Storage\view\compile\785c829afb8f384a2c1ce4b297d0fba4.php (246).
[ 2016-08-18T15:40:46+08:00 ]NOTICE: Undefined index: districtsD:\wamp\www\lg\Storage\view\compile\785c829afb8f384a2c1ce4b297d0fba4.php (246).
[ 2016-08-18T15:40:46+08:00 ]NOTICE: Undefined index: districtsD:\wamp\www\lg\Storage\view\compile\785c829afb8f384a2c1ce4b297d0fba4.php (246).
[ 2016-08-18T15:40:46+08:00 ]NOTICE: Undefined index: districtsD:\wamp\www\lg\Storage\view\compile\785c829afb8f384a2c1ce4b297d0fba4.php (246).
[ 2016-08-18T15:40:46+08:00 ]NOTICE: Undefined index: districtsD:\wamp\www\lg\Storage\view\compile\785c829afb8f384a2c1ce4b297d0fba4.php (246).
[ 2016-08-18T15:40:46+08:00 ]NOTICE: Undefined index: districtsD:\wamp\www\lg\Storage\view\compile\785c829afb8f384a2c1ce4b297d0fba4.php (246).
[ 2016-08-18T15:40:46+08:00 ]NOTICE: Undefined index: districtsD:\wamp\www\lg\Storage\view\compile\785c829afb8f384a2c1ce4b297d0fba4.php (246).
[ 2016-08-18T15:40:46+08:00 ]NOTICE: Undefined index: districtsD:\wamp\www\lg\Storage\view\compile\785c829afb8f384a2c1ce4b297d0fba4.php (246).
[ 2016-08-18T15:40:46+08:00 ]NOTICE: Undefined index: districtsD:\wamp\www\lg\Storage\view\compile\785c829afb8f384a2c1ce4b297d0fba4.php (246).
[ 2016-08-18T15:40:46+08:00 ]NOTICE: Undefined index: districtsD:\wamp\www\lg\Storage\view\compile\785c829afb8f384a2c1ce4b297d0fba4.php (246).
[ 2016-08-18T15:40:46+08:00 ]NOTICE: Undefined index: districtsD:\wamp\www\lg\Storage\view\compile\785c829afb8f384a2c1ce4b297d0fba4.php (246).
[ 2016-08-18T15:40:46+08:00 ]NOTICE: Undefined index: districtsD:\wamp\www\lg\Storage\view\compile\785c829afb8f384a2c1ce4b297d0fba4.php (246).
[ 2016-08-18T15:40:46+08:00 ]NOTICE: Undefined index: districtsD:\wamp\www\lg\Storage\view\compile\785c829afb8f384a2c1ce4b297d0fba4.php (246).
[ 2016-08-18T15:40:46+08:00 ]NOTICE: Undefined index: districtsD:\wamp\www\lg\Storage\view\compile\785c829afb8f384a2c1ce4b297d0fba4.php (246).
[ 2016-08-18T15:40:46+08:00 ]NOTICE: Undefined index: districtsD:\wamp\www\lg\Storage\view\compile\785c829afb8f384a2c1ce4b297d0fba4.php (246).
[ 2016-08-18T15:40:46+08:00 ]NOTICE: Undefined index: districtsD:\wamp\www\lg\Storage\view\compile\785c829afb8f384a2c1ce4b297d0fba4.php (246).
[ 2016-08-18T15:40:46+08:00 ]NOTICE: Undefined index: districtsD:\wamp\www\lg\Storage\view\compile\785c829afb8f384a2c1ce4b297d0fba4.php (246).
[ 2016-08-18T15:40:46+08:00 ]NOTICE: Use of undefined constant TopDistrictData - assumed 'TopDistrictData'D:\wamp\www\lg\Storage\view\compile\785c829afb8f384a2c1ce4b297d0fba4.php (272).
[ 2016-08-18T15:40:46+08:00 ]NOTICE: Invalid argument supplied for foreach()D:\wamp\www\lg\Storage\view\compile\785c829afb8f384a2c1ce4b297d0fba4.php (272).
[ 2016-08-18T15:40:46+08:00 ]NOTICE: Undefined variable: oldJob_DataD:\wamp\www\lg\Storage\view\compile\785c829afb8f384a2c1ce4b297d0fba4.php (397).
[ 2016-08-18T15:41:12+08:00 ]NOTICE: Undefined index: districtsD:\wamp\www\lg\Storage\view\compile\785c829afb8f384a2c1ce4b297d0fba4.php (246).
[ 2016-08-18T15:41:12+08:00 ]NOTICE: Undefined index: districtsD:\wamp\www\lg\Storage\view\compile\785c829afb8f384a2c1ce4b297d0fba4.php (246).
[ 2016-08-18T15:41:12+08:00 ]NOTICE: Undefined index: districtsD:\wamp\www\lg\Storage\view\compile\785c829afb8f384a2c1ce4b297d0fba4.php (246).
[ 2016-08-18T15:41:12+08:00 ]NOTICE: Undefined index: districtsD:\wamp\www\lg\Storage\view\compile\785c829afb8f384a2c1ce4b297d0fba4.php (246).
[ 2016-08-18T15:41:12+08:00 ]NOTICE: Undefined index: districtsD:\wamp\www\lg\Storage\view\compile\785c829afb8f384a2c1ce4b297d0fba4.php (246).
[ 2016-08-18T15:41:12+08:00 ]NOTICE: Undefined index: districtsD:\wamp\www\lg\Storage\view\compile\785c829afb8f384a2c1ce4b297d0fba4.php (246).
[ 2016-08-18T15:41:12+08:00 ]NOTICE: Undefined index: districtsD:\wamp\www\lg\Storage\view\compile\785c829afb8f384a2c1ce4b297d0fba4.php (246).
[ 2016-08-18T15:41:12+08:00 ]NOTICE: Undefined index: districtsD:\wamp\www\lg\Storage\view\compile\785c829afb8f384a2c1ce4b297d0fba4.php (246).
[ 2016-08-18T15:41:12+08:00 ]NOTICE: Undefined index: districtsD:\wamp\www\lg\Storage\view\compile\785c829afb8f384a2c1ce4b297d0fba4.php (246).
[ 2016-08-18T15:41:12+08:00 ]NOTICE: Undefined index: districtsD:\wamp\www\lg\Storage\view\compile\785c829afb8f384a2c1ce4b297d0fba4.php (246).
[ 2016-08-18T15:41:12+08:00 ]NOTICE: Undefined index: districtsD:\wamp\www\lg\Storage\view\compile\785c829afb8f384a2c1ce4b297d0fba4.php (246).
[ 2016-08-18T15:41:12+08:00 ]NOTICE: Undefined index: districtsD:\wamp\www\lg\Storage\view\compile\785c829afb8f384a2c1ce4b297d0fba4.php (246).
[ 2016-08-18T15:41:12+08:00 ]NOTICE: Undefined index: districtsD:\wamp\www\lg\Storage\view\compile\785c829afb8f384a2c1ce4b297d0fba4.php (246).
[ 2016-08-18T15:41:12+08:00 ]NOTICE: Undefined index: districtsD:\wamp\www\lg\Storage\view\compile\785c829afb8f384a2c1ce4b297d0fba4.php (246).
[ 2016-08-18T15:41:12+08:00 ]NOTICE: Undefined index: districtsD:\wamp\www\lg\Storage\view\compile\785c829afb8f384a2c1ce4b297d0fba4.php (246).
[ 2016-08-18T15:41:12+08:00 ]NOTICE: Undefined index: districtsD:\wamp\www\lg\Storage\view\compile\785c829afb8f384a2c1ce4b297d0fba4.php (246).
[ 2016-08-18T15:41:12+08:00 ]NOTICE: Undefined index: districtsD:\wamp\www\lg\Storage\view\compile\785c829afb8f384a2c1ce4b297d0fba4.php (246).
[ 2016-08-18T15:41:12+08:00 ]NOTICE: Undefined index: districtsD:\wamp\www\lg\Storage\view\compile\785c829afb8f384a2c1ce4b297d0fba4.php (246).
[ 2016-08-18T15:41:12+08:00 ]NOTICE: Undefined index: districtsD:\wamp\www\lg\Storage\view\compile\785c829afb8f384a2c1ce4b297d0fba4.php (246).
[ 2016-08-18T15:41:12+08:00 ]NOTICE: Undefined index: districtsD:\wamp\www\lg\Storage\view\compile\785c829afb8f384a2c1ce4b297d0fba4.php (246).
[ 2016-08-18T15:41:12+08:00 ]NOTICE: Undefined index: districtsD:\wamp\www\lg\Storage\view\compile\785c829afb8f384a2c1ce4b297d0fba4.php (246).
[ 2016-08-18T15:41:12+08:00 ]NOTICE: Undefined index: districtsD:\wamp\www\lg\Storage\view\compile\785c829afb8f384a2c1ce4b297d0fba4.php (246).
[ 2016-08-18T15:41:12+08:00 ]NOTICE: Undefined index: districtsD:\wamp\www\lg\Storage\view\compile\785c829afb8f384a2c1ce4b297d0fba4.php (246).
[ 2016-08-18T15:41:12+08:00 ]NOTICE: Undefined index: districtsD:\wamp\www\lg\Storage\view\compile\785c829afb8f384a2c1ce4b297d0fba4.php (246).
[ 2016-08-18T15:41:12+08:00 ]NOTICE: Use of undefined constant TopDistrictData - assumed 'TopDistrictData'D:\wamp\www\lg\Storage\view\compile\785c829afb8f384a2c1ce4b297d0fba4.php (272).
[ 2016-08-18T15:41:12+08:00 ]NOTICE: Invalid argument supplied for foreach()D:\wamp\www\lg\Storage\view\compile\785c829afb8f384a2c1ce4b297d0fba4.php (272).
[ 2016-08-18T15:41:12+08:00 ]NOTICE: Undefined variable: oldJob_DataD:\wamp\www\lg\Storage\view\compile\785c829afb8f384a2c1ce4b297d0fba4.php (397).
[ 2016-08-18T15:42:49+08:00 ]NOTICE: Undefined index: districtsD:\wamp\www\lg\Storage\view\compile\785c829afb8f384a2c1ce4b297d0fba4.php (246).
[ 2016-08-18T15:42:49+08:00 ]NOTICE: Undefined index: districtsD:\wamp\www\lg\Storage\view\compile\785c829afb8f384a2c1ce4b297d0fba4.php (246).
[ 2016-08-18T15:42:49+08:00 ]NOTICE: Undefined index: districtsD:\wamp\www\lg\Storage\view\compile\785c829afb8f384a2c1ce4b297d0fba4.php (246).
[ 2016-08-18T15:42:49+08:00 ]NOTICE: Undefined index: districtsD:\wamp\www\lg\Storage\view\compile\785c829afb8f384a2c1ce4b297d0fba4.php (246).
[ 2016-08-18T15:42:49+08:00 ]NOTICE: Undefined index: districtsD:\wamp\www\lg\Storage\view\compile\785c829afb8f384a2c1ce4b297d0fba4.php (246).
[ 2016-08-18T15:42:49+08:00 ]NOTICE: Undefined index: districtsD:\wamp\www\lg\Storage\view\compile\785c829afb8f384a2c1ce4b297d0fba4.php (246).
[ 2016-08-18T15:42:49+08:00 ]NOTICE: Undefined index: districtsD:\wamp\www\lg\Storage\view\compile\785c829afb8f384a2c1ce4b297d0fba4.php (246).
[ 2016-08-18T15:42:49+08:00 ]NOTICE: Undefined index: districtsD:\wamp\www\lg\Storage\view\compile\785c829afb8f384a2c1ce4b297d0fba4.php (246).
[ 2016-08-18T15:42:49+08:00 ]NOTICE: Undefined index: districtsD:\wamp\www\lg\Storage\view\compile\785c829afb8f384a2c1ce4b297d0fba4.php (246).
[ 2016-08-18T15:42:49+08:00 ]NOTICE: Undefined index: districtsD:\wamp\www\lg\Storage\view\compile\785c829afb8f384a2c1ce4b297d0fba4.php (246).
[ 2016-08-18T15:42:49+08:00 ]NOTICE: Undefined index: districtsD:\wamp\www\lg\Storage\view\compile\785c829afb8f384a2c1ce4b297d0fba4.php (246).
[ 2016-08-18T15:42:49+08:00 ]NOTICE: Undefined index: districtsD:\wamp\www\lg\Storage\view\compile\785c829afb8f384a2c1ce4b297d0fba4.php (246).
[ 2016-08-18T15:42:49+08:00 ]NOTICE: Undefined index: districtsD:\wamp\www\lg\Storage\view\compile\785c829afb8f384a2c1ce4b297d0fba4.php (246).
[ 2016-08-18T15:42:49+08:00 ]NOTICE: Undefined index: districtsD:\wamp\www\lg\Storage\view\compile\785c829afb8f384a2c1ce4b297d0fba4.php (246).
[ 2016-08-18T15:42:49+08:00 ]NOTICE: Undefined index: districtsD:\wamp\www\lg\Storage\view\compile\785c829afb8f384a2c1ce4b297d0fba4.php (246).
[ 2016-08-18T15:42:49+08:00 ]NOTICE: Undefined index: districtsD:\wamp\www\lg\Storage\view\compile\785c829afb8f384a2c1ce4b297d0fba4.php (246).
[ 2016-08-18T15:42:49+08:00 ]NOTICE: Undefined index: districtsD:\wamp\www\lg\Storage\view\compile\785c829afb8f384a2c1ce4b297d0fba4.php (246).
[ 2016-08-18T15:42:49+08:00 ]NOTICE: Undefined index: districtsD:\wamp\www\lg\Storage\view\compile\785c829afb8f384a2c1ce4b297d0fba4.php (246).
[ 2016-08-18T15:42:49+08:00 ]NOTICE: Undefined index: districtsD:\wamp\www\lg\Storage\view\compile\785c829afb8f384a2c1ce4b297d0fba4.php (246).
[ 2016-08-18T15:42:49+08:00 ]NOTICE: Undefined index: districtsD:\wamp\www\lg\Storage\view\compile\785c829afb8f384a2c1ce4b297d0fba4.php (246).
[ 2016-08-18T15:42:49+08:00 ]NOTICE: Undefined index: districtsD:\wamp\www\lg\Storage\view\compile\785c829afb8f384a2c1ce4b297d0fba4.php (246).
[ 2016-08-18T15:42:49+08:00 ]NOTICE: Undefined index: districtsD:\wamp\www\lg\Storage\view\compile\785c829afb8f384a2c1ce4b297d0fba4.php (246).
[ 2016-08-18T15:42:49+08:00 ]NOTICE: Undefined index: districtsD:\wamp\www\lg\Storage\view\compile\785c829afb8f384a2c1ce4b297d0fba4.php (246).
[ 2016-08-18T15:42:49+08:00 ]NOTICE: Undefined index: districtsD:\wamp\www\lg\Storage\view\compile\785c829afb8f384a2c1ce4b297d0fba4.php (246).
[ 2016-08-18T15:42:49+08:00 ]NOTICE: Undefined variable: oldJob_DataD:\wamp\www\lg\Storage\view\compile\785c829afb8f384a2c1ce4b297d0fba4.php (351).
[ 2016-08-18T15:43:12+08:00 ]NOTICE: Undefined index: districtsD:\wamp\www\lg\Storage\view\compile\785c829afb8f384a2c1ce4b297d0fba4.php (246).
[ 2016-08-18T15:43:12+08:00 ]NOTICE: Undefined index: districtsD:\wamp\www\lg\Storage\view\compile\785c829afb8f384a2c1ce4b297d0fba4.php (246).
[ 2016-08-18T15:43:12+08:00 ]NOTICE: Undefined index: districtsD:\wamp\www\lg\Storage\view\compile\785c829afb8f384a2c1ce4b297d0fba4.php (246).
[ 2016-08-18T15:43:12+08:00 ]NOTICE: Undefined index: districtsD:\wamp\www\lg\Storage\view\compile\785c829afb8f384a2c1ce4b297d0fba4.php (246).
[ 2016-08-18T15:43:12+08:00 ]NOTICE: Undefined index: districtsD:\wamp\www\lg\Storage\view\compile\785c829afb8f384a2c1ce4b297d0fba4.php (246).
[ 2016-08-18T15:43:12+08:00 ]NOTICE: Undefined index: districtsD:\wamp\www\lg\Storage\view\compile\785c829afb8f384a2c1ce4b297d0fba4.php (246).
[ 2016-08-18T15:43:12+08:00 ]NOTICE: Undefined index: districtsD:\wamp\www\lg\Storage\view\compile\785c829afb8f384a2c1ce4b297d0fba4.php (246).
[ 2016-08-18T15:43:12+08:00 ]NOTICE: Undefined index: districtsD:\wamp\www\lg\Storage\view\compile\785c829afb8f384a2c1ce4b297d0fba4.php (246).
[ 2016-08-18T15:43:12+08:00 ]NOTICE: Undefined index: districtsD:\wamp\www\lg\Storage\view\compile\785c829afb8f384a2c1ce4b297d0fba4.php (246).
[ 2016-08-18T15:43:12+08:00 ]NOTICE: Undefined index: districtsD:\wamp\www\lg\Storage\view\compile\785c829afb8f384a2c1ce4b297d0fba4.php (246).
[ 2016-08-18T15:43:12+08:00 ]NOTICE: Undefined index: districtsD:\wamp\www\lg\Storage\view\compile\785c829afb8f384a2c1ce4b297d0fba4.php (246).
[ 2016-08-18T15:43:12+08:00 ]NOTICE: Undefined index: districtsD:\wamp\www\lg\Storage\view\compile\785c829afb8f384a2c1ce4b297d0fba4.php (246).
[ 2016-08-18T15:43:12+08:00 ]NOTICE: Undefined index: districtsD:\wamp\www\lg\Storage\view\compile\785c829afb8f384a2c1ce4b297d0fba4.php (246).
[ 2016-08-18T15:43:12+08:00 ]NOTICE: Undefined index: districtsD:\wamp\www\lg\Storage\view\compile\785c829afb8f384a2c1ce4b297d0fba4.php (246).
[ 2016-08-18T15:43:12+08:00 ]NOTICE: Undefined index: districtsD:\wamp\www\lg\Storage\view\compile\785c829afb8f384a2c1ce4b297d0fba4.php (246).
[ 2016-08-18T15:43:12+08:00 ]NOTICE: Undefined index: districtsD:\wamp\www\lg\Storage\view\compile\785c829afb8f384a2c1ce4b297d0fba4.php (246).
[ 2016-08-18T15:43:12+08:00 ]NOTICE: Undefined index: districtsD:\wamp\www\lg\Storage\view\compile\785c829afb8f384a2c1ce4b297d0fba4.php (246).
[ 2016-08-18T15:43:12+08:00 ]NOTICE: Undefined index: districtsD:\wamp\www\lg\Storage\view\compile\785c829afb8f384a2c1ce4b297d0fba4.php (246).
[ 2016-08-18T15:43:12+08:00 ]NOTICE: Undefined index: districtsD:\wamp\www\lg\Storage\view\compile\785c829afb8f384a2c1ce4b297d0fba4.php (246).
[ 2016-08-18T15:43:12+08:00 ]NOTICE: Undefined index: districtsD:\wamp\www\lg\Storage\view\compile\785c829afb8f384a2c1ce4b297d0fba4.php (246).
[ 2016-08-18T15:43:12+08:00 ]NOTICE: Undefined index: districtsD:\wamp\www\lg\Storage\view\compile\785c829afb8f384a2c1ce4b297d0fba4.php (246).
[ 2016-08-18T15:43:12+08:00 ]NOTICE: Undefined index: districtsD:\wamp\www\lg\Storage\view\compile\785c829afb8f384a2c1ce4b297d0fba4.php (246).
[ 2016-08-18T15:43:12+08:00 ]NOTICE: Undefined index: districtsD:\wamp\www\lg\Storage\view\compile\785c829afb8f384a2c1ce4b297d0fba4.php (246).
[ 2016-08-18T15:43:12+08:00 ]NOTICE: Undefined index: districtsD:\wamp\www\lg\Storage\view\compile\785c829afb8f384a2c1ce4b297d0fba4.php (246).
[ 2016-08-18T15:47:05+08:00 ]NOTICE: Undefined index: countD:\wamp\www\lg\Storage\view\compile\286dfefc3a47450b91a200a6bcb80451.php (273).
[ 2016-08-18T15:47:52+08:00 ]NOTICE: Undefined variable: TopDistrictDataD:\wamp\www\lg\App\Home\Controller\JobController.php (79).
[ 2016-08-18T15:47:52+08:00 ]NOTICE: Undefined index: districtsD:\wamp\www\lg\Storage\view\compile\785c829afb8f384a2c1ce4b297d0fba4.php (250).
[ 2016-08-18T15:47:52+08:00 ]NOTICE: Undefined index: districtsD:\wamp\www\lg\Storage\view\compile\785c829afb8f384a2c1ce4b297d0fba4.php (250).
[ 2016-08-18T15:47:52+08:00 ]NOTICE: Undefined index: districtsD:\wamp\www\lg\Storage\view\compile\785c829afb8f384a2c1ce4b297d0fba4.php (250).
[ 2016-08-18T15:47:52+08:00 ]NOTICE: Undefined index: districtsD:\wamp\www\lg\Storage\view\compile\785c829afb8f384a2c1ce4b297d0fba4.php (250).
[ 2016-08-18T15:47:52+08:00 ]NOTICE: Undefined index: districtsD:\wamp\www\lg\Storage\view\compile\785c829afb8f384a2c1ce4b297d0fba4.php (250).
[ 2016-08-18T15:47:52+08:00 ]NOTICE: Undefined index: districtsD:\wamp\www\lg\Storage\view\compile\785c829afb8f384a2c1ce4b297d0fba4.php (250).
[ 2016-08-18T15:47:52+08:00 ]NOTICE: Undefined index: districtsD:\wamp\www\lg\Storage\view\compile\785c829afb8f384a2c1ce4b297d0fba4.php (250).
[ 2016-08-18T15:47:52+08:00 ]NOTICE: Undefined index: districtsD:\wamp\www\lg\Storage\view\compile\785c829afb8f384a2c1ce4b297d0fba4.php (250).
[ 2016-08-18T15:47:52+08:00 ]NOTICE: Undefined index: districtsD:\wamp\www\lg\Storage\view\compile\785c829afb8f384a2c1ce4b297d0fba4.php (250).
[ 2016-08-18T15:47:52+08:00 ]NOTICE: Undefined index: districtsD:\wamp\www\lg\Storage\view\compile\785c829afb8f384a2c1ce4b297d0fba4.php (250).
[ 2016-08-18T15:47:52+08:00 ]NOTICE: Undefined index: districtsD:\wamp\www\lg\Storage\view\compile\785c829afb8f384a2c1ce4b297d0fba4.php (250).
[ 2016-08-18T15:47:52+08:00 ]NOTICE: Undefined index: districtsD:\wamp\www\lg\Storage\view\compile\785c829afb8f384a2c1ce4b297d0fba4.php (250).
[ 2016-08-18T15:47:52+08:00 ]NOTICE: Undefined index: districtsD:\wamp\www\lg\Storage\view\compile\785c829afb8f384a2c1ce4b297d0fba4.php (250).
[ 2016-08-18T15:47:52+08:00 ]NOTICE: Undefined index: districtsD:\wamp\www\lg\Storage\view\compile\785c829afb8f384a2c1ce4b297d0fba4.php (250).
[ 2016-08-18T15:47:52+08:00 ]NOTICE: Undefined index: districtsD:\wamp\www\lg\Storage\view\compile\785c829afb8f384a2c1ce4b297d0fba4.php (250).
[ 2016-08-18T15:47:52+08:00 ]NOTICE: Undefined index: districtsD:\wamp\www\lg\Storage\view\compile\785c829afb8f384a2c1ce4b297d0fba4.php (250).
[ 2016-08-18T15:47:52+08:00 ]NOTICE: Undefined index: districtsD:\wamp\www\lg\Storage\view\compile\785c829afb8f384a2c1ce4b297d0fba4.php (250).
[ 2016-08-18T15:47:52+08:00 ]NOTICE: Undefined index: districtsD:\wamp\www\lg\Storage\view\compile\785c829afb8f384a2c1ce4b297d0fba4.php (250).
[ 2016-08-18T15:47:52+08:00 ]NOTICE: Undefined index: districtsD:\wamp\www\lg\Storage\view\compile\785c829afb8f384a2c1ce4b297d0fba4.php (250).
[ 2016-08-18T15:47:52+08:00 ]NOTICE: Undefined index: districtsD:\wamp\www\lg\Storage\view\compile\785c829afb8f384a2c1ce4b297d0fba4.php (250).
[ 2016-08-18T15:47:52+08:00 ]NOTICE: Undefined index: districtsD:\wamp\www\lg\Storage\view\compile\785c829afb8f384a2c1ce4b297d0fba4.php (250).
[ 2016-08-18T15:47:52+08:00 ]NOTICE: Undefined index: districtsD:\wamp\www\lg\Storage\view\compile\785c829afb8f384a2c1ce4b297d0fba4.php (250).
[ 2016-08-18T15:47:52+08:00 ]NOTICE: Undefined index: districtsD:\wamp\www\lg\Storage\view\compile\785c829afb8f384a2c1ce4b297d0fba4.php (250).
[ 2016-08-18T15:47:52+08:00 ]NOTICE: Undefined index: districtsD:\wamp\www\lg\Storage\view\compile\785c829afb8f384a2c1ce4b297d0fba4.php (250).
[ 2016-08-18T15:48:38+08:00 ]NOTICE: Undefined index: districtsD:\wamp\www\lg\Storage\view\compile\785c829afb8f384a2c1ce4b297d0fba4.php (250).
[ 2016-08-18T15:48:38+08:00 ]NOTICE: Undefined index: districtsD:\wamp\www\lg\Storage\view\compile\785c829afb8f384a2c1ce4b297d0fba4.php (250).
[ 2016-08-18T15:48:38+08:00 ]NOTICE: Undefined index: districtsD:\wamp\www\lg\Storage\view\compile\785c829afb8f384a2c1ce4b297d0fba4.php (250).
[ 2016-08-18T15:48:38+08:00 ]NOTICE: Undefined index: districtsD:\wamp\www\lg\Storage\view\compile\785c829afb8f384a2c1ce4b297d0fba4.php (250).
[ 2016-08-18T15:48:38+08:00 ]NOTICE: Undefined index: districtsD:\wamp\www\lg\Storage\view\compile\785c829afb8f384a2c1ce4b297d0fba4.php (250).
[ 2016-08-18T15:48:38+08:00 ]NOTICE: Undefined index: districtsD:\wamp\www\lg\Storage\view\compile\785c829afb8f384a2c1ce4b297d0fba4.php (250).
[ 2016-08-18T15:48:38+08:00 ]NOTICE: Undefined index: districtsD:\wamp\www\lg\Storage\view\compile\785c829afb8f384a2c1ce4b297d0fba4.php (250).
[ 2016-08-18T15:48:38+08:00 ]NOTICE: Undefined index: districtsD:\wamp\www\lg\Storage\view\compile\785c829afb8f384a2c1ce4b297d0fba4.php (250).
[ 2016-08-18T15:48:38+08:00 ]NOTICE: Undefined index: districtsD:\wamp\www\lg\Storage\view\compile\785c829afb8f384a2c1ce4b297d0fba4.php (250).
[ 2016-08-18T15:48:38+08:00 ]NOTICE: Undefined index: districtsD:\wamp\www\lg\Storage\view\compile\785c829afb8f384a2c1ce4b297d0fba4.php (250).
[ 2016-08-18T15:48:38+08:00 ]NOTICE: Undefined index: districtsD:\wamp\www\lg\Storage\view\compile\785c829afb8f384a2c1ce4b297d0fba4.php (250).
[ 2016-08-18T15:48:38+08:00 ]NOTICE: Undefined index: districtsD:\wamp\www\lg\Storage\view\compile\785c829afb8f384a2c1ce4b297d0fba4.php (250).
[ 2016-08-18T15:48:38+08:00 ]NOTICE: Undefined index: districtsD:\wamp\www\lg\Storage\view\compile\785c829afb8f384a2c1ce4b297d0fba4.php (250).
[ 2016-08-18T15:48:38+08:00 ]NOTICE: Undefined index: districtsD:\wamp\www\lg\Storage\view\compile\785c829afb8f384a2c1ce4b297d0fba4.php (250).
[ 2016-08-18T15:48:38+08:00 ]NOTICE: Undefined index: districtsD:\wamp\www\lg\Storage\view\compile\785c829afb8f384a2c1ce4b297d0fba4.php (250).
[ 2016-08-18T15:48:38+08:00 ]NOTICE: Undefined index: districtsD:\wamp\www\lg\Storage\view\compile\785c829afb8f384a2c1ce4b297d0fba4.php (250).
[ 2016-08-18T15:48:38+08:00 ]NOTICE: Undefined index: districtsD:\wamp\www\lg\Storage\view\compile\785c829afb8f384a2c1ce4b297d0fba4.php (250).
[ 2016-08-18T15:48:38+08:00 ]NOTICE: Undefined index: districtsD:\wamp\www\lg\Storage\view\compile\785c829afb8f384a2c1ce4b297d0fba4.php (250).
[ 2016-08-18T15:48:38+08:00 ]NOTICE: Undefined index: districtsD:\wamp\www\lg\Storage\view\compile\785c829afb8f384a2c1ce4b297d0fba4.php (250).
[ 2016-08-18T15:48:38+08:00 ]NOTICE: Undefined index: districtsD:\wamp\www\lg\Storage\view\compile\785c829afb8f384a2c1ce4b297d0fba4.php (250).
[ 2016-08-18T15:48:38+08:00 ]NOTICE: Undefined index: districtsD:\wamp\www\lg\Storage\view\compile\785c829afb8f384a2c1ce4b297d0fba4.php (250).
[ 2016-08-18T15:48:38+08:00 ]NOTICE: Undefined index: districtsD:\wamp\www\lg\Storage\view\compile\785c829afb8f384a2c1ce4b297d0fba4.php (250).
[ 2016-08-18T15:48:38+08:00 ]NOTICE: Undefined index: districtsD:\wamp\www\lg\Storage\view\compile\785c829afb8f384a2c1ce4b297d0fba4.php (250).
[ 2016-08-18T15:48:38+08:00 ]NOTICE: Undefined index: districtsD:\wamp\www\lg\Storage\view\compile\785c829afb8f384a2c1ce4b297d0fba4.php (250).
[ 2016-08-18T15:50:26+08:00 ]NOTICE: Undefined variable: TopDistrictDataD:\wamp\www\lg\App\Home\Controller\JobController.php (80).
[ 2016-08-18T15:50:26+08:00 ]NOTICE: Undefined index: districtsD:\wamp\www\lg\Storage\view\compile\785c829afb8f384a2c1ce4b297d0fba4.php (250).
[ 2016-08-18T15:50:26+08:00 ]NOTICE: Undefined index: districtsD:\wamp\www\lg\Storage\view\compile\785c829afb8f384a2c1ce4b297d0fba4.php (250).
[ 2016-08-18T15:50:26+08:00 ]NOTICE: Undefined index: districtsD:\wamp\www\lg\Storage\view\compile\785c829afb8f384a2c1ce4b297d0fba4.php (250).
[ 2016-08-18T15:50:26+08:00 ]NOTICE: Undefined index: districtsD:\wamp\www\lg\Storage\view\compile\785c829afb8f384a2c1ce4b297d0fba4.php (250).
[ 2016-08-18T15:50:26+08:00 ]NOTICE: Undefined index: districtsD:\wamp\www\lg\Storage\view\compile\785c829afb8f384a2c1ce4b297d0fba4.php (250).
[ 2016-08-18T15:50:26+08:00 ]NOTICE: Undefined index: districtsD:\wamp\www\lg\Storage\view\compile\785c829afb8f384a2c1ce4b297d0fba4.php (250).
[ 2016-08-18T15:50:26+08:00 ]NOTICE: Undefined index: districtsD:\wamp\www\lg\Storage\view\compile\785c829afb8f384a2c1ce4b297d0fba4.php (250).
[ 2016-08-18T15:50:26+08:00 ]NOTICE: Undefined index: districtsD:\wamp\www\lg\Storage\view\compile\785c829afb8f384a2c1ce4b297d0fba4.php (250).
[ 2016-08-18T15:50:26+08:00 ]NOTICE: Undefined index: districtsD:\wamp\www\lg\Storage\view\compile\785c829afb8f384a2c1ce4b297d0fba4.php (250).
[ 2016-08-18T15:50:26+08:00 ]NOTICE: Undefined index: districtsD:\wamp\www\lg\Storage\view\compile\785c829afb8f384a2c1ce4b297d0fba4.php (250).
[ 2016-08-18T15:50:26+08:00 ]NOTICE: Undefined index: districtsD:\wamp\www\lg\Storage\view\compile\785c829afb8f384a2c1ce4b297d0fba4.php (250).
[ 2016-08-18T15:50:26+08:00 ]NOTICE: Undefined index: districtsD:\wamp\www\lg\Storage\view\compile\785c829afb8f384a2c1ce4b297d0fba4.php (250).
[ 2016-08-18T15:50:26+08:00 ]NOTICE: Undefined index: districtsD:\wamp\www\lg\Storage\view\compile\785c829afb8f384a2c1ce4b297d0fba4.php (250).
[ 2016-08-18T15:50:26+08:00 ]NOTICE: Undefined index: districtsD:\wamp\www\lg\Storage\view\compile\785c829afb8f384a2c1ce4b297d0fba4.php (250).
[ 2016-08-18T15:50:26+08:00 ]NOTICE: Undefined index: districtsD:\wamp\www\lg\Storage\view\compile\785c829afb8f384a2c1ce4b297d0fba4.php (250).
[ 2016-08-18T15:50:26+08:00 ]NOTICE: Undefined index: districtsD:\wamp\www\lg\Storage\view\compile\785c829afb8f384a2c1ce4b297d0fba4.php (250).
[ 2016-08-18T15:50:26+08:00 ]NOTICE: Undefined index: districtsD:\wamp\www\lg\Storage\view\compile\785c829afb8f384a2c1ce4b297d0fba4.php (250).
[ 2016-08-18T15:50:26+08:00 ]NOTICE: Undefined index: districtsD:\wamp\www\lg\Storage\view\compile\785c829afb8f384a2c1ce4b297d0fba4.php (250).
[ 2016-08-18T15:50:26+08:00 ]NOTICE: Undefined index: districtsD:\wamp\www\lg\Storage\view\compile\785c829afb8f384a2c1ce4b297d0fba4.php (250).
[ 2016-08-18T15:50:26+08:00 ]NOTICE: Undefined index: districtsD:\wamp\www\lg\Storage\view\compile\785c829afb8f384a2c1ce4b297d0fba4.php (250).
[ 2016-08-18T15:50:26+08:00 ]NOTICE: Undefined index: districtsD:\wamp\www\lg\Storage\view\compile\785c829afb8f384a2c1ce4b297d0fba4.php (250).
[ 2016-08-18T15:50:26+08:00 ]NOTICE: Undefined index: districtsD:\wamp\www\lg\Storage\view\compile\785c829afb8f384a2c1ce4b297d0fba4.php (250).
[ 2016-08-18T15:50:26+08:00 ]NOTICE: Undefined index: districtsD:\wamp\www\lg\Storage\view\compile\785c829afb8f384a2c1ce4b297d0fba4.php (250).
[ 2016-08-18T15:50:26+08:00 ]NOTICE: Undefined index: districtsD:\wamp\www\lg\Storage\view\compile\785c829afb8f384a2c1ce4b297d0fba4.php (250).
[ 2016-08-18T15:52:10+08:00 ]EXCEPTION: Home\Controller\ResumeController 不存在
[ 2016-08-18T15:52:12+08:00 ]NOTICE: Undefined index: districtsD:\wamp\www\lg\Storage\view\compile\785c829afb8f384a2c1ce4b297d0fba4.php (250).
[ 2016-08-18T15:52:12+08:00 ]NOTICE: Undefined index: districtsD:\wamp\www\lg\Storage\view\compile\785c829afb8f384a2c1ce4b297d0fba4.php (250).
[ 2016-08-18T15:52:12+08:00 ]NOTICE: Undefined index: districtsD:\wamp\www\lg\Storage\view\compile\785c829afb8f384a2c1ce4b297d0fba4.php (250).
[ 2016-08-18T15:52:12+08:00 ]NOTICE: Undefined index: districtsD:\wamp\www\lg\Storage\view\compile\785c829afb8f384a2c1ce4b297d0fba4.php (250).
[ 2016-08-18T15:52:12+08:00 ]NOTICE: Undefined index: districtsD:\wamp\www\lg\Storage\view\compile\785c829afb8f384a2c1ce4b297d0fba4.php (250).
[ 2016-08-18T15:52:12+08:00 ]NOTICE: Undefined index: districtsD:\wamp\www\lg\Storage\view\compile\785c829afb8f384a2c1ce4b297d0fba4.php (250).
[ 2016-08-18T15:52:12+08:00 ]NOTICE: Undefined index: districtsD:\wamp\www\lg\Storage\view\compile\785c829afb8f384a2c1ce4b297d0fba4.php (250).
[ 2016-08-18T15:52:12+08:00 ]NOTICE: Undefined index: districtsD:\wamp\www\lg\Storage\view\compile\785c829afb8f384a2c1ce4b297d0fba4.php (250).
[ 2016-08-18T15:52:12+08:00 ]NOTICE: Undefined index: districtsD:\wamp\www\lg\Storage\view\compile\785c829afb8f384a2c1ce4b297d0fba4.php (250).
[ 2016-08-18T15:52:12+08:00 ]NOTICE: Undefined index: districtsD:\wamp\www\lg\Storage\view\compile\785c829afb8f384a2c1ce4b297d0fba4.php (250).
[ 2016-08-18T15:52:12+08:00 ]NOTICE: Undefined index: districtsD:\wamp\www\lg\Storage\view\compile\785c829afb8f384a2c1ce4b297d0fba4.php (250).
[ 2016-08-18T15:52:12+08:00 ]NOTICE: Undefined index: districtsD:\wamp\www\lg\Storage\view\compile\785c829afb8f384a2c1ce4b297d0fba4.php (250).
[ 2016-08-18T15:52:12+08:00 ]NOTICE: Undefined index: districtsD:\wamp\www\lg\Storage\view\compile\785c829afb8f384a2c1ce4b297d0fba4.php (250).
[ 2016-08-18T15:52:12+08:00 ]NOTICE: Undefined index: districtsD:\wamp\www\lg\Storage\view\compile\785c829afb8f384a2c1ce4b297d0fba4.php (250).
[ 2016-08-18T15:52:12+08:00 ]NOTICE: Undefined index: districtsD:\wamp\www\lg\Storage\view\compile\785c829afb8f384a2c1ce4b297d0fba4.php (250).
[ 2016-08-18T15:52:12+08:00 ]NOTICE: Undefined index: districtsD:\wamp\www\lg\Storage\view\compile\785c829afb8f384a2c1ce4b297d0fba4.php (250).
[ 2016-08-18T15:52:12+08:00 ]NOTICE: Undefined index: districtsD:\wamp\www\lg\Storage\view\compile\785c829afb8f384a2c1ce4b297d0fba4.php (250).
[ 2016-08-18T15:52:12+08:00 ]NOTICE: Undefined index: districtsD:\wamp\www\lg\Storage\view\compile\785c829afb8f384a2c1ce4b297d0fba4.php (250).
[ 2016-08-18T15:52:12+08:00 ]NOTICE: Undefined index: districtsD:\wamp\www\lg\Storage\view\compile\785c829afb8f384a2c1ce4b297d0fba4.php (250).
[ 2016-08-18T15:52:12+08:00 ]NOTICE: Undefined index: districtsD:\wamp\www\lg\Storage\view\compile\785c829afb8f384a2c1ce4b297d0fba4.php (250).
[ 2016-08-18T15:52:12+08:00 ]NOTICE: Undefined index: districtsD:\wamp\www\lg\Storage\view\compile\785c829afb8f384a2c1ce4b297d0fba4.php (250).
[ 2016-08-18T15:52:12+08:00 ]NOTICE: Undefined index: districtsD:\wamp\www\lg\Storage\view\compile\785c829afb8f384a2c1ce4b297d0fba4.php (250).
[ 2016-08-18T15:52:12+08:00 ]NOTICE: Undefined index: districtsD:\wamp\www\lg\Storage\view\compile\785c829afb8f384a2c1ce4b297d0fba4.php (250).
[ 2016-08-18T15:52:12+08:00 ]NOTICE: Undefined index: districtsD:\wamp\www\lg\Storage\view\compile\785c829afb8f384a2c1ce4b297d0fba4.php (250).
[ 2016-08-18T15:52:15+08:00 ]EXCEPTION: Home\Controller\ResumeController 不存在
[ 2016-08-18T15:52:16+08:00 ]NOTICE: Undefined index: districtsD:\wamp\www\lg\Storage\view\compile\785c829afb8f384a2c1ce4b297d0fba4.php (250).
[ 2016-08-18T15:52:16+08:00 ]NOTICE: Undefined index: districtsD:\wamp\www\lg\Storage\view\compile\785c829afb8f384a2c1ce4b297d0fba4.php (250).
[ 2016-08-18T15:52:16+08:00 ]NOTICE: Undefined index: districtsD:\wamp\www\lg\Storage\view\compile\785c829afb8f384a2c1ce4b297d0fba4.php (250).
[ 2016-08-18T15:52:16+08:00 ]NOTICE: Undefined index: districtsD:\wamp\www\lg\Storage\view\compile\785c829afb8f384a2c1ce4b297d0fba4.php (250).
[ 2016-08-18T15:52:16+08:00 ]NOTICE: Undefined index: districtsD:\wamp\www\lg\Storage\view\compile\785c829afb8f384a2c1ce4b297d0fba4.php (250).
[ 2016-08-18T15:52:16+08:00 ]NOTICE: Undefined index: districtsD:\wamp\www\lg\Storage\view\compile\785c829afb8f384a2c1ce4b297d0fba4.php (250).
[ 2016-08-18T15:52:16+08:00 ]NOTICE: Undefined index: districtsD:\wamp\www\lg\Storage\view\compile\785c829afb8f384a2c1ce4b297d0fba4.php (250).
[ 2016-08-18T15:52:16+08:00 ]NOTICE: Undefined index: districtsD:\wamp\www\lg\Storage\view\compile\785c829afb8f384a2c1ce4b297d0fba4.php (250).
[ 2016-08-18T15:52:16+08:00 ]NOTICE: Undefined index: districtsD:\wamp\www\lg\Storage\view\compile\785c829afb8f384a2c1ce4b297d0fba4.php (250).
[ 2016-08-18T15:52:16+08:00 ]NOTICE: Undefined index: districtsD:\wamp\www\lg\Storage\view\compile\785c829afb8f384a2c1ce4b297d0fba4.php (250).
[ 2016-08-18T15:52:16+08:00 ]NOTICE: Undefined index: districtsD:\wamp\www\lg\Storage\view\compile\785c829afb8f384a2c1ce4b297d0fba4.php (250).
[ 2016-08-18T15:52:16+08:00 ]NOTICE: Undefined index: districtsD:\wamp\www\lg\Storage\view\compile\785c829afb8f384a2c1ce4b297d0fba4.php (250).
[ 2016-08-18T15:52:16+08:00 ]NOTICE: Undefined index: districtsD:\wamp\www\lg\Storage\view\compile\785c829afb8f384a2c1ce4b297d0fba4.php (250).
[ 2016-08-18T15:52:16+08:00 ]NOTICE: Undefined index: districtsD:\wamp\www\lg\Storage\view\compile\785c829afb8f384a2c1ce4b297d0fba4.php (250).
[ 2016-08-18T15:52:16+08:00 ]NOTICE: Undefined index: districtsD:\wamp\www\lg\Storage\view\compile\785c829afb8f384a2c1ce4b297d0fba4.php (250).
[ 2016-08-18T15:52:16+08:00 ]NOTICE: Undefined index: districtsD:\wamp\www\lg\Storage\view\compile\785c829afb8f384a2c1ce4b297d0fba4.php (250).
[ 2016-08-18T15:52:16+08:00 ]NOTICE: Undefined index: districtsD:\wamp\www\lg\Storage\view\compile\785c829afb8f384a2c1ce4b297d0fba4.php (250).
[ 2016-08-18T15:52:16+08:00 ]NOTICE: Undefined index: districtsD:\wamp\www\lg\Storage\view\compile\785c829afb8f384a2c1ce4b297d0fba4.php (250).
[ 2016-08-18T15:52:16+08:00 ]NOTICE: Undefined index: districtsD:\wamp\www\lg\Storage\view\compile\785c829afb8f384a2c1ce4b297d0fba4.php (250).
[ 2016-08-18T15:52:16+08:00 ]NOTICE: Undefined index: districtsD:\wamp\www\lg\Storage\view\compile\785c829afb8f384a2c1ce4b297d0fba4.php (250).
[ 2016-08-18T15:52:16+08:00 ]NOTICE: Undefined index: districtsD:\wamp\www\lg\Storage\view\compile\785c829afb8f384a2c1ce4b297d0fba4.php (250).
[ 2016-08-18T15:52:16+08:00 ]NOTICE: Undefined index: districtsD:\wamp\www\lg\Storage\view\compile\785c829afb8f384a2c1ce4b297d0fba4.php (250).
[ 2016-08-18T15:52:16+08:00 ]NOTICE: Undefined index: districtsD:\wamp\www\lg\Storage\view\compile\785c829afb8f384a2c1ce4b297d0fba4.php (250).
[ 2016-08-18T15:52:16+08:00 ]NOTICE: Undefined index: districtsD:\wamp\www\lg\Storage\view\compile\785c829afb8f384a2c1ce4b297d0fba4.php (250).
[ 2016-08-18T15:52:21+08:00 ]NOTICE: Undefined index: countD:\wamp\www\lg\Storage\view\compile\286dfefc3a47450b91a200a6bcb80451.php (273).
[ 2016-08-18T15:52:38+08:00 ]NOTICE: Undefined index: districtsD:\wamp\www\lg\Storage\view\compile\785c829afb8f384a2c1ce4b297d0fba4.php (250).
[ 2016-08-18T15:52:38+08:00 ]NOTICE: Undefined index: districtsD:\wamp\www\lg\Storage\view\compile\785c829afb8f384a2c1ce4b297d0fba4.php (250).
[ 2016-08-18T15:52:38+08:00 ]NOTICE: Undefined index: districtsD:\wamp\www\lg\Storage\view\compile\785c829afb8f384a2c1ce4b297d0fba4.php (250).
[ 2016-08-18T15:52:38+08:00 ]NOTICE: Undefined index: districtsD:\wamp\www\lg\Storage\view\compile\785c829afb8f384a2c1ce4b297d0fba4.php (250).
[ 2016-08-18T15:52:38+08:00 ]NOTICE: Undefined index: districtsD:\wamp\www\lg\Storage\view\compile\785c829afb8f384a2c1ce4b297d0fba4.php (250).
[ 2016-08-18T15:52:38+08:00 ]NOTICE: Undefined index: districtsD:\wamp\www\lg\Storage\view\compile\785c829afb8f384a2c1ce4b297d0fba4.php (250).
[ 2016-08-18T15:52:38+08:00 ]NOTICE: Undefined index: districtsD:\wamp\www\lg\Storage\view\compile\785c829afb8f384a2c1ce4b297d0fba4.php (250).
[ 2016-08-18T15:52:38+08:00 ]NOTICE: Undefined index: districtsD:\wamp\www\lg\Storage\view\compile\785c829afb8f384a2c1ce4b297d0fba4.php (250).
[ 2016-08-18T15:52:38+08:00 ]NOTICE: Undefined index: districtsD:\wamp\www\lg\Storage\view\compile\785c829afb8f384a2c1ce4b297d0fba4.php (250).
[ 2016-08-18T15:52:38+08:00 ]NOTICE: Undefined index: districtsD:\wamp\www\lg\Storage\view\compile\785c829afb8f384a2c1ce4b297d0fba4.php (250).
[ 2016-08-18T15:52:38+08:00 ]NOTICE: Undefined index: districtsD:\wamp\www\lg\Storage\view\compile\785c829afb8f384a2c1ce4b297d0fba4.php (250).
[ 2016-08-18T15:52:38+08:00 ]NOTICE: Undefined index: districtsD:\wamp\www\lg\Storage\view\compile\785c829afb8f384a2c1ce4b297d0fba4.php (250).
[ 2016-08-18T15:52:38+08:00 ]NOTICE: Undefined index: districtsD:\wamp\www\lg\Storage\view\compile\785c829afb8f384a2c1ce4b297d0fba4.php (250).
[ 2016-08-18T15:52:38+08:00 ]NOTICE: Undefined index: districtsD:\wamp\www\lg\Storage\view\compile\785c829afb8f384a2c1ce4b297d0fba4.php (250).
[ 2016-08-18T15:52:38+08:00 ]NOTICE: Undefined index: districtsD:\wamp\www\lg\Storage\view\compile\785c829afb8f384a2c1ce4b297d0fba4.php (250).
[ 2016-08-18T15:52:38+08:00 ]NOTICE: Undefined index: districtsD:\wamp\www\lg\Storage\view\compile\785c829afb8f384a2c1ce4b297d0fba4.php (250).
[ 2016-08-18T15:52:38+08:00 ]NOTICE: Undefined index: districtsD:\wamp\www\lg\Storage\view\compile\785c829afb8f384a2c1ce4b297d0fba4.php (250).
[ 2016-08-18T15:52:38+08:00 ]NOTICE: Undefined index: districtsD:\wamp\www\lg\Storage\view\compile\785c829afb8f384a2c1ce4b297d0fba4.php (250).
[ 2016-08-18T15:52:38+08:00 ]NOTICE: Undefined index: districtsD:\wamp\www\lg\Storage\view\compile\785c829afb8f384a2c1ce4b297d0fba4.php (250).
[ 2016-08-18T15:52:38+08:00 ]NOTICE: Undefined index: districtsD:\wamp\www\lg\Storage\view\compile\785c829afb8f384a2c1ce4b297d0fba4.php (250).
[ 2016-08-18T15:52:38+08:00 ]NOTICE: Undefined index: districtsD:\wamp\www\lg\Storage\view\compile\785c829afb8f384a2c1ce4b297d0fba4.php (250).
[ 2016-08-18T15:52:38+08:00 ]NOTICE: Undefined index: districtsD:\wamp\www\lg\Storage\view\compile\785c829afb8f384a2c1ce4b297d0fba4.php (250).
[ 2016-08-18T15:52:38+08:00 ]NOTICE: Undefined index: districtsD:\wamp\www\lg\Storage\view\compile\785c829afb8f384a2c1ce4b297d0fba4.php (250).
[ 2016-08-18T15:52:38+08:00 ]NOTICE: Undefined index: districtsD:\wamp\www\lg\Storage\view\compile\785c829afb8f384a2c1ce4b297d0fba4.php (250).
[ 2016-08-18T15:54:27+08:00 ]NOTICE: Undefined index: districtsD:\wamp\www\lg\Storage\view\compile\785c829afb8f384a2c1ce4b297d0fba4.php (250).
[ 2016-08-18T15:54:27+08:00 ]NOTICE: Undefined index: districtsD:\wamp\www\lg\Storage\view\compile\785c829afb8f384a2c1ce4b297d0fba4.php (250).
[ 2016-08-18T15:54:27+08:00 ]NOTICE: Undefined index: districtsD:\wamp\www\lg\Storage\view\compile\785c829afb8f384a2c1ce4b297d0fba4.php (250).
[ 2016-08-18T15:54:27+08:00 ]NOTICE: Undefined index: districtsD:\wamp\www\lg\Storage\view\compile\785c829afb8f384a2c1ce4b297d0fba4.php (250).
[ 2016-08-18T15:54:27+08:00 ]NOTICE: Undefined index: districtsD:\wamp\www\lg\Storage\view\compile\785c829afb8f384a2c1ce4b297d0fba4.php (250).
[ 2016-08-18T15:54:27+08:00 ]NOTICE: Undefined index: districtsD:\wamp\www\lg\Storage\view\compile\785c829afb8f384a2c1ce4b297d0fba4.php (250).
[ 2016-08-18T15:54:27+08:00 ]NOTICE: Undefined index: districtsD:\wamp\www\lg\Storage\view\compile\785c829afb8f384a2c1ce4b297d0fba4.php (250).
[ 2016-08-18T15:54:27+08:00 ]NOTICE: Undefined index: districtsD:\wamp\www\lg\Storage\view\compile\785c829afb8f384a2c1ce4b297d0fba4.php (250).
[ 2016-08-18T15:54:27+08:00 ]NOTICE: Undefined index: districtsD:\wamp\www\lg\Storage\view\compile\785c829afb8f384a2c1ce4b297d0fba4.php (250).
[ 2016-08-18T15:54:27+08:00 ]NOTICE: Undefined index: districtsD:\wamp\www\lg\Storage\view\compile\785c829afb8f384a2c1ce4b297d0fba4.php (250).
[ 2016-08-18T15:54:27+08:00 ]NOTICE: Undefined index: districtsD:\wamp\www\lg\Storage\view\compile\785c829afb8f384a2c1ce4b297d0fba4.php (250).
[ 2016-08-18T15:54:27+08:00 ]NOTICE: Undefined index: districtsD:\wamp\www\lg\Storage\view\compile\785c829afb8f384a2c1ce4b297d0fba4.php (250).
[ 2016-08-18T15:54:27+08:00 ]NOTICE: Undefined index: districtsD:\wamp\www\lg\Storage\view\compile\785c829afb8f384a2c1ce4b297d0fba4.php (250).
[ 2016-08-18T15:54:27+08:00 ]NOTICE: Undefined index: districtsD:\wamp\www\lg\Storage\view\compile\785c829afb8f384a2c1ce4b297d0fba4.php (250).
[ 2016-08-18T15:54:27+08:00 ]NOTICE: Undefined index: districtsD:\wamp\www\lg\Storage\view\compile\785c829afb8f384a2c1ce4b297d0fba4.php (250).
[ 2016-08-18T15:54:27+08:00 ]NOTICE: Undefined index: districtsD:\wamp\www\lg\Storage\view\compile\785c829afb8f384a2c1ce4b297d0fba4.php (250).
[ 2016-08-18T15:54:27+08:00 ]NOTICE: Undefined index: districtsD:\wamp\www\lg\Storage\view\compile\785c829afb8f384a2c1ce4b297d0fba4.php (250).
[ 2016-08-18T15:54:27+08:00 ]NOTICE: Undefined index: districtsD:\wamp\www\lg\Storage\view\compile\785c829afb8f384a2c1ce4b297d0fba4.php (250).
[ 2016-08-18T15:54:27+08:00 ]NOTICE: Undefined index: districtsD:\wamp\www\lg\Storage\view\compile\785c829afb8f384a2c1ce4b297d0fba4.php (250).
[ 2016-08-18T15:54:27+08:00 ]NOTICE: Undefined index: districtsD:\wamp\www\lg\Storage\view\compile\785c829afb8f384a2c1ce4b297d0fba4.php (250).
[ 2016-08-18T15:54:27+08:00 ]NOTICE: Undefined index: districtsD:\wamp\www\lg\Storage\view\compile\785c829afb8f384a2c1ce4b297d0fba4.php (250).
[ 2016-08-18T15:54:27+08:00 ]NOTICE: Undefined index: districtsD:\wamp\www\lg\Storage\view\compile\785c829afb8f384a2c1ce4b297d0fba4.php (250).
[ 2016-08-18T15:54:27+08:00 ]NOTICE: Undefined index: districtsD:\wamp\www\lg\Storage\view\compile\785c829afb8f384a2c1ce4b297d0fba4.php (250).
[ 2016-08-18T15:54:27+08:00 ]NOTICE: Undefined index: districtsD:\wamp\www\lg\Storage\view\compile\785c829afb8f384a2c1ce4b297d0fba4.php (250).
[ 2016-08-18T15:56:47+08:00 ]NOTICE: Undefined variable: TopDistrictDataD:\wamp\www\lg\Storage\view\compile\785c829afb8f384a2c1ce4b297d0fba4.php (249).
[ 2016-08-18T15:56:47+08:00 ]NOTICE: Invalid argument supplied for foreach()D:\wamp\www\lg\Storage\view\compile\785c829afb8f384a2c1ce4b297d0fba4.php (249).
[ 2016-08-18T15:57:17+08:00 ]NOTICE: Undefined variable: TopDistrictDataD:\wamp\www\lg\Storage\view\compile\785c829afb8f384a2c1ce4b297d0fba4.php (249).
[ 2016-08-18T15:57:17+08:00 ]NOTICE: Invalid argument supplied for foreach()D:\wamp\www\lg\Storage\view\compile\785c829afb8f384a2c1ce4b297d0fba4.php (249).
[ 2016-08-18T16:03:30+08:00 ]NOTICE: Undefined variable: oldJobDataD:\wamp\www\lg\App\Home\Controller\JobController.php (72).
[ 2016-08-18T16:35:46+08:00 ]NOTICE: Undefined index: countD:\wamp\www\lg\Storage\view\compile\286dfefc3a47450b91a200a6bcb80451.php (273).
[ 2016-08-18T16:40:44+08:00 ]NOTICE: Undefined index: countD:\wamp\www\lg\Storage\view\compile\286dfefc3a47450b91a200a6bcb80451.php (273).
[ 2016-08-18T16:56:47+08:00 ]NOTICE: Undefined index: district_nameD:\wamp\www\lg\Storage\view\compile\785c829afb8f384a2c1ce4b297d0fba4.php (245).
[ 2016-08-18T16:56:49+08:00 ]NOTICE: Undefined index: district_nameD:\wamp\www\lg\Storage\view\compile\785c829afb8f384a2c1ce4b297d0fba4.php (245).
[ 2016-08-18T17:25:31+08:00 ]NOTICE: Array to string conversionD:\wamp\www\lg\Hdphp\Db\Mysql.php (204).
[ 2016-08-18T17:25:31+08:00 ]EXCEPTION: INSERT INTO job (`jname`,`department`,`nature`,`city`,`place`,`money`,`experience`,`education`,`tempt`,`category_cid`,`pubdate`,`company_cpid`)VALUES(?,?,?,?,?,?,?,?,?,?,?,?) ;BindParams:array (
  0 => '数据分析师',
  1 => '数据部门',
  2 => '兼职',
  3 => '武汉',
  4 => '小街道',
  5 => 
  array (
    0 => '2',
    1 => '9',
  ),
  6 => '应届毕业生',
  7 => '博士',
  8 => '诱惑',
  9 => '18',
  10 => 1471512331,
  11 => NULL,
)23000;1048;Column 'company_cpid' cannot be null
[ 2016-08-18T17:25:51+08:00 ]NOTICE: Array to string conversionD:\wamp\www\lg\Hdphp\Db\Mysql.php (204).
[ 2016-08-18T17:31:33+08:00 ]NOTICE: Undefined index: countD:\wamp\www\lg\Storage\view\compile\286dfefc3a47450b91a200a6bcb80451.php (273).
[ 2016-08-18T17:31:39+08:00 ]NOTICE: Undefined variable: TopDistrictDataD:\wamp\www\lg\Storage\view\compile\785c829afb8f384a2c1ce4b297d0fba4.php (248).
[ 2016-08-18T17:31:39+08:00 ]NOTICE: Invalid argument supplied for foreach()D:\wamp\www\lg\Storage\view\compile\785c829afb8f384a2c1ce4b297d0fba4.php (248).
[ 2016-08-18T17:37:49+08:00 ]NOTICE: Undefined variable: TopDistrictDataD:\wamp\www\lg\Storage\view\compile\785c829afb8f384a2c1ce4b297d0fba4.php (248).
[ 2016-08-18T17:37:49+08:00 ]NOTICE: Invalid argument supplied for foreach()D:\wamp\www\lg\Storage\view\compile\785c829afb8f384a2c1ce4b297d0fba4.php (248).
[ 2016-08-18T17:37:58+08:00 ]NOTICE: Undefined variable: TopDistrictDataD:\wamp\www\lg\Storage\view\compile\785c829afb8f384a2c1ce4b297d0fba4.php (248).
[ 2016-08-18T17:37:58+08:00 ]NOTICE: Invalid argument supplied for foreach()D:\wamp\www\lg\Storage\view\compile\785c829afb8f384a2c1ce4b297d0fba4.php (248).
[ 2016-08-18T17:40:36+08:00 ]NOTICE: Undefined variable: TopDistrictDataD:\wamp\www\lg\Storage\view\compile\785c829afb8f384a2c1ce4b297d0fba4.php (248).
[ 2016-08-18T17:40:36+08:00 ]NOTICE: Invalid argument supplied for foreach()D:\wamp\www\lg\Storage\view\compile\785c829afb8f384a2c1ce4b297d0fba4.php (248).
[ 2016-08-18T17:42:55+08:00 ]NOTICE: Undefined variable: TopDistrictDataD:\wamp\www\lg\Storage\view\compile\785c829afb8f384a2c1ce4b297d0fba4.php (248).
[ 2016-08-18T17:42:55+08:00 ]NOTICE: Invalid argument supplied for foreach()D:\wamp\www\lg\Storage\view\compile\785c829afb8f384a2c1ce4b297d0fba4.php (248).
[ 2016-08-18T17:43:25+08:00 ]NOTICE: Undefined variable: TopDistrictDataD:\wamp\www\lg\Storage\view\compile\785c829afb8f384a2c1ce4b297d0fba4.php (248).
[ 2016-08-18T17:43:25+08:00 ]NOTICE: Invalid argument supplied for foreach()D:\wamp\www\lg\Storage\view\compile\785c829afb8f384a2c1ce4b297d0fba4.php (248).
[ 2016-08-18T17:43:45+08:00 ]NOTICE: Undefined variable: TopDistrictDataD:\wamp\www\lg\Storage\view\compile\785c829afb8f384a2c1ce4b297d0fba4.php (248).
[ 2016-08-18T17:43:45+08:00 ]NOTICE: Invalid argument supplied for foreach()D:\wamp\www\lg\Storage\view\compile\785c829afb8f384a2c1ce4b297d0fba4.php (248).
[ 2016-08-18T17:44:31+08:00 ]NOTICE: Undefined variable: TopDistrictDataD:\wamp\www\lg\Storage\view\compile\785c829afb8f384a2c1ce4b297d0fba4.php (248).
[ 2016-08-18T17:44:31+08:00 ]NOTICE: Invalid argument supplied for foreach()D:\wamp\www\lg\Storage\view\compile\785c829afb8f384a2c1ce4b297d0fba4.php (248).
[ 2016-08-18T17:45:01+08:00 ]NOTICE: Undefined variable: TopDistrictDataD:\wamp\www\lg\Storage\view\compile\785c829afb8f384a2c1ce4b297d0fba4.php (248).
[ 2016-08-18T17:45:01+08:00 ]NOTICE: Invalid argument supplied for foreach()D:\wamp\www\lg\Storage\view\compile\785c829afb8f384a2c1ce4b297d0fba4.php (248).
[ 2016-08-18T17:46:01+08:00 ]NOTICE: Illegal string offset 'cname'D:\wamp\www\lg\Storage\view\compile\785c829afb8f384a2c1ce4b297d0fba4.php (159).
[ 2016-08-18T17:46:01+08:00 ]NOTICE: Undefined variable: TopDistrictDataD:\wamp\www\lg\Storage\view\compile\785c829afb8f384a2c1ce4b297d0fba4.php (248).
[ 2016-08-18T17:46:01+08:00 ]NOTICE: Invalid argument supplied for foreach()D:\wamp\www\lg\Storage\view\compile\785c829afb8f384a2c1ce4b297d0fba4.php (248).
[ 2016-08-18T17:47:41+08:00 ]NOTICE: Illegal string offset 'cname'D:\wamp\www\lg\Storage\view\compile\785c829afb8f384a2c1ce4b297d0fba4.php (159).
[ 2016-08-18T17:47:41+08:00 ]NOTICE: Undefined variable: TopDistrictDataD:\wamp\www\lg\Storage\view\compile\785c829afb8f384a2c1ce4b297d0fba4.php (248).
[ 2016-08-18T17:47:41+08:00 ]NOTICE: Invalid argument supplied for foreach()D:\wamp\www\lg\Storage\view\compile\785c829afb8f384a2c1ce4b297d0fba4.php (248).
[ 2016-08-18T17:48:17+08:00 ]NOTICE: Illegal string offset 'cname'D:\wamp\www\lg\Storage\view\compile\785c829afb8f384a2c1ce4b297d0fba4.php (159).
[ 2016-08-18T17:48:17+08:00 ]NOTICE: Undefined variable: TopDistrictDataD:\wamp\www\lg\Storage\view\compile\785c829afb8f384a2c1ce4b297d0fba4.php (248).
[ 2016-08-18T17:48:17+08:00 ]NOTICE: Invalid argument supplied for foreach()D:\wamp\www\lg\Storage\view\compile\785c829afb8f384a2c1ce4b297d0fba4.php (248).
[ 2016-08-18T17:48:55+08:00 ]NOTICE: Illegal string offset 'cname'D:\wamp\www\lg\Storage\view\compile\785c829afb8f384a2c1ce4b297d0fba4.php (159).
[ 2016-08-18T17:48:55+08:00 ]NOTICE: Undefined variable: TopDistrictDataD:\wamp\www\lg\Storage\view\compile\785c829afb8f384a2c1ce4b297d0fba4.php (248).
[ 2016-08-18T17:48:55+08:00 ]NOTICE: Invalid argument supplied for foreach()D:\wamp\www\lg\Storage\view\compile\785c829afb8f384a2c1ce4b297d0fba4.php (248).
[ 2016-08-18T17:49:14+08:00 ]NOTICE: Undefined variable: TopDistrictDataD:\wamp\www\lg\Storage\view\compile\785c829afb8f384a2c1ce4b297d0fba4.php (248).
[ 2016-08-18T17:49:14+08:00 ]NOTICE: Invalid argument supplied for foreach()D:\wamp\www\lg\Storage\view\compile\785c829afb8f384a2c1ce4b297d0fba4.php (248).
[ 2016-08-18T17:49:38+08:00 ]NOTICE: Undefined variable: TopDistrictDataD:\wamp\www\lg\Storage\view\compile\785c829afb8f384a2c1ce4b297d0fba4.php (248).
[ 2016-08-18T17:49:38+08:00 ]NOTICE: Invalid argument supplied for foreach()D:\wamp\www\lg\Storage\view\compile\785c829afb8f384a2c1ce4b297d0fba4.php (248).
[ 2016-08-18T17:56:27+08:00 ]NOTICE: Undefined variable: TopDistrictDataD:\wamp\www\lg\Storage\view\compile\785c829afb8f384a2c1ce4b297d0fba4.php (248).
[ 2016-08-18T17:56:27+08:00 ]NOTICE: Invalid argument supplied for foreach()D:\wamp\www\lg\Storage\view\compile\785c829afb8f384a2c1ce4b297d0fba4.php (248).
[ 2016-08-18T17:59:51+08:00 ]NOTICE: Undefined variable: TopDistrictDataD:\wamp\www\lg\Storage\view\compile\785c829afb8f384a2c1ce4b297d0fba4.php (248).
[ 2016-08-18T17:59:51+08:00 ]NOTICE: Invalid argument supplied for foreach()D:\wamp\www\lg\Storage\view\compile\785c829afb8f384a2c1ce4b297d0fba4.php (248).
[ 2016-08-18T18:00:09+08:00 ]NOTICE: Undefined variable: TopDistrictDataD:\wamp\www\lg\Storage\view\compile\785c829afb8f384a2c1ce4b297d0fba4.php (248).
[ 2016-08-18T18:00:09+08:00 ]NOTICE: Invalid argument supplied for foreach()D:\wamp\www\lg\Storage\view\compile\785c829afb8f384a2c1ce4b297d0fba4.php (248).
[ 2016-08-18T18:00:45+08:00 ]NOTICE: Undefined variable: TopDistrictDataD:\wamp\www\lg\Storage\view\compile\785c829afb8f384a2c1ce4b297d0fba4.php (248).
[ 2016-08-18T18:00:45+08:00 ]NOTICE: Invalid argument supplied for foreach()D:\wamp\www\lg\Storage\view\compile\785c829afb8f384a2c1ce4b297d0fba4.php (248).
[ 2016-08-18T18:01:24+08:00 ]NOTICE: Undefined variable: TopDistrictDataD:\wamp\www\lg\Storage\view\compile\785c829afb8f384a2c1ce4b297d0fba4.php (248).
[ 2016-08-18T18:01:24+08:00 ]NOTICE: Invalid argument supplied for foreach()D:\wamp\www\lg\Storage\view\compile\785c829afb8f384a2c1ce4b297d0fba4.php (248).
[ 2016-08-18T18:01:53+08:00 ]NOTICE: Undefined variable: TopDistrictDataD:\wamp\www\lg\Storage\view\compile\785c829afb8f384a2c1ce4b297d0fba4.php (248).
[ 2016-08-18T18:01:53+08:00 ]NOTICE: Invalid argument supplied for foreach()D:\wamp\www\lg\Storage\view\compile\785c829afb8f384a2c1ce4b297d0fba4.php (248).
[ 2016-08-18T18:03:14+08:00 ]NOTICE: Undefined variable: TopDistrictDataD:\wamp\www\lg\Storage\view\compile\785c829afb8f384a2c1ce4b297d0fba4.php (248).
[ 2016-08-18T18:03:14+08:00 ]NOTICE: Invalid argument supplied for foreach()D:\wamp\www\lg\Storage\view\compile\785c829afb8f384a2c1ce4b297d0fba4.php (248).
[ 2016-08-18T18:11:35+08:00 ]NOTICE: Undefined variable: TopDistrictDataD:\wamp\www\lg\Storage\view\compile\785c829afb8f384a2c1ce4b297d0fba4.php (248).
[ 2016-08-18T18:11:35+08:00 ]NOTICE: Invalid argument supplied for foreach()D:\wamp\www\lg\Storage\view\compile\785c829afb8f384a2c1ce4b297d0fba4.php (248).
[ 2016-08-18T18:12:39+08:00 ]NOTICE: Undefined variable: TopDistrictDataD:\wamp\www\lg\Storage\view\compile\785c829afb8f384a2c1ce4b297d0fba4.php (248).
[ 2016-08-18T18:12:39+08:00 ]NOTICE: Invalid argument supplied for foreach()D:\wamp\www\lg\Storage\view\compile\785c829afb8f384a2c1ce4b297d0fba4.php (248).
[ 2016-08-18T18:13:21+08:00 ]NOTICE: Undefined variable: TopDistrictDataD:\wamp\www\lg\Storage\view\compile\785c829afb8f384a2c1ce4b297d0fba4.php (248).
[ 2016-08-18T18:13:21+08:00 ]NOTICE: Invalid argument supplied for foreach()D:\wamp\www\lg\Storage\view\compile\785c829afb8f384a2c1ce4b297d0fba4.php (248).
[ 2016-08-18T19:29:57+08:00 ]NOTICE: Undefined index: countD:\wamp\www\lg\Storage\view\compile\286dfefc3a47450b91a200a6bcb80451.php (273).
[ 2016-08-18T19:30:05+08:00 ]NOTICE: Undefined variable: TopDistrictDataD:\wamp\www\lg\Storage\view\compile\785c829afb8f384a2c1ce4b297d0fba4.php (248).
[ 2016-08-18T19:30:05+08:00 ]NOTICE: Invalid argument supplied for foreach()D:\wamp\www\lg\Storage\view\compile\785c829afb8f384a2c1ce4b297d0fba4.php (248).
[ 2016-08-18T19:32:16+08:00 ]NOTICE: Undefined variable: TopDistrictDataD:\wamp\www\lg\Storage\view\compile\785c829afb8f384a2c1ce4b297d0fba4.php (248).
[ 2016-08-18T19:32:16+08:00 ]NOTICE: Invalid argument supplied for foreach()D:\wamp\www\lg\Storage\view\compile\785c829afb8f384a2c1ce4b297d0fba4.php (248).
[ 2016-08-18T19:36:04+08:00 ]NOTICE: Missing argument 1 for Hdphp\Model\Model::data(), called in D:\wamp\www\lg\App\Common\Model\Job.php on line 74 and definedD:\wamp\www\lg\Hdphp\Model\Model.php (138).
[ 2016-08-18T19:36:04+08:00 ]NOTICE: Undefined variable: dataD:\wamp\www\lg\Hdphp\Model\Model.php (140).
[ 2016-08-18T19:43:31+08:00 ]NOTICE: Undefined variable: TopDistrictDataD:\wamp\www\lg\Storage\view\compile\785c829afb8f384a2c1ce4b297d0fba4.php (248).
[ 2016-08-18T19:43:31+08:00 ]NOTICE: Invalid argument supplied for foreach()D:\wamp\www\lg\Storage\view\compile\785c829afb8f384a2c1ce4b297d0fba4.php (248).
[ 2016-08-18T19:43:44+08:00 ]NOTICE: Undefined variable: TopDistrictDataD:\wamp\www\lg\Storage\view\compile\785c829afb8f384a2c1ce4b297d0fba4.php (248).
[ 2016-08-18T19:43:44+08:00 ]NOTICE: Invalid argument supplied for foreach()D:\wamp\www\lg\Storage\view\compile\785c829afb8f384a2c1ce4b297d0fba4.php (248).
[ 2016-08-18T19:44:20+08:00 ]EXCEPTION: INSERT INTO job (`jname`,`department`,`nature`,`city`,`place`,`money`,`experience`,`education`,`tempt`,`jid`,`category_cid`,`pubdate`,`company_cpid`)VALUES(?,?,?,?,?,?,?,?,?,?,?,?,?) ;BindParams:array (
  0 => '数据分析师2',
  1 => '数据部门2',
  2 => '兼职',
  3 => '武汉2',
  4 => '小街道2',
  5 => '2k-9',
  6 => '应届毕业生',
  7 => '博士',
  8 => '诱惑2',
  9 => '11',
  10 => '18',
  11 => 1471520660,
  12 => '18',
)23000;1062;Duplicate entry '11' for key 'PRIMARY'
[ 2016-08-18T19:45:02+08:00 ]NOTICE: Undefined variable: TopDistrictDataD:\wamp\www\lg\Storage\view\compile\785c829afb8f384a2c1ce4b297d0fba4.php (248).
[ 2016-08-18T19:45:02+08:00 ]NOTICE: Invalid argument supplied for foreach()D:\wamp\www\lg\Storage\view\compile\785c829afb8f384a2c1ce4b297d0fba4.php (248).
[ 2016-08-18T19:45:12+08:00 ]EXCEPTION: INSERT INTO job (`jname`,`department`,`nature`,`city`,`place`,`money`,`experience`,`education`,`tempt`,`jid`,`category_cid`,`pubdate`,`company_cpid`)VALUES(?,?,?,?,?,?,?,?,?,?,?,?,?) ;BindParams:array (
  0 => '数据分析师',
  1 => '数据部门',
  2 => '兼职',
  3 => '武汉',
  4 => '小街道',
  5 => '2k-9',
  6 => '应届毕业生',
  7 => '博士',
  8 => '诱惑',
  9 => '11',
  10 => '18',
  11 => 1471520712,
  12 => '18',
)23000;1062;Duplicate entry '11' for key 'PRIMARY'
[ 2016-08-18T19:45:15+08:00 ]NOTICE: Undefined variable: TopDistrictDataD:\wamp\www\lg\Storage\view\compile\785c829afb8f384a2c1ce4b297d0fba4.php (248).
[ 2016-08-18T19:45:15+08:00 ]NOTICE: Invalid argument supplied for foreach()D:\wamp\www\lg\Storage\view\compile\785c829afb8f384a2c1ce4b297d0fba4.php (248).
[ 2016-08-18T19:45:18+08:00 ]EXCEPTION: INSERT INTO job (`jname`,`department`,`nature`,`city`,`place`,`money`,`experience`,`education`,`tempt`,`jid`,`category_cid`,`pubdate`,`company_cpid`)VALUES(?,?,?,?,?,?,?,?,?,?,?,?,?) ;BindParams:array (
  0 => '数据分析师',
  1 => '数据部门',
  2 => '兼职',
  3 => '武汉',
  4 => '小街道',
  5 => '2k-9',
  6 => '应届毕业生',
  7 => '博士',
  8 => '诱惑',
  9 => '11',
  10 => '18',
  11 => 1471520718,
  12 => '18',
)23000;1062;Duplicate entry '11' for key 'PRIMARY'
[ 2016-08-18T19:48:15+08:00 ]NOTICE: Undefined variable: TopDistrictDataD:\wamp\www\lg\Storage\view\compile\785c829afb8f384a2c1ce4b297d0fba4.php (248).
[ 2016-08-18T19:48:15+08:00 ]NOTICE: Invalid argument supplied for foreach()D:\wamp\www\lg\Storage\view\compile\785c829afb8f384a2c1ce4b297d0fba4.php (248).
[ 2016-08-18T19:48:21+08:00 ]EXCEPTION: INSERT INTO job (`jname`,`department`,`nature`,`city`,`place`,`money`,`experience`,`education`,`tempt`,`jid`,`category_cid`,`pubdate`,`company_cpid`)VALUES(?,?,?,?,?,?,?,?,?,?,?,?,?) ;BindParams:array (
  0 => '数据分析师',
  1 => '数据部门',
  2 => '兼职',
  3 => '武汉',
  4 => '小街道',
  5 => '2k-9',
  6 => '应届毕业生',
  7 => '博士',
  8 => '诱惑',
  9 => '11',
  10 => '18',
  11 => 1471520901,
  12 => '18',
)23000;1062;Duplicate entry '11' for key 'PRIMARY'
[ 2016-08-18T19:48:32+08:00 ]NOTICE: Undefined variable: TopDistrictDataD:\wamp\www\lg\Storage\view\compile\785c829afb8f384a2c1ce4b297d0fba4.php (248).
[ 2016-08-18T19:48:32+08:00 ]NOTICE: Invalid argument supplied for foreach()D:\wamp\www\lg\Storage\view\compile\785c829afb8f384a2c1ce4b297d0fba4.php (248).
[ 2016-08-18T19:52:08+08:00 ]NOTICE: Undefined variable: TopDistrictDataD:\wamp\www\lg\Storage\view\compile\785c829afb8f384a2c1ce4b297d0fba4.php (248).
[ 2016-08-18T19:52:08+08:00 ]NOTICE: Invalid argument supplied for foreach()D:\wamp\www\lg\Storage\view\compile\785c829afb8f384a2c1ce4b297d0fba4.php (248).
[ 2016-08-18T20:26:46+08:00 ]NOTICE: Argument 2 passed to Hdphp\Db\Mysql::update() must be of the type array, string given, called in D:\wamp\www\lg\App\Home\Controller\JobController.php on line 103 and definedD:\wamp\www\lg\Hdphp\Db\Mysql.php (379).
[ 2016-08-18T20:26:46+08:00 ]NOTICE: Argument 2 passed to Hdphp\Db\Mysql::execute() must be of the type array, string given, called in D:\wamp\www\lg\Hdphp\Db\Mysql.php on line 396 and definedD:\wamp\www\lg\Hdphp\Db\Mysql.php (190).
[ 2016-08-18T20:26:46+08:00 ]NOTICE: Invalid argument supplied for foreach()D:\wamp\www\lg\Hdphp\Db\Mysql.php (200).
[ 2016-08-18T20:26:46+08:00 ]EXCEPTION: recycle ;BindParams:'='42000;1064;You have an error in your SQL syntax; check the manual that corresponds to your MySQL server version for the right syntax to use near 'recycle' at line 1
[ 2016-08-18T20:54:46+08:00 ]EXCEPTION: UPDATE job SET `recycle`=?  WHERE jid= ;BindParams:array (
  'recycle' => 2,
)42000;1064;You have an error in your SQL syntax; check the manual that corresponds to your MySQL server version for the right syntax to use near '' at line 1
[ 2016-08-18T20:54:48+08:00 ]EXCEPTION: UPDATE job SET `recycle`=?  WHERE jid= ;BindParams:array (
  'recycle' => 2,
)42000;1064;You have an error in your SQL syntax; check the manual that corresponds to your MySQL server version for the right syntax to use near '' at line 1
