[ 2016-08-19T00:18:12+08:00 ]NOTICE: Undefined index: countD:\wamp\www\lg\Storage\view\compile\286dfefc3a47450b91a200a6bcb80451.php (273).
[ 2016-08-19T00:18:20+08:00 ]NOTICE: Undefined index: countD:\wamp\www\lg\Storage\view\compile\286dfefc3a47450b91a200a6bcb80451.php (273).
[ 2016-08-19T08:28:28+08:00 ]NOTICE: Undefined index: countD:\wamp\www\lg\Storage\view\compile\286dfefc3a47450b91a200a6bcb80451.php (273).
[ 2016-08-19T08:28:43+08:00 ]NOTICE: Undefined variable: TopDistrictDataD:\wamp\www\lg\Storage\view\compile\785c829afb8f384a2c1ce4b297d0fba4.php (248).
[ 2016-08-19T08:28:43+08:00 ]NOTICE: Invalid argument supplied for foreach()D:\wamp\www\lg\Storage\view\compile\785c829afb8f384a2c1ce4b297d0fba4.php (248).
[ 2016-08-19T08:32:40+08:00 ]NOTICE: Undefined variable: TopDistrictDataD:\wamp\www\lg\Storage\view\compile\785c829afb8f384a2c1ce4b297d0fba4.php (248).
[ 2016-08-19T08:32:40+08:00 ]NOTICE: Invalid argument supplied for foreach()D:\wamp\www\lg\Storage\view\compile\785c829afb8f384a2c1ce4b297d0fba4.php (248).
[ 2016-08-19T08:39:59+08:00 ]NOTICE: Undefined index: countD:\wamp\www\lg\Storage\view\compile\286dfefc3a47450b91a200a6bcb80451.php (273).
[ 2016-08-19T08:40:07+08:00 ]NOTICE: Undefined index: countD:\wamp\www\lg\Storage\view\compile\286dfefc3a47450b91a200a6bcb80451.php (273).
[ 2016-08-19T08:44:38+08:00 ]NOTICE: Undefined index: countD:\wamp\www\lg\Storage\view\compile\286dfefc3a47450b91a200a6bcb80451.php (273).
[ 2016-08-19T08:44:40+08:00 ]NOTICE: Undefined index: countD:\wamp\www\lg\Storage\view\compile\286dfefc3a47450b91a200a6bcb80451.php (273).
[ 2016-08-19T08:44:42+08:00 ]NOTICE: Undefined index: countD:\wamp\www\lg\Storage\view\compile\286dfefc3a47450b91a200a6bcb80451.php (273).
[ 2016-08-19T08:45:03+08:00 ]NOTICE: Undefined index: countD:\wamp\www\lg\Storage\view\compile\286dfefc3a47450b91a200a6bcb80451.php (273).
[ 2016-08-19T08:45:43+08:00 ]NOTICE: Undefined index: countD:\wamp\www\lg\Storage\view\compile\286dfefc3a47450b91a200a6bcb80451.php (273).
[ 2016-08-19T08:45:46+08:00 ]NOTICE: Undefined index: countD:\wamp\www\lg\Storage\view\compile\286dfefc3a47450b91a200a6bcb80451.php (273).
[ 2016-08-19T08:45:59+08:00 ]NOTICE: Undefined index: countD:\wamp\www\lg\Storage\view\compile\286dfefc3a47450b91a200a6bcb80451.php (273).
[ 2016-08-19T08:46:01+08:00 ]NOTICE: Undefined index: countD:\wamp\www\lg\Storage\view\compile\286dfefc3a47450b91a200a6bcb80451.php (273).
[ 2016-08-19T08:46:02+08:00 ]NOTICE: Undefined index: countD:\wamp\www\lg\Storage\view\compile\286dfefc3a47450b91a200a6bcb80451.php (273).
[ 2016-08-19T08:46:14+08:00 ]NOTICE: Undefined index: countD:\wamp\www\lg\Storage\view\compile\286dfefc3a47450b91a200a6bcb80451.php (273).
[ 2016-08-19T08:46:16+08:00 ]NOTICE: Undefined index: countD:\wamp\www\lg\Storage\view\compile\286dfefc3a47450b91a200a6bcb80451.php (273).
[ 2016-08-19T08:46:24+08:00 ]NOTICE: Undefined index: countD:\wamp\www\lg\Storage\view\compile\286dfefc3a47450b91a200a6bcb80451.php (273).
[ 2016-08-19T08:46:26+08:00 ]NOTICE: Undefined index: countD:\wamp\www\lg\Storage\view\compile\286dfefc3a47450b91a200a6bcb80451.php (273).
[ 2016-08-19T08:47:24+08:00 ]NOTICE: Undefined index: countD:\wamp\www\lg\Storage\view\compile\286dfefc3a47450b91a200a6bcb80451.php (273).
[ 2016-08-19T08:47:34+08:00 ]NOTICE: Undefined index: countD:\wamp\www\lg\Storage\view\compile\286dfefc3a47450b91a200a6bcb80451.php (273).
[ 2016-08-19T08:48:02+08:00 ]NOTICE: Undefined index: countD:\wamp\www\lg\Storage\view\compile\286dfefc3a47450b91a200a6bcb80451.php (273).
[ 2016-08-19T08:48:04+08:00 ]NOTICE: Undefined index: countD:\wamp\www\lg\Storage\view\compile\286dfefc3a47450b91a200a6bcb80451.php (273).
[ 2016-08-19T08:49:02+08:00 ]NOTICE: Undefined index: countD:\wamp\www\lg\Storage\view\compile\286dfefc3a47450b91a200a6bcb80451.php (273).
[ 2016-08-19T08:49:06+08:00 ]NOTICE: Undefined index: countD:\wamp\www\lg\Storage\view\compile\286dfefc3a47450b91a200a6bcb80451.php (273).
[ 2016-08-19T08:49:34+08:00 ]NOTICE: Undefined index: countD:\wamp\www\lg\Storage\view\compile\286dfefc3a47450b91a200a6bcb80451.php (273).
[ 2016-08-19T08:49:35+08:00 ]NOTICE: Undefined index: countD:\wamp\www\lg\Storage\view\compile\286dfefc3a47450b91a200a6bcb80451.php (273).
[ 2016-08-19T08:49:37+08:00 ]NOTICE: Undefined index: countD:\wamp\www\lg\Storage\view\compile\286dfefc3a47450b91a200a6bcb80451.php (273).
[ 2016-08-19T08:50:19+08:00 ]NOTICE: Undefined index: countD:\wamp\www\lg\Storage\view\compile\286dfefc3a47450b91a200a6bcb80451.php (273).
[ 2016-08-19T08:50:23+08:00 ]NOTICE: Undefined index: countD:\wamp\www\lg\Storage\view\compile\286dfefc3a47450b91a200a6bcb80451.php (273).
[ 2016-08-19T08:50:24+08:00 ]NOTICE: Undefined index: countD:\wamp\www\lg\Storage\view\compile\286dfefc3a47450b91a200a6bcb80451.php (273).
[ 2016-08-19T08:50:26+08:00 ]NOTICE: Undefined index: countD:\wamp\www\lg\Storage\view\compile\286dfefc3a47450b91a200a6bcb80451.php (273).
[ 2016-08-19T08:50:30+08:00 ]NOTICE: Undefined index: countD:\wamp\www\lg\Storage\view\compile\286dfefc3a47450b91a200a6bcb80451.php (273).
[ 2016-08-19T08:50:31+08:00 ]NOTICE: Undefined index: countD:\wamp\www\lg\Storage\view\compile\286dfefc3a47450b91a200a6bcb80451.php (273).
[ 2016-08-19T08:50:32+08:00 ]NOTICE: Undefined index: countD:\wamp\www\lg\Storage\view\compile\286dfefc3a47450b91a200a6bcb80451.php (273).
[ 2016-08-19T08:50:33+08:00 ]NOTICE: Undefined index: countD:\wamp\www\lg\Storage\view\compile\286dfefc3a47450b91a200a6bcb80451.php (273).
[ 2016-08-19T08:50:34+08:00 ]NOTICE: Undefined index: countD:\wamp\www\lg\Storage\view\compile\286dfefc3a47450b91a200a6bcb80451.php (273).
[ 2016-08-19T08:51:08+08:00 ]NOTICE: Undefined index: countD:\wamp\www\lg\Storage\view\compile\286dfefc3a47450b91a200a6bcb80451.php (273).
[ 2016-08-19T08:51:10+08:00 ]NOTICE: Undefined index: countD:\wamp\www\lg\Storage\view\compile\286dfefc3a47450b91a200a6bcb80451.php (273).
[ 2016-08-19T08:51:20+08:00 ]NOTICE: Undefined index: countD:\wamp\www\lg\Storage\view\compile\286dfefc3a47450b91a200a6bcb80451.php (273).
[ 2016-08-19T08:51:24+08:00 ]NOTICE: Undefined index: countD:\wamp\www\lg\Storage\view\compile\286dfefc3a47450b91a200a6bcb80451.php (273).
[ 2016-08-19T08:51:25+08:00 ]NOTICE: Undefined index: countD:\wamp\www\lg\Storage\view\compile\286dfefc3a47450b91a200a6bcb80451.php (273).
[ 2016-08-19T08:51:26+08:00 ]NOTICE: Undefined index: countD:\wamp\www\lg\Storage\view\compile\286dfefc3a47450b91a200a6bcb80451.php (273).
[ 2016-08-19T08:51:27+08:00 ]NOTICE: Undefined index: countD:\wamp\www\lg\Storage\view\compile\286dfefc3a47450b91a200a6bcb80451.php (273).
[ 2016-08-19T08:52:00+08:00 ]NOTICE: Undefined index: countD:\wamp\www\lg\Storage\view\compile\286dfefc3a47450b91a200a6bcb80451.php (273).
[ 2016-08-19T08:52:03+08:00 ]NOTICE: Undefined index: countD:\wamp\www\lg\Storage\view\compile\286dfefc3a47450b91a200a6bcb80451.php (273).
[ 2016-08-19T08:52:27+08:00 ]NOTICE: Undefined index: countD:\wamp\www\lg\Storage\view\compile\286dfefc3a47450b91a200a6bcb80451.php (273).
[ 2016-08-19T08:52:28+08:00 ]NOTICE: Undefined index: countD:\wamp\www\lg\Storage\view\compile\286dfefc3a47450b91a200a6bcb80451.php (273).
[ 2016-08-19T08:52:41+08:00 ]NOTICE: Undefined index: countD:\wamp\www\lg\Storage\view\compile\286dfefc3a47450b91a200a6bcb80451.php (273).
[ 2016-08-19T08:52:42+08:00 ]NOTICE: Undefined index: countD:\wamp\www\lg\Storage\view\compile\286dfefc3a47450b91a200a6bcb80451.php (273).
[ 2016-08-19T08:52:43+08:00 ]NOTICE: Undefined index: countD:\wamp\www\lg\Storage\view\compile\286dfefc3a47450b91a200a6bcb80451.php (273).
[ 2016-08-19T08:52:44+08:00 ]NOTICE: Undefined index: countD:\wamp\www\lg\Storage\view\compile\286dfefc3a47450b91a200a6bcb80451.php (273).
[ 2016-08-19T08:54:02+08:00 ]NOTICE: Undefined index: countD:\wamp\www\lg\Storage\view\compile\286dfefc3a47450b91a200a6bcb80451.php (273).
[ 2016-08-19T08:54:04+08:00 ]NOTICE: Undefined index: countD:\wamp\www\lg\Storage\view\compile\286dfefc3a47450b91a200a6bcb80451.php (273).
[ 2016-08-19T08:54:08+08:00 ]NOTICE: Undefined index: countD:\wamp\www\lg\Storage\view\compile\286dfefc3a47450b91a200a6bcb80451.php (273).
[ 2016-08-19T08:54:09+08:00 ]NOTICE: Undefined index: countD:\wamp\www\lg\Storage\view\compile\286dfefc3a47450b91a200a6bcb80451.php (273).
[ 2016-08-19T08:54:11+08:00 ]NOTICE: Undefined index: countD:\wamp\www\lg\Storage\view\compile\286dfefc3a47450b91a200a6bcb80451.php (273).
[ 2016-08-19T08:54:49+08:00 ]NOTICE: Undefined index: countD:\wamp\www\lg\Storage\view\compile\286dfefc3a47450b91a200a6bcb80451.php (273).
[ 2016-08-19T08:54:51+08:00 ]NOTICE: Undefined index: countD:\wamp\www\lg\Storage\view\compile\286dfefc3a47450b91a200a6bcb80451.php (273).
[ 2016-08-19T08:55:00+08:00 ]NOTICE: Undefined index: countD:\wamp\www\lg\Storage\view\compile\286dfefc3a47450b91a200a6bcb80451.php (273).
[ 2016-08-19T08:55:33+08:00 ]NOTICE: Undefined index: countD:\wamp\www\lg\Storage\view\compile\286dfefc3a47450b91a200a6bcb80451.php (273).
[ 2016-08-19T08:56:17+08:00 ]NOTICE: Undefined index: countD:\wamp\www\lg\Storage\view\compile\286dfefc3a47450b91a200a6bcb80451.php (273).
[ 2016-08-19T08:56:19+08:00 ]NOTICE: Undefined index: countD:\wamp\www\lg\Storage\view\compile\286dfefc3a47450b91a200a6bcb80451.php (273).
[ 2016-08-19T08:56:53+08:00 ]NOTICE: Undefined index: countD:\wamp\www\lg\Storage\view\compile\286dfefc3a47450b91a200a6bcb80451.php (273).
[ 2016-08-19T08:57:31+08:00 ]NOTICE: Undefined index: countD:\wamp\www\lg\Storage\view\compile\286dfefc3a47450b91a200a6bcb80451.php (273).
[ 2016-08-19T08:57:32+08:00 ]NOTICE: Undefined index: countD:\wamp\www\lg\Storage\view\compile\286dfefc3a47450b91a200a6bcb80451.php (273).
[ 2016-08-19T08:57:47+08:00 ]NOTICE: Undefined index: countD:\wamp\www\lg\Storage\view\compile\286dfefc3a47450b91a200a6bcb80451.php (273).
[ 2016-08-19T08:57:49+08:00 ]NOTICE: Undefined index: countD:\wamp\www\lg\Storage\view\compile\286dfefc3a47450b91a200a6bcb80451.php (273).
[ 2016-08-19T08:57:55+08:00 ]NOTICE: Undefined index: countD:\wamp\www\lg\Storage\view\compile\286dfefc3a47450b91a200a6bcb80451.php (273).
[ 2016-08-19T08:57:57+08:00 ]NOTICE: Undefined index: countD:\wamp\www\lg\Storage\view\compile\286dfefc3a47450b91a200a6bcb80451.php (273).
[ 2016-08-19T08:57:58+08:00 ]NOTICE: Undefined index: countD:\wamp\www\lg\Storage\view\compile\286dfefc3a47450b91a200a6bcb80451.php (273).
[ 2016-08-19T08:58:00+08:00 ]NOTICE: Undefined index: countD:\wamp\www\lg\Storage\view\compile\286dfefc3a47450b91a200a6bcb80451.php (273).
[ 2016-08-19T08:58:01+08:00 ]NOTICE: Undefined index: countD:\wamp\www\lg\Storage\view\compile\286dfefc3a47450b91a200a6bcb80451.php (273).
[ 2016-08-19T08:59:11+08:00 ]NOTICE: Undefined index: countD:\wamp\www\lg\Storage\view\compile\286dfefc3a47450b91a200a6bcb80451.php (273).
[ 2016-08-19T09:04:19+08:00 ]NOTICE: Undefined variable: TopCategoryDataD:\wamp\www\lg\App\Home\Controller\IndexController.php (15).
[ 2016-08-19T09:06:49+08:00 ]NOTICE: Undefined variable: TopCategoryDataD:\wamp\www\lg\App\Home\Controller\IndexController.php (17).
[ 2016-08-19T09:10:59+08:00 ]NOTICE: Undefined variable: TopCategoryDataD:\wamp\www\lg\App\Home\Controller\IndexController.php (16).
[ 2016-08-19T09:11:32+08:00 ]NOTICE: Undefined variable: TopCategoryDataD:\wamp\www\lg\App\Home\Controller\IndexController.php (16).
[ 2016-08-19T09:22:47+08:00 ]NOTICE: Undefined variable: TopCategoryDataD:\wamp\www\lg\Storage\view\compile\0c28e7150ba5d668f4a1564650d3d0d8.php (105).
[ 2016-08-19T09:22:47+08:00 ]NOTICE: Invalid argument supplied for foreach()D:\wamp\www\lg\Storage\view\compile\0c28e7150ba5d668f4a1564650d3d0d8.php (105).
[ 2016-08-19T09:37:28+08:00 ]NOTICE: Undefined variable: TopCategoryDataD:\wamp\www\lg\App\Home\Controller\IndexController.php (14).
[ 2016-08-19T09:38:31+08:00 ]NOTICE: Undefined index: cnameD:\wamp\www\lg\Storage\view\compile\0c28e7150ba5d668f4a1564650d3d0d8.php (160).
[ 2016-08-19T09:38:31+08:00 ]NOTICE: Undefined index: cnameD:\wamp\www\lg\Storage\view\compile\0c28e7150ba5d668f4a1564650d3d0d8.php (160).
[ 2016-08-19T09:38:31+08:00 ]NOTICE: Undefined index: cnameD:\wamp\www\lg\Storage\view\compile\0c28e7150ba5d668f4a1564650d3d0d8.php (160).
[ 2016-08-19T09:38:31+08:00 ]NOTICE: Undefined index: cnameD:\wamp\www\lg\Storage\view\compile\0c28e7150ba5d668f4a1564650d3d0d8.php (160).
[ 2016-08-19T09:38:31+08:00 ]NOTICE: Undefined index: cnameD:\wamp\www\lg\Storage\view\compile\0c28e7150ba5d668f4a1564650d3d0d8.php (160).
[ 2016-08-19T09:38:31+08:00 ]NOTICE: Undefined index: cnameD:\wamp\www\lg\Storage\view\compile\0c28e7150ba5d668f4a1564650d3d0d8.php (160).
[ 2016-08-19T09:38:51+08:00 ]NOTICE: Undefined offset: 0D:\wamp\www\lg\Storage\view\compile\0c28e7150ba5d668f4a1564650d3d0d8.php (160).
[ 2016-08-19T09:38:51+08:00 ]NOTICE: Undefined offset: 0D:\wamp\www\lg\Storage\view\compile\0c28e7150ba5d668f4a1564650d3d0d8.php (160).
[ 2016-08-19T09:38:51+08:00 ]NOTICE: Undefined offset: 0D:\wamp\www\lg\Storage\view\compile\0c28e7150ba5d668f4a1564650d3d0d8.php (160).
[ 2016-08-19T09:38:51+08:00 ]NOTICE: Undefined offset: 0D:\wamp\www\lg\Storage\view\compile\0c28e7150ba5d668f4a1564650d3d0d8.php (160).
[ 2016-08-19T09:38:51+08:00 ]NOTICE: Undefined offset: 0D:\wamp\www\lg\Storage\view\compile\0c28e7150ba5d668f4a1564650d3d0d8.php (160).
[ 2016-08-19T09:38:51+08:00 ]NOTICE: Undefined offset: 0D:\wamp\www\lg\Storage\view\compile\0c28e7150ba5d668f4a1564650d3d0d8.php (160).
[ 2016-08-19T09:46:40+08:00 ]NOTICE: Undefined variable: CategoryD:\wamp\www\lg\App\Home\Controller\IndexController.php (12).
[ 2016-08-19T10:07:49+08:00 ]NOTICE: Undefined index: countD:\wamp\www\lg\Storage\view\compile\286dfefc3a47450b91a200a6bcb80451.php (273).
[ 2016-08-19T10:08:42+08:00 ]NOTICE: Undefined index: cpidD:\wamp\www\lg\App\Home\Controller\JobController.php (16).
[ 2016-08-19T10:10:16+08:00 ]NOTICE: Undefined index: cpidD:\wamp\www\lg\App\Home\Controller\JobController.php (21).
[ 2016-08-19T10:12:18+08:00 ]NOTICE: Undefined index: cpidD:\wamp\www\lg\App\Home\Controller\JobController.php (21).
[ 2016-08-19T10:12:24+08:00 ]NOTICE: Undefined index: cpidD:\wamp\www\lg\App\Home\Controller\JobController.php (21).
[ 2016-08-19T10:12:28+08:00 ]NOTICE: Undefined index: cpidD:\wamp\www\lg\App\Home\Controller\JobController.php (21).
[ 2016-08-19T10:12:32+08:00 ]NOTICE: Undefined index: cpidD:\wamp\www\lg\App\Home\Controller\JobController.php (21).
[ 2016-08-19T10:13:31+08:00 ]NOTICE: Undefined index: cpidD:\wamp\www\lg\App\Home\Controller\JobController.php (21).
[ 2016-08-19T10:14:52+08:00 ]NOTICE: Undefined index: cpidD:\wamp\www\lg\App\Home\Controller\JobController.php (22).
[ 2016-08-19T10:18:15+08:00 ]EXCEPTION: 模板不存在:App/Home/View/Job/verify.php
[ 2016-08-19T10:19:05+08:00 ]EXCEPTION: 模板不存在:App/Home/View/Job/verify.php
[ 2016-08-19T10:19:10+08:00 ]EXCEPTION: 模板不存在:App/Home/View/Job/verify.php
[ 2016-08-19T10:19:49+08:00 ]EXCEPTION: 模板不存在:App/Home/View/Job/verify.php
[ 2016-08-19T10:20:02+08:00 ]NOTICE: Undefined index: cpidD:\wamp\www\lg\App\Home\Controller\JobController.php (21).
[ 2016-08-19T10:35:17+08:00 ]EXCEPTION: Home\Controller\JobhunterController 不存在
[ 2016-08-19T10:35:35+08:00 ]EXCEPTION: Home\Controller\JobhunterController 不存在
[ 2016-08-19T10:35:37+08:00 ]EXCEPTION: Home\Controller\JobhunterController 不存在
[ 2016-08-19T10:35:39+08:00 ]EXCEPTION: Home\Controller\JobhunterController 不存在
[ 2016-08-19T11:47:55+08:00 ]NOTICE: Undefined index: cpidD:\wamp\www\lg\App\Home\Controller\JobController.php (21).
[ 2016-08-19T11:48:52+08:00 ]EXCEPTION: Home\Controller\ResumeController 不存在
[ 2016-08-19T12:01:08+08:00 ]EXCEPTION: SELECT  *  FROM lg_user WHERE  ;BindParams:array (
)42000;1064;You have an error in your SQL syntax; check the manual that corresponds to your MySQL server version for the right syntax to use near '' at line 1
[ 2016-08-19T12:01:14+08:00 ]NOTICE: Undefined variable: userDataD:\wamp\www\lg\App\Home\Controller\JobhunterController.php (21).
[ 2016-08-19T16:28:56+08:00 ]NOTICE: Array to string conversionD:\wamp\www\lg\App\Home\Controller\JobhunterController.php (26).
[ 2016-08-19T16:29:00+08:00 ]NOTICE: Array to string conversionD:\wamp\www\lg\App\Home\Controller\JobhunterController.php (26).
[ 2016-08-19T16:31:03+08:00 ]NOTICE: Array to string conversionD:\wamp\www\lg\App\Home\Controller\JobhunterController.php (26).
[ 2016-08-19T16:32:56+08:00 ]NOTICE: Undefined variable: valueD:\wamp\www\lg\Storage\view\compile\ccdbb5a99913c19821d3f579f9bb9393.php (198).
[ 2016-08-19T16:32:56+08:00 ]NOTICE: Undefined variable: valueD:\wamp\www\lg\Storage\view\compile\ccdbb5a99913c19821d3f579f9bb9393.php (198).
[ 2016-08-19T16:32:56+08:00 ]NOTICE: Undefined variable: valueD:\wamp\www\lg\Storage\view\compile\ccdbb5a99913c19821d3f579f9bb9393.php (198).
[ 2016-08-19T16:40:03+08:00 ]NOTICE: Undefined variable: valueD:\wamp\www\lg\Storage\view\compile\ccdbb5a99913c19821d3f579f9bb9393.php (198).
[ 2016-08-19T16:40:03+08:00 ]NOTICE: Undefined variable: valueD:\wamp\www\lg\Storage\view\compile\ccdbb5a99913c19821d3f579f9bb9393.php (198).
[ 2016-08-19T16:40:03+08:00 ]NOTICE: Undefined variable: valueD:\wamp\www\lg\Storage\view\compile\ccdbb5a99913c19821d3f579f9bb9393.php (198).
[ 2016-08-19T16:40:38+08:00 ]NOTICE: Undefined variable: valueD:\wamp\www\lg\Storage\view\compile\ccdbb5a99913c19821d3f579f9bb9393.php (198).
[ 2016-08-19T16:40:38+08:00 ]NOTICE: Undefined variable: valueD:\wamp\www\lg\Storage\view\compile\ccdbb5a99913c19821d3f579f9bb9393.php (198).
[ 2016-08-19T16:40:38+08:00 ]NOTICE: Undefined variable: valueD:\wamp\www\lg\Storage\view\compile\ccdbb5a99913c19821d3f579f9bb9393.php (198).
[ 2016-08-19T16:40:49+08:00 ]NOTICE: Undefined variable: valueD:\wamp\www\lg\Storage\view\compile\ccdbb5a99913c19821d3f579f9bb9393.php (198).
[ 2016-08-19T16:40:49+08:00 ]NOTICE: Undefined variable: valueD:\wamp\www\lg\Storage\view\compile\ccdbb5a99913c19821d3f579f9bb9393.php (198).
[ 2016-08-19T16:40:49+08:00 ]NOTICE: Undefined variable: valueD:\wamp\www\lg\Storage\view\compile\ccdbb5a99913c19821d3f579f9bb9393.php (198).
[ 2016-08-19T16:41:00+08:00 ]NOTICE: Undefined variable: valueD:\wamp\www\lg\Storage\view\compile\ccdbb5a99913c19821d3f579f9bb9393.php (198).
[ 2016-08-19T16:41:00+08:00 ]NOTICE: Undefined variable: valueD:\wamp\www\lg\Storage\view\compile\ccdbb5a99913c19821d3f579f9bb9393.php (198).
[ 2016-08-19T16:41:00+08:00 ]NOTICE: Undefined variable: valueD:\wamp\www\lg\Storage\view\compile\ccdbb5a99913c19821d3f579f9bb9393.php (198).
[ 2016-08-19T16:41:05+08:00 ]NOTICE: Undefined variable: valueD:\wamp\www\lg\Storage\view\compile\ccdbb5a99913c19821d3f579f9bb9393.php (198).
[ 2016-08-19T16:41:05+08:00 ]NOTICE: Undefined variable: valueD:\wamp\www\lg\Storage\view\compile\ccdbb5a99913c19821d3f579f9bb9393.php (198).
[ 2016-08-19T16:41:05+08:00 ]NOTICE: Undefined variable: valueD:\wamp\www\lg\Storage\view\compile\ccdbb5a99913c19821d3f579f9bb9393.php (198).
[ 2016-08-19T16:43:27+08:00 ]NOTICE: Undefined index: countD:\wamp\www\lg\Storage\view\compile\286dfefc3a47450b91a200a6bcb80451.php (273).
[ 2016-08-19T16:44:18+08:00 ]NOTICE: Undefined variable: valueD:\wamp\www\lg\Storage\view\compile\ccdbb5a99913c19821d3f579f9bb9393.php (198).
[ 2016-08-19T16:44:18+08:00 ]NOTICE: Undefined variable: valueD:\wamp\www\lg\Storage\view\compile\ccdbb5a99913c19821d3f579f9bb9393.php (198).
[ 2016-08-19T16:44:18+08:00 ]NOTICE: Undefined variable: valueD:\wamp\www\lg\Storage\view\compile\ccdbb5a99913c19821d3f579f9bb9393.php (198).
[ 2016-08-19T16:46:14+08:00 ]NOTICE: Undefined index: countD:\wamp\www\lg\Storage\view\compile\286dfefc3a47450b91a200a6bcb80451.php (273).
[ 2016-08-19T16:49:52+08:00 ]NOTICE: Undefined variable: valueD:\wamp\www\lg\Storage\view\compile\ccdbb5a99913c19821d3f579f9bb9393.php (198).
[ 2016-08-19T16:49:52+08:00 ]NOTICE: Undefined variable: valueD:\wamp\www\lg\Storage\view\compile\ccdbb5a99913c19821d3f579f9bb9393.php (198).
[ 2016-08-19T16:49:52+08:00 ]NOTICE: Undefined variable: valueD:\wamp\www\lg\Storage\view\compile\ccdbb5a99913c19821d3f579f9bb9393.php (198).
[ 2016-08-19T16:50:19+08:00 ]NOTICE: Undefined variable: stringD:\wamp\www\lg\App\Home\Controller\JobhunterController.php (24).
[ 2016-08-19T16:50:19+08:00 ]NOTICE: Undefined variable: valueD:\wamp\www\lg\Storage\view\compile\ccdbb5a99913c19821d3f579f9bb9393.php (198).
[ 2016-08-19T16:50:23+08:00 ]NOTICE: Undefined variable: stringD:\wamp\www\lg\App\Home\Controller\JobhunterController.php (24).
[ 2016-08-19T16:50:23+08:00 ]NOTICE: Undefined variable: valueD:\wamp\www\lg\Storage\view\compile\ccdbb5a99913c19821d3f579f9bb9393.php (198).
[ 2016-08-19T16:50:27+08:00 ]NOTICE: Undefined variable: stringD:\wamp\www\lg\App\Home\Controller\JobhunterController.php (24).
[ 2016-08-19T16:50:27+08:00 ]NOTICE: Invalid argument supplied for foreach()D:\wamp\www\lg\Storage\view\compile\ccdbb5a99913c19821d3f579f9bb9393.php (197).
[ 2016-08-19T16:50:36+08:00 ]NOTICE: Invalid argument supplied for foreach()D:\wamp\www\lg\Storage\view\compile\ccdbb5a99913c19821d3f579f9bb9393.php (197).
[ 2016-08-19T16:50:44+08:00 ]NOTICE: explode() expects parameter 2 to be string, array givenD:\wamp\www\lg\App\Home\Controller\JobhunterController.php (24).
[ 2016-08-19T16:50:44+08:00 ]NOTICE: Invalid argument supplied for foreach()D:\wamp\www\lg\Storage\view\compile\ccdbb5a99913c19821d3f579f9bb9393.php (197).
[ 2016-08-19T16:50:56+08:00 ]NOTICE: Array to string conversionD:\wamp\www\lg\App\Home\Controller\JobhunterController.php (24).
[ 2016-08-19T16:50:56+08:00 ]NOTICE: Invalid argument supplied for foreach()D:\wamp\www\lg\Storage\view\compile\ccdbb5a99913c19821d3f579f9bb9393.php (197).
[ 2016-08-19T16:52:53+08:00 ]NOTICE: Use of undefined constant 女 - assumed '女'D:\wamp\www\lg\Storage\view\compile\ccdbb5a99913c19821d3f579f9bb9393.php (200).
[ 2016-08-19T16:52:54+08:00 ]NOTICE: Use of undefined constant 女 - assumed '女'D:\wamp\www\lg\Storage\view\compile\ccdbb5a99913c19821d3f579f9bb9393.php (200).
[ 2016-08-19T16:52:54+08:00 ]NOTICE: Use of undefined constant 女 - assumed '女'D:\wamp\www\lg\Storage\view\compile\ccdbb5a99913c19821d3f579f9bb9393.php (200).
[ 2016-08-19T16:52:54+08:00 ]NOTICE: Use of undefined constant 女 - assumed '女'D:\wamp\www\lg\Storage\view\compile\ccdbb5a99913c19821d3f579f9bb9393.php (200).
[ 2016-08-19T16:52:54+08:00 ]NOTICE: Use of undefined constant 女 - assumed '女'D:\wamp\www\lg\Storage\view\compile\ccdbb5a99913c19821d3f579f9bb9393.php (200).
