[ 2016-08-20T10:34:20+08:00 ]EXCEPTION: username=霹雳小王子222 ;BindParams:array (
)42000;1064;You have an error in your SQL syntax; check the manual that corresponds to your MySQL server version for the right syntax to use near 'username=霹雳小王子222' at line 1
[ 2016-08-20T10:36:11+08:00 ]EXCEPTION: username=霹雳小王子111 ;BindParams:array (
)42000;1064;You have an error in your SQL syntax; check the manual that corresponds to your MySQL server version for the right syntax to use near 'username=霹雳小王子111' at line 1
[ 2016-08-20T10:36:37+08:00 ]EXCEPTION: username= ;BindParams:array (
)42000;1064;You have an error in your SQL syntax; check the manual that corresponds to your MySQL server version for the right syntax to use near 'username=' at line 1
[ 2016-08-20T10:37:02+08:00 ]EXCEPTION: username=霹雳小王子22 ;BindParams:array (
)42000;1064;You have an error in your SQL syntax; check the manual that corresponds to your MySQL server version for the right syntax to use near 'username=霹雳小王子22' at line 1
[ 2016-08-20T10:40:03+08:00 ]EXCEPTION: username=霹雳小王子 ;BindParams:array (
)42000;1064;You have an error in your SQL syntax; check the manual that corresponds to your MySQL server version for the right syntax to use near 'username=霹雳小王子' at line 1
[ 2016-08-20T10:40:04+08:00 ]EXCEPTION: username=霹雳小王子 ;BindParams:array (
)42000;1064;You have an error in your SQL syntax; check the manual that corresponds to your MySQL server version for the right syntax to use near 'username=霹雳小王子' at line 1
[ 2016-08-20T10:40:04+08:00 ]EXCEPTION: username=霹雳小王子 ;BindParams:array (
)42000;1064;You have an error in your SQL syntax; check the manual that corresponds to your MySQL server version for the right syntax to use near 'username=霹雳小王子' at line 1
[ 2016-08-20T10:40:06+08:00 ]EXCEPTION: username=霹雳小王子 ;BindParams:array (
)42000;1064;You have an error in your SQL syntax; check the manual that corresponds to your MySQL server version for the right syntax to use near 'username=霹雳小王子' at line 1
[ 2016-08-20T10:40:07+08:00 ]EXCEPTION: username=霹雳小王子 ;BindParams:array (
)42000;1064;You have an error in your SQL syntax; check the manual that corresponds to your MySQL server version for the right syntax to use near 'username=霹雳小王子' at line 1
[ 2016-08-20T10:40:07+08:00 ]EXCEPTION: username=霹雳小王子 ;BindParams:array (
)42000;1064;You have an error in your SQL syntax; check the manual that corresponds to your MySQL server version for the right syntax to use near 'username=霹雳小王子' at line 1
[ 2016-08-20T10:40:07+08:00 ]EXCEPTION: username=霹雳小王子 ;BindParams:array (
)42000;1064;You have an error in your SQL syntax; check the manual that corresponds to your MySQL server version for the right syntax to use near 'username=霹雳小王子' at line 1
[ 2016-08-20T10:40:07+08:00 ]EXCEPTION: username=霹雳小王子 ;BindParams:array (
)42000;1064;You have an error in your SQL syntax; check the manual that corresponds to your MySQL server version for the right syntax to use near 'username=霹雳小王子' at line 1
[ 2016-08-20T10:41:51+08:00 ]EXCEPTION: username=霹雳小王子 ;BindParams:array (
)42000;1064;You have an error in your SQL syntax; check the manual that corresponds to your MySQL server version for the right syntax to use near 'username=霹雳小王子' at line 1
[ 2016-08-20T10:41:52+08:00 ]EXCEPTION: username=霹雳小王子 ;BindParams:array (
)42000;1064;You have an error in your SQL syntax; check the manual that corresponds to your MySQL server version for the right syntax to use near 'username=霹雳小王子' at line 1
[ 2016-08-20T10:41:52+08:00 ]EXCEPTION: username=霹雳小王子 ;BindParams:array (
)42000;1064;You have an error in your SQL syntax; check the manual that corresponds to your MySQL server version for the right syntax to use near 'username=霹雳小王子' at line 1
[ 2016-08-20T10:41:52+08:00 ]EXCEPTION: username=霹雳小王子 ;BindParams:array (
)42000;1064;You have an error in your SQL syntax; check the manual that corresponds to your MySQL server version for the right syntax to use near 'username=霹雳小王子' at line 1
[ 2016-08-20T10:41:52+08:00 ]EXCEPTION: username=霹雳小王子 ;BindParams:array (
)42000;1064;You have an error in your SQL syntax; check the manual that corresponds to your MySQL server version for the right syntax to use near 'username=霹雳小王子' at line 1
[ 2016-08-20T10:42:01+08:00 ]EXCEPTION: username=霹雳小王子 ;BindParams:array (
)42000;1064;You have an error in your SQL syntax; check the manual that corresponds to your MySQL server version for the right syntax to use near 'username=霹雳小王子' at line 1
[ 2016-08-20T10:42:02+08:00 ]EXCEPTION: username=霹雳小王子 ;BindParams:array (
)42000;1064;You have an error in your SQL syntax; check the manual that corresponds to your MySQL server version for the right syntax to use near 'username=霹雳小王子' at line 1
[ 2016-08-20T10:42:02+08:00 ]EXCEPTION: username=霹雳小王子 ;BindParams:array (
)42000;1064;You have an error in your SQL syntax; check the manual that corresponds to your MySQL server version for the right syntax to use near 'username=霹雳小王子' at line 1
[ 2016-08-20T11:08:23+08:00 ]EXCEPTION: Method Home\Controller\JobhunterController::() does not exist
[ 2016-08-20T11:08:24+08:00 ]EXCEPTION: Method Home\Controller\JobhunterController::() does not exist
[ 2016-08-20T13:08:29+08:00 ]EXCEPTION: SELECT  *  FROM resume WHERE uid=10 LIMIT 1 ;BindParams:array (
)42S22;1054;Unknown column 'uid' in 'where clause'
[ 2016-08-20T14:35:59+08:00 ]NOTICE: Undefined index: addressD:\wamp\www\lg\App\Home\Controller\JobhunterController.php (27).
[ 2016-08-20T14:35:59+08:00 ]NOTICE: Undefined index: accountD:\wamp\www\lg\Storage\view\compile\ccdbb5a99913c19821d3f579f9bb9393.php (161).
[ 2016-08-20T14:35:59+08:00 ]NOTICE: Undefined index: accountD:\wamp\www\lg\Storage\view\compile\ccdbb5a99913c19821d3f579f9bb9393.php (172).
[ 2016-08-20T14:35:59+08:00 ]NOTICE: Undefined index: addressD:\wamp\www\lg\Storage\view\compile\ccdbb5a99913c19821d3f579f9bb9393.php (207).
[ 2016-08-20T14:39:08+08:00 ]NOTICE: Undefined index: accountD:\wamp\www\lg\Storage\view\compile\ccdbb5a99913c19821d3f579f9bb9393.php (161).
[ 2016-08-20T14:39:08+08:00 ]NOTICE: Undefined index: accountD:\wamp\www\lg\Storage\view\compile\ccdbb5a99913c19821d3f579f9bb9393.php (172).
[ 2016-08-20T14:39:08+08:00 ]NOTICE: Undefined index: addressD:\wamp\www\lg\Storage\view\compile\ccdbb5a99913c19821d3f579f9bb9393.php (207).
[ 2016-08-20T14:39:56+08:00 ]NOTICE: Undefined index: accountD:\wamp\www\lg\Storage\view\compile\ccdbb5a99913c19821d3f579f9bb9393.php (161).
[ 2016-08-20T14:39:56+08:00 ]NOTICE: Undefined index: accountD:\wamp\www\lg\Storage\view\compile\ccdbb5a99913c19821d3f579f9bb9393.php (172).
[ 2016-08-20T14:43:05+08:00 ]NOTICE: Undefined index: accountD:\wamp\www\lg\Storage\view\compile\ccdbb5a99913c19821d3f579f9bb9393.php (161).
[ 2016-08-20T14:43:05+08:00 ]NOTICE: Undefined index: accountD:\wamp\www\lg\Storage\view\compile\ccdbb5a99913c19821d3f579f9bb9393.php (172).
[ 2016-08-20T14:50:06+08:00 ]NOTICE: Array to string conversionD:\wamp\www\lg\Storage\view\compile\ccdbb5a99913c19821d3f579f9bb9393.php (207).
[ 2016-08-20T14:50:06+08:00 ]NOTICE: Undefined index: D:\wamp\www\lg\Storage\view\compile\ccdbb5a99913c19821d3f579f9bb9393.php (303).
[ 2016-08-20T14:50:06+08:00 ]NOTICE: Undefined index: D:\wamp\www\lg\Storage\view\compile\ccdbb5a99913c19821d3f579f9bb9393.php (303).
[ 2016-08-20T14:50:06+08:00 ]NOTICE: Undefined index: D:\wamp\www\lg\Storage\view\compile\ccdbb5a99913c19821d3f579f9bb9393.php (303).
[ 2016-08-20T14:50:46+08:00 ]NOTICE: Array to string conversionD:\wamp\www\lg\Storage\view\compile\ccdbb5a99913c19821d3f579f9bb9393.php (207).
[ 2016-08-20T15:13:39+08:00 ]EXCEPTION: Method Home\Controller\JobhunterController::upload() does not exist
[ 2016-08-20T15:37:05+08:00 ]EXCEPTION: UPDATE resume SET `username`=?  WHERE uid=10 ;BindParams:array (
  'username' => '霹雳小王子2',
)42S22;1054;Unknown column 'uid' in 'where clause'
[ 2016-08-20T15:37:06+08:00 ]EXCEPTION: UPDATE resume SET `username`=?  WHERE uid=10 ;BindParams:array (
  'username' => '霹雳小王子2',
)42S22;1054;Unknown column 'uid' in 'where clause'
[ 2016-08-20T15:37:06+08:00 ]EXCEPTION: UPDATE resume SET `username`=?  WHERE uid=10 ;BindParams:array (
  'username' => '霹雳小王子2',
)42S22;1054;Unknown column 'uid' in 'where clause'
[ 2016-08-20T15:37:06+08:00 ]EXCEPTION: UPDATE resume SET `username`=?  WHERE uid=10 ;BindParams:array (
  'username' => '霹雳小王子2',
)42S22;1054;Unknown column 'uid' in 'where clause'
[ 2016-08-20T15:37:07+08:00 ]EXCEPTION: UPDATE resume SET `username`=?  WHERE uid=10 ;BindParams:array (
  'username' => '霹雳小王子2',
)42S22;1054;Unknown column 'uid' in 'where clause'
[ 2016-08-20T15:37:25+08:00 ]NOTICE: Array to string conversionD:\wamp\www\lg\Storage\view\compile\ccdbb5a99913c19821d3f579f9bb9393.php (207).
[ 2016-08-20T15:37:25+08:00 ]NOTICE: Array to string conversionD:\wamp\www\lg\Storage\view\compile\ccdbb5a99913c19821d3f579f9bb9393.php (303).
[ 2016-08-20T15:37:25+08:00 ]NOTICE: Undefined index: D:\wamp\www\lg\Storage\view\compile\ccdbb5a99913c19821d3f579f9bb9393.php (303).
[ 2016-08-20T15:37:25+08:00 ]NOTICE: Undefined index: D:\wamp\www\lg\Storage\view\compile\ccdbb5a99913c19821d3f579f9bb9393.php (303).
[ 2016-08-20T15:38:11+08:00 ]EXCEPTION: UPDATE resume SET `username`=?  WHERE uid=10 ;BindParams:array (
  'username' => '霹雳小王子22',
)42S22;1054;Unknown column 'uid' in 'where clause'
[ 2016-08-20T15:38:13+08:00 ]EXCEPTION: UPDATE resume SET `username`=?  WHERE uid=10 ;BindParams:array (
  'username' => '霹雳小王子22',
)42S22;1054;Unknown column 'uid' in 'where clause'
[ 2016-08-20T15:38:13+08:00 ]EXCEPTION: UPDATE resume SET `username`=?  WHERE uid=10 ;BindParams:array (
  'username' => '霹雳小王子22',
)42S22;1054;Unknown column 'uid' in 'where clause'
[ 2016-08-20T15:38:13+08:00 ]EXCEPTION: UPDATE resume SET `username`=?  WHERE uid=10 ;BindParams:array (
  'username' => '霹雳小王子22',
)42S22;1054;Unknown column 'uid' in 'where clause'
[ 2016-08-20T15:38:13+08:00 ]EXCEPTION: UPDATE resume SET `username`=?  WHERE uid=10 ;BindParams:array (
  'username' => '霹雳小王子22',
)42S22;1054;Unknown column 'uid' in 'where clause'
[ 2016-08-20T15:38:13+08:00 ]EXCEPTION: UPDATE resume SET `username`=?  WHERE uid=10 ;BindParams:array (
  'username' => '霹雳小王子22',
)42S22;1054;Unknown column 'uid' in 'where clause'
[ 2016-08-20T15:38:14+08:00 ]EXCEPTION: UPDATE resume SET `username`=?  WHERE uid=10 ;BindParams:array (
  'username' => '霹雳小王子22',
)42S22;1054;Unknown column 'uid' in 'where clause'
[ 2016-08-20T15:38:16+08:00 ]EXCEPTION: UPDATE resume SET `username`=?  WHERE uid=10 ;BindParams:array (
  'username' => '霹雳小王子22',
)42S22;1054;Unknown column 'uid' in 'where clause'
[ 2016-08-20T15:38:16+08:00 ]EXCEPTION: UPDATE resume SET `username`=?  WHERE uid=10 ;BindParams:array (
  'username' => '霹雳小王子22',
)42S22;1054;Unknown column 'uid' in 'where clause'
[ 2016-08-20T15:38:17+08:00 ]EXCEPTION: UPDATE resume SET `username`=?  WHERE uid=10 ;BindParams:array (
  'username' => '霹雳小王子22',
)42S22;1054;Unknown column 'uid' in 'where clause'
[ 2016-08-20T15:38:59+08:00 ]EXCEPTION: UPDATE resume SET `username`=?  WHERE uid=10 ;BindParams:array (
  'username' => '霹雳小王子1',
)42S22;1054;Unknown column 'uid' in 'where clause'
[ 2016-08-20T15:39:03+08:00 ]EXCEPTION: UPDATE resume SET `username`=?  WHERE uid=10 ;BindParams:array (
  'username' => '霹雳小王子1',
)42S22;1054;Unknown column 'uid' in 'where clause'
[ 2016-08-20T15:39:06+08:00 ]EXCEPTION: UPDATE resume SET `username`=?  WHERE uid=10 ;BindParams:array (
  'username' => '霹雳小王子1',
)42S22;1054;Unknown column 'uid' in 'where clause'
[ 2016-08-20T15:39:07+08:00 ]EXCEPTION: UPDATE resume SET `username`=?  WHERE uid=10 ;BindParams:array (
  'username' => '霹雳小王子1',
)42S22;1054;Unknown column 'uid' in 'where clause'
[ 2016-08-20T15:39:09+08:00 ]EXCEPTION: UPDATE resume SET `username`=?  WHERE uid=10 ;BindParams:array (
  'username' => '霹雳小王子1',
)42S22;1054;Unknown column 'uid' in 'where clause'
[ 2016-08-20T15:40:54+08:00 ]EXCEPTION: UPDATE resume SET `username`=?  WHERE uid=10 ;BindParams:array (
  'username' => '霹雳小王子1',
)42S22;1054;Unknown column 'uid' in 'where clause'
[ 2016-08-20T15:40:54+08:00 ]EXCEPTION: UPDATE resume SET `username`=?  WHERE uid=10 ;BindParams:array (
  'username' => '霹雳小王子1',
)42S22;1054;Unknown column 'uid' in 'where clause'
[ 2016-08-20T15:40:55+08:00 ]EXCEPTION: UPDATE resume SET `username`=?  WHERE uid=10 ;BindParams:array (
  'username' => '霹雳小王子1',
)42S22;1054;Unknown column 'uid' in 'where clause'
[ 2016-08-20T15:40:55+08:00 ]EXCEPTION: UPDATE resume SET `username`=?  WHERE uid=10 ;BindParams:array (
  'username' => '霹雳小王子1',
)42S22;1054;Unknown column 'uid' in 'where clause'
[ 2016-08-20T15:41:30+08:00 ]EXCEPTION: UPDATE resume SET `username`=?  WHERE uid=10 ;BindParams:array (
  'username' => '霹雳小王子',
)42S22;1054;Unknown column 'uid' in 'where clause'
[ 2016-08-20T15:41:50+08:00 ]EXCEPTION: UPDATE resume SET `username`=?  WHERE uid=10 ;BindParams:array (
  'username' => '霹雳小王子',
)42S22;1054;Unknown column 'uid' in 'where clause'
[ 2016-08-20T15:41:50+08:00 ]EXCEPTION: UPDATE resume SET `username`=?  WHERE uid=10 ;BindParams:array (
  'username' => '霹雳小王子',
)42S22;1054;Unknown column 'uid' in 'where clause'
[ 2016-08-20T15:41:51+08:00 ]EXCEPTION: UPDATE resume SET `username`=?  WHERE uid=10 ;BindParams:array (
  'username' => '霹雳小王子',
)42S22;1054;Unknown column 'uid' in 'where clause'
[ 2016-08-20T15:56:41+08:00 ]NOTICE: Undefined index: countD:\wamp\www\lg\Storage\view\compile\286dfefc3a47450b91a200a6bcb80451.php (273).
[ 2016-08-20T15:56:53+08:00 ]NOTICE: Undefined index: countD:\wamp\www\lg\Storage\view\compile\286dfefc3a47450b91a200a6bcb80451.php (273).
[ 2016-08-20T15:57:29+08:00 ]NOTICE: Undefined index: countD:\wamp\www\lg\Storage\view\compile\286dfefc3a47450b91a200a6bcb80451.php (273).
[ 2016-08-20T15:57:37+08:00 ]NOTICE: Undefined index: countD:\wamp\www\lg\Storage\view\compile\286dfefc3a47450b91a200a6bcb80451.php (273).
[ 2016-08-20T16:05:21+08:00 ]NOTICE: Undefined variable: jobDataD:\wamp\www\lg\Storage\view\compile\0c28e7150ba5d668f4a1564650d3d0d8.php (362).
[ 2016-08-20T16:05:21+08:00 ]NOTICE: Invalid argument supplied for foreach()D:\wamp\www\lg\Storage\view\compile\0c28e7150ba5d668f4a1564650d3d0d8.php (362).
[ 2016-08-20T16:06:03+08:00 ]NOTICE: Undefined index: pubdateD:\wamp\www\lg\App\Home\Controller\IndexController.php (21).
[ 2016-08-20T16:06:03+08:00 ]NOTICE: Undefined variable: jobDataD:\wamp\www\lg\Storage\view\compile\0c28e7150ba5d668f4a1564650d3d0d8.php (362).
[ 2016-08-20T16:06:03+08:00 ]NOTICE: Invalid argument supplied for foreach()D:\wamp\www\lg\Storage\view\compile\0c28e7150ba5d668f4a1564650d3d0d8.php (362).
[ 2016-08-20T16:06:14+08:00 ]NOTICE: Undefined variable: jobDataD:\wamp\www\lg\Storage\view\compile\0c28e7150ba5d668f4a1564650d3d0d8.php (362).
[ 2016-08-20T16:06:14+08:00 ]NOTICE: Invalid argument supplied for foreach()D:\wamp\www\lg\Storage\view\compile\0c28e7150ba5d668f4a1564650d3d0d8.php (362).
[ 2016-08-20T16:06:29+08:00 ]NOTICE: Undefined variable: jobDataD:\wamp\www\lg\Storage\view\compile\0c28e7150ba5d668f4a1564650d3d0d8.php (362).
[ 2016-08-20T16:06:29+08:00 ]NOTICE: Invalid argument supplied for foreach()D:\wamp\www\lg\Storage\view\compile\0c28e7150ba5d668f4a1564650d3d0d8.php (362).
[ 2016-08-20T16:09:46+08:00 ]NOTICE: Undefined variable: jobDataD:\wamp\www\lg\Storage\view\compile\0c28e7150ba5d668f4a1564650d3d0d8.php (362).
[ 2016-08-20T16:09:46+08:00 ]NOTICE: Invalid argument supplied for foreach()D:\wamp\www\lg\Storage\view\compile\0c28e7150ba5d668f4a1564650d3d0d8.php (362).
[ 2016-08-20T16:09:51+08:00 ]NOTICE: Undefined variable: jobDataD:\wamp\www\lg\Storage\view\compile\0c28e7150ba5d668f4a1564650d3d0d8.php (362).
[ 2016-08-20T16:09:51+08:00 ]NOTICE: Invalid argument supplied for foreach()D:\wamp\www\lg\Storage\view\compile\0c28e7150ba5d668f4a1564650d3d0d8.php (362).
[ 2016-08-20T16:09:53+08:00 ]NOTICE: Undefined variable: jobDataD:\wamp\www\lg\Storage\view\compile\0c28e7150ba5d668f4a1564650d3d0d8.php (362).
[ 2016-08-20T16:09:53+08:00 ]NOTICE: Invalid argument supplied for foreach()D:\wamp\www\lg\Storage\view\compile\0c28e7150ba5d668f4a1564650d3d0d8.php (362).
[ 2016-08-20T16:09:54+08:00 ]NOTICE: Undefined variable: jobDataD:\wamp\www\lg\Storage\view\compile\0c28e7150ba5d668f4a1564650d3d0d8.php (362).
[ 2016-08-20T16:09:54+08:00 ]NOTICE: Invalid argument supplied for foreach()D:\wamp\www\lg\Storage\view\compile\0c28e7150ba5d668f4a1564650d3d0d8.php (362).
[ 2016-08-20T16:11:10+08:00 ]NOTICE: date() expects parameter 2 to be long, array givenD:\wamp\www\lg\App\Home\Controller\IndexController.php (25).
[ 2016-08-20T16:11:10+08:00 ]NOTICE: Undefined variable: jobDataD:\wamp\www\lg\Storage\view\compile\0c28e7150ba5d668f4a1564650d3d0d8.php (362).
[ 2016-08-20T16:11:10+08:00 ]NOTICE: Invalid argument supplied for foreach()D:\wamp\www\lg\Storage\view\compile\0c28e7150ba5d668f4a1564650d3d0d8.php (362).
[ 2016-08-20T16:11:16+08:00 ]NOTICE: Undefined variable: jobDataD:\wamp\www\lg\Storage\view\compile\0c28e7150ba5d668f4a1564650d3d0d8.php (362).
[ 2016-08-20T16:11:16+08:00 ]NOTICE: Invalid argument supplied for foreach()D:\wamp\www\lg\Storage\view\compile\0c28e7150ba5d668f4a1564650d3d0d8.php (362).
[ 2016-08-20T16:11:25+08:00 ]NOTICE: Undefined variable: jobDataD:\wamp\www\lg\Storage\view\compile\0c28e7150ba5d668f4a1564650d3d0d8.php (362).
[ 2016-08-20T16:11:25+08:00 ]NOTICE: Invalid argument supplied for foreach()D:\wamp\www\lg\Storage\view\compile\0c28e7150ba5d668f4a1564650d3d0d8.php (362).
[ 2016-08-20T16:11:28+08:00 ]NOTICE: Undefined variable: jobDataD:\wamp\www\lg\Storage\view\compile\0c28e7150ba5d668f4a1564650d3d0d8.php (362).
[ 2016-08-20T16:11:28+08:00 ]NOTICE: Invalid argument supplied for foreach()D:\wamp\www\lg\Storage\view\compile\0c28e7150ba5d668f4a1564650d3d0d8.php (362).
[ 2016-08-20T16:11:40+08:00 ]NOTICE: date() expects parameter 2 to be long, array givenD:\wamp\www\lg\App\Home\Controller\IndexController.php (25).
[ 2016-08-20T16:11:40+08:00 ]NOTICE: Undefined variable: jobDataD:\wamp\www\lg\Storage\view\compile\0c28e7150ba5d668f4a1564650d3d0d8.php (362).
[ 2016-08-20T16:11:40+08:00 ]NOTICE: Invalid argument supplied for foreach()D:\wamp\www\lg\Storage\view\compile\0c28e7150ba5d668f4a1564650d3d0d8.php (362).
[ 2016-08-20T16:11:57+08:00 ]NOTICE: Undefined index: pubdateD:\wamp\www\lg\App\Home\Controller\IndexController.php (25).
[ 2016-08-20T16:11:57+08:00 ]NOTICE: Undefined variable: jobDataD:\wamp\www\lg\Storage\view\compile\0c28e7150ba5d668f4a1564650d3d0d8.php (362).
[ 2016-08-20T16:11:57+08:00 ]NOTICE: Invalid argument supplied for foreach()D:\wamp\www\lg\Storage\view\compile\0c28e7150ba5d668f4a1564650d3d0d8.php (362).
[ 2016-08-20T16:12:54+08:00 ]NOTICE: Undefined index: pubdateD:\wamp\www\lg\App\Home\Controller\IndexController.php (25).
[ 2016-08-20T16:12:54+08:00 ]NOTICE: Undefined variable: jobDataD:\wamp\www\lg\Storage\view\compile\0c28e7150ba5d668f4a1564650d3d0d8.php (362).
[ 2016-08-20T16:12:54+08:00 ]NOTICE: Invalid argument supplied for foreach()D:\wamp\www\lg\Storage\view\compile\0c28e7150ba5d668f4a1564650d3d0d8.php (362).
[ 2016-08-20T16:13:15+08:00 ]NOTICE: Undefined variable: jobDataD:\wamp\www\lg\Storage\view\compile\0c28e7150ba5d668f4a1564650d3d0d8.php (362).
[ 2016-08-20T16:13:15+08:00 ]NOTICE: Invalid argument supplied for foreach()D:\wamp\www\lg\Storage\view\compile\0c28e7150ba5d668f4a1564650d3d0d8.php (362).
[ 2016-08-20T16:14:50+08:00 ]NOTICE: Undefined variable: jobDataD:\wamp\www\lg\Storage\view\compile\0c28e7150ba5d668f4a1564650d3d0d8.php (362).
[ 2016-08-20T16:14:50+08:00 ]NOTICE: Invalid argument supplied for foreach()D:\wamp\www\lg\Storage\view\compile\0c28e7150ba5d668f4a1564650d3d0d8.php (362).
[ 2016-08-20T16:16:59+08:00 ]NOTICE: Undefined variable: jobDataD:\wamp\www\lg\Storage\view\compile\0c28e7150ba5d668f4a1564650d3d0d8.php (356).
[ 2016-08-20T16:16:59+08:00 ]NOTICE: Invalid argument supplied for foreach()D:\wamp\www\lg\Storage\view\compile\0c28e7150ba5d668f4a1564650d3d0d8.php (356).
[ 2016-08-20T16:17:12+08:00 ]NOTICE: Undefined variable: jobDataD:\wamp\www\lg\Storage\view\compile\0c28e7150ba5d668f4a1564650d3d0d8.php (407).
[ 2016-08-20T16:17:12+08:00 ]NOTICE: Invalid argument supplied for foreach()D:\wamp\www\lg\Storage\view\compile\0c28e7150ba5d668f4a1564650d3d0d8.php (407).
[ 2016-08-20T16:17:38+08:00 ]NOTICE: Undefined variable: jobDataD:\wamp\www\lg\Storage\view\compile\0c28e7150ba5d668f4a1564650d3d0d8.php (407).
[ 2016-08-20T16:17:38+08:00 ]NOTICE: Invalid argument supplied for foreach()D:\wamp\www\lg\Storage\view\compile\0c28e7150ba5d668f4a1564650d3d0d8.php (407).
[ 2016-08-20T16:48:36+08:00 ]NOTICE: Undefined variable: companyDataD:\wamp\www\lg\Storage\view\compile\0c28e7150ba5d668f4a1564650d3d0d8.php (433).
[ 2016-08-20T16:48:36+08:00 ]NOTICE: Undefined variable: companyDataD:\wamp\www\lg\Storage\view\compile\0c28e7150ba5d668f4a1564650d3d0d8.php (437).
[ 2016-08-20T16:48:36+08:00 ]NOTICE: Undefined variable: companyDataD:\wamp\www\lg\Storage\view\compile\0c28e7150ba5d668f4a1564650d3d0d8.php (437).
[ 2016-08-20T16:48:36+08:00 ]NOTICE: Undefined variable: companyDataD:\wamp\www\lg\Storage\view\compile\0c28e7150ba5d668f4a1564650d3d0d8.php (433).
[ 2016-08-20T16:48:36+08:00 ]NOTICE: Undefined variable: companyDataD:\wamp\www\lg\Storage\view\compile\0c28e7150ba5d668f4a1564650d3d0d8.php (437).
[ 2016-08-20T16:48:36+08:00 ]NOTICE: Undefined variable: companyDataD:\wamp\www\lg\Storage\view\compile\0c28e7150ba5d668f4a1564650d3d0d8.php (437).
[ 2016-08-20T16:48:36+08:00 ]NOTICE: Undefined variable: companyDataD:\wamp\www\lg\Storage\view\compile\0c28e7150ba5d668f4a1564650d3d0d8.php (433).
[ 2016-08-20T16:48:36+08:00 ]NOTICE: Undefined variable: companyDataD:\wamp\www\lg\Storage\view\compile\0c28e7150ba5d668f4a1564650d3d0d8.php (437).
[ 2016-08-20T16:48:36+08:00 ]NOTICE: Undefined variable: companyDataD:\wamp\www\lg\Storage\view\compile\0c28e7150ba5d668f4a1564650d3d0d8.php (437).
[ 2016-08-20T16:49:22+08:00 ]NOTICE: Undefined variable: companyDataD:\wamp\www\lg\Storage\view\compile\0c28e7150ba5d668f4a1564650d3d0d8.php (433).
[ 2016-08-20T16:49:22+08:00 ]NOTICE: Undefined variable: companyDataD:\wamp\www\lg\Storage\view\compile\0c28e7150ba5d668f4a1564650d3d0d8.php (437).
[ 2016-08-20T16:49:22+08:00 ]NOTICE: Undefined variable: companyDataD:\wamp\www\lg\Storage\view\compile\0c28e7150ba5d668f4a1564650d3d0d8.php (437).
[ 2016-08-20T16:49:22+08:00 ]NOTICE: Undefined variable: companyDataD:\wamp\www\lg\Storage\view\compile\0c28e7150ba5d668f4a1564650d3d0d8.php (445).
[ 2016-08-20T16:49:22+08:00 ]NOTICE: Undefined variable: companyDataD:\wamp\www\lg\Storage\view\compile\0c28e7150ba5d668f4a1564650d3d0d8.php (433).
[ 2016-08-20T16:49:22+08:00 ]NOTICE: Undefined variable: companyDataD:\wamp\www\lg\Storage\view\compile\0c28e7150ba5d668f4a1564650d3d0d8.php (437).
[ 2016-08-20T16:49:22+08:00 ]NOTICE: Undefined variable: companyDataD:\wamp\www\lg\Storage\view\compile\0c28e7150ba5d668f4a1564650d3d0d8.php (437).
[ 2016-08-20T16:49:22+08:00 ]NOTICE: Undefined variable: companyDataD:\wamp\www\lg\Storage\view\compile\0c28e7150ba5d668f4a1564650d3d0d8.php (445).
[ 2016-08-20T16:49:22+08:00 ]NOTICE: Undefined variable: companyDataD:\wamp\www\lg\Storage\view\compile\0c28e7150ba5d668f4a1564650d3d0d8.php (433).
[ 2016-08-20T16:49:22+08:00 ]NOTICE: Undefined variable: companyDataD:\wamp\www\lg\Storage\view\compile\0c28e7150ba5d668f4a1564650d3d0d8.php (437).
[ 2016-08-20T16:49:22+08:00 ]NOTICE: Undefined variable: companyDataD:\wamp\www\lg\Storage\view\compile\0c28e7150ba5d668f4a1564650d3d0d8.php (437).
[ 2016-08-20T16:49:22+08:00 ]NOTICE: Undefined variable: companyDataD:\wamp\www\lg\Storage\view\compile\0c28e7150ba5d668f4a1564650d3d0d8.php (445).
[ 2016-08-20T16:49:27+08:00 ]NOTICE: Undefined variable: companyDataD:\wamp\www\lg\Storage\view\compile\0c28e7150ba5d668f4a1564650d3d0d8.php (433).
[ 2016-08-20T16:49:27+08:00 ]NOTICE: Undefined variable: companyDataD:\wamp\www\lg\Storage\view\compile\0c28e7150ba5d668f4a1564650d3d0d8.php (437).
[ 2016-08-20T16:49:27+08:00 ]NOTICE: Undefined variable: companyDataD:\wamp\www\lg\Storage\view\compile\0c28e7150ba5d668f4a1564650d3d0d8.php (437).
[ 2016-08-20T16:49:27+08:00 ]NOTICE: Undefined variable: companyDataD:\wamp\www\lg\Storage\view\compile\0c28e7150ba5d668f4a1564650d3d0d8.php (445).
[ 2016-08-20T16:49:27+08:00 ]NOTICE: Undefined variable: companyDataD:\wamp\www\lg\Storage\view\compile\0c28e7150ba5d668f4a1564650d3d0d8.php (433).
[ 2016-08-20T16:49:27+08:00 ]NOTICE: Undefined variable: companyDataD:\wamp\www\lg\Storage\view\compile\0c28e7150ba5d668f4a1564650d3d0d8.php (437).
[ 2016-08-20T16:49:27+08:00 ]NOTICE: Undefined variable: companyDataD:\wamp\www\lg\Storage\view\compile\0c28e7150ba5d668f4a1564650d3d0d8.php (437).
[ 2016-08-20T16:49:27+08:00 ]NOTICE: Undefined variable: companyDataD:\wamp\www\lg\Storage\view\compile\0c28e7150ba5d668f4a1564650d3d0d8.php (445).
[ 2016-08-20T16:49:27+08:00 ]NOTICE: Undefined variable: companyDataD:\wamp\www\lg\Storage\view\compile\0c28e7150ba5d668f4a1564650d3d0d8.php (433).
[ 2016-08-20T16:49:27+08:00 ]NOTICE: Undefined variable: companyDataD:\wamp\www\lg\Storage\view\compile\0c28e7150ba5d668f4a1564650d3d0d8.php (437).
[ 2016-08-20T16:49:27+08:00 ]NOTICE: Undefined variable: companyDataD:\wamp\www\lg\Storage\view\compile\0c28e7150ba5d668f4a1564650d3d0d8.php (437).
[ 2016-08-20T16:49:27+08:00 ]NOTICE: Undefined variable: companyDataD:\wamp\www\lg\Storage\view\compile\0c28e7150ba5d668f4a1564650d3d0d8.php (445).
[ 2016-08-20T16:52:16+08:00 ]NOTICE: Undefined variable: companyDataD:\wamp\www\lg\Storage\view\compile\0c28e7150ba5d668f4a1564650d3d0d8.php (433).
[ 2016-08-20T16:52:16+08:00 ]NOTICE: Undefined variable: companyDataD:\wamp\www\lg\Storage\view\compile\0c28e7150ba5d668f4a1564650d3d0d8.php (437).
[ 2016-08-20T16:52:16+08:00 ]NOTICE: Undefined variable: companyDataD:\wamp\www\lg\Storage\view\compile\0c28e7150ba5d668f4a1564650d3d0d8.php (437).
[ 2016-08-20T16:52:16+08:00 ]NOTICE: Undefined variable: companyDataD:\wamp\www\lg\Storage\view\compile\0c28e7150ba5d668f4a1564650d3d0d8.php (445).
[ 2016-08-20T16:52:16+08:00 ]NOTICE: Undefined variable: companyDataD:\wamp\www\lg\Storage\view\compile\0c28e7150ba5d668f4a1564650d3d0d8.php (433).
[ 2016-08-20T16:52:16+08:00 ]NOTICE: Undefined variable: companyDataD:\wamp\www\lg\Storage\view\compile\0c28e7150ba5d668f4a1564650d3d0d8.php (437).
[ 2016-08-20T16:52:16+08:00 ]NOTICE: Undefined variable: companyDataD:\wamp\www\lg\Storage\view\compile\0c28e7150ba5d668f4a1564650d3d0d8.php (437).
[ 2016-08-20T16:52:16+08:00 ]NOTICE: Undefined variable: companyDataD:\wamp\www\lg\Storage\view\compile\0c28e7150ba5d668f4a1564650d3d0d8.php (445).
[ 2016-08-20T16:52:16+08:00 ]NOTICE: Undefined variable: companyDataD:\wamp\www\lg\Storage\view\compile\0c28e7150ba5d668f4a1564650d3d0d8.php (433).
[ 2016-08-20T16:52:16+08:00 ]NOTICE: Undefined variable: companyDataD:\wamp\www\lg\Storage\view\compile\0c28e7150ba5d668f4a1564650d3d0d8.php (437).
[ 2016-08-20T16:52:16+08:00 ]NOTICE: Undefined variable: companyDataD:\wamp\www\lg\Storage\view\compile\0c28e7150ba5d668f4a1564650d3d0d8.php (437).
[ 2016-08-20T16:52:16+08:00 ]NOTICE: Undefined variable: companyDataD:\wamp\www\lg\Storage\view\compile\0c28e7150ba5d668f4a1564650d3d0d8.php (445).
[ 2016-08-20T16:57:49+08:00 ]NOTICE: Undefined variable: companyDataD:\wamp\www\lg\Storage\view\compile\0c28e7150ba5d668f4a1564650d3d0d8.php (433).
[ 2016-08-20T16:57:49+08:00 ]NOTICE: Undefined variable: companyDataD:\wamp\www\lg\Storage\view\compile\0c28e7150ba5d668f4a1564650d3d0d8.php (437).
[ 2016-08-20T16:57:49+08:00 ]NOTICE: Undefined variable: companyDataD:\wamp\www\lg\Storage\view\compile\0c28e7150ba5d668f4a1564650d3d0d8.php (437).
[ 2016-08-20T16:57:49+08:00 ]NOTICE: Undefined variable: companyDataD:\wamp\www\lg\Storage\view\compile\0c28e7150ba5d668f4a1564650d3d0d8.php (445).
[ 2016-08-20T16:57:49+08:00 ]NOTICE: Undefined variable: companyDataD:\wamp\www\lg\Storage\view\compile\0c28e7150ba5d668f4a1564650d3d0d8.php (433).
[ 2016-08-20T16:57:49+08:00 ]NOTICE: Undefined variable: companyDataD:\wamp\www\lg\Storage\view\compile\0c28e7150ba5d668f4a1564650d3d0d8.php (437).
[ 2016-08-20T16:57:49+08:00 ]NOTICE: Undefined variable: companyDataD:\wamp\www\lg\Storage\view\compile\0c28e7150ba5d668f4a1564650d3d0d8.php (437).
[ 2016-08-20T16:57:49+08:00 ]NOTICE: Undefined variable: companyDataD:\wamp\www\lg\Storage\view\compile\0c28e7150ba5d668f4a1564650d3d0d8.php (445).
[ 2016-08-20T16:57:49+08:00 ]NOTICE: Undefined variable: companyDataD:\wamp\www\lg\Storage\view\compile\0c28e7150ba5d668f4a1564650d3d0d8.php (433).
[ 2016-08-20T16:57:49+08:00 ]NOTICE: Undefined variable: companyDataD:\wamp\www\lg\Storage\view\compile\0c28e7150ba5d668f4a1564650d3d0d8.php (437).
[ 2016-08-20T16:57:49+08:00 ]NOTICE: Undefined variable: companyDataD:\wamp\www\lg\Storage\view\compile\0c28e7150ba5d668f4a1564650d3d0d8.php (437).
[ 2016-08-20T16:57:49+08:00 ]NOTICE: Undefined variable: companyDataD:\wamp\www\lg\Storage\view\compile\0c28e7150ba5d668f4a1564650d3d0d8.php (445).
[ 2016-08-20T16:58:48+08:00 ]NOTICE: Undefined variable: dataD:\wamp\www\lg\Storage\view\compile\0c28e7150ba5d668f4a1564650d3d0d8.php (407).
[ 2016-08-20T16:58:48+08:00 ]NOTICE: Invalid argument supplied for foreach()D:\wamp\www\lg\Storage\view\compile\0c28e7150ba5d668f4a1564650d3d0d8.php (407).
[ 2016-08-20T16:59:03+08:00 ]NOTICE: Undefined variable: companyDataD:\wamp\www\lg\Storage\view\compile\0c28e7150ba5d668f4a1564650d3d0d8.php (433).
[ 2016-08-20T16:59:03+08:00 ]NOTICE: Undefined variable: companyDataD:\wamp\www\lg\Storage\view\compile\0c28e7150ba5d668f4a1564650d3d0d8.php (437).
[ 2016-08-20T16:59:03+08:00 ]NOTICE: Undefined variable: companyDataD:\wamp\www\lg\Storage\view\compile\0c28e7150ba5d668f4a1564650d3d0d8.php (437).
[ 2016-08-20T16:59:03+08:00 ]NOTICE: Undefined variable: companyDataD:\wamp\www\lg\Storage\view\compile\0c28e7150ba5d668f4a1564650d3d0d8.php (445).
[ 2016-08-20T16:59:03+08:00 ]NOTICE: Undefined variable: companyDataD:\wamp\www\lg\Storage\view\compile\0c28e7150ba5d668f4a1564650d3d0d8.php (433).
[ 2016-08-20T16:59:03+08:00 ]NOTICE: Undefined variable: companyDataD:\wamp\www\lg\Storage\view\compile\0c28e7150ba5d668f4a1564650d3d0d8.php (437).
[ 2016-08-20T16:59:03+08:00 ]NOTICE: Undefined variable: companyDataD:\wamp\www\lg\Storage\view\compile\0c28e7150ba5d668f4a1564650d3d0d8.php (437).
[ 2016-08-20T16:59:03+08:00 ]NOTICE: Undefined variable: companyDataD:\wamp\www\lg\Storage\view\compile\0c28e7150ba5d668f4a1564650d3d0d8.php (445).
[ 2016-08-20T16:59:03+08:00 ]NOTICE: Undefined variable: companyDataD:\wamp\www\lg\Storage\view\compile\0c28e7150ba5d668f4a1564650d3d0d8.php (433).
[ 2016-08-20T16:59:03+08:00 ]NOTICE: Undefined variable: companyDataD:\wamp\www\lg\Storage\view\compile\0c28e7150ba5d668f4a1564650d3d0d8.php (437).
[ 2016-08-20T16:59:03+08:00 ]NOTICE: Undefined variable: companyDataD:\wamp\www\lg\Storage\view\compile\0c28e7150ba5d668f4a1564650d3d0d8.php (437).
[ 2016-08-20T16:59:03+08:00 ]NOTICE: Undefined variable: companyDataD:\wamp\www\lg\Storage\view\compile\0c28e7150ba5d668f4a1564650d3d0d8.php (445).
[ 2016-08-20T20:13:12+08:00 ]NOTICE: Use of undefined constant jid - assumed 'jid'D:\wamp\www\lg\Storage\view\compile\47cf42f47480263b49b6d10bf25e3e5e.php (16).
[ 2016-08-20T20:54:06+08:00 ]NOTICE: Missing argument 1 for Hdphp\View\View::with(), called in D:\wamp\www\lg\Hdphp\Kernel\Facade.php on line 42 and definedD:\wamp\www\lg\Hdphp\View\View.php (182).
[ 2016-08-20T20:54:06+08:00 ]NOTICE: Undefined variable: nameD:\wamp\www\lg\Hdphp\View\View.php (184).
[ 2016-08-20T20:54:06+08:00 ]NOTICE: Undefined variable: nameD:\wamp\www\lg\Hdphp\View\View.php (193).
[ 2016-08-20T20:54:51+08:00 ]NOTICE: Missing argument 1 for Hdphp\View\View::with(), called in D:\wamp\www\lg\Hdphp\Kernel\Facade.php on line 42 and definedD:\wamp\www\lg\Hdphp\View\View.php (182).
[ 2016-08-20T20:54:51+08:00 ]NOTICE: Undefined variable: nameD:\wamp\www\lg\Hdphp\View\View.php (184).
[ 2016-08-20T20:54:51+08:00 ]NOTICE: Undefined variable: nameD:\wamp\www\lg\Hdphp\View\View.php (193).
[ 2016-08-20T20:56:58+08:00 ]NOTICE: Undefined index: cpshortNameD:\wamp\www\lg\Storage\view\compile\47cf42f47480263b49b6d10bf25e3e5e.php (108).
[ 2016-08-20T20:56:58+08:00 ]NOTICE: Undefined index: departmentD:\wamp\www\lg\Storage\view\compile\47cf42f47480263b49b6d10bf25e3e5e.php (108).
[ 2016-08-20T20:57:14+08:00 ]NOTICE: Undefined index: departmentD:\wamp\www\lg\Storage\view\compile\47cf42f47480263b49b6d10bf25e3e5e.php (108).
[ 2016-08-20T20:57:36+08:00 ]NOTICE: Undefined index: cpshortNameD:\wamp\www\lg\Storage\view\compile\47cf42f47480263b49b6d10bf25e3e5e.php (108).
[ 2016-08-20T20:57:36+08:00 ]NOTICE: Undefined index: departmentD:\wamp\www\lg\Storage\view\compile\47cf42f47480263b49b6d10bf25e3e5e.php (108).
