[ 2016-08-13T11:37:48+08:00 ]EXCEPTION: Home\Controller\CompanyController 不存在
[ 2016-08-13T11:41:54+08:00 ]EXCEPTION: Home\Controller\CompanyController 不存在
[ 2016-08-13T11:43:01+08:00 ]EXCEPTION: Home\Controller\CompanyController 不存在
[ 2016-08-13T12:12:04+08:00 ]EXCEPTION: Home\Controller\CompyanController 不存在
[ 2016-08-13T12:13:37+08:00 ]EXCEPTION: Home\Controller\CompyanController 不存在
[ 2016-08-13T12:14:24+08:00 ]EXCEPTION: Home\Controller\CompyanController 不存在
[ 2016-08-13T12:14:56+08:00 ]EXCEPTION: Home\Controller\CompyanController 不存在
[ 2016-08-13T12:15:02+08:00 ]EXCEPTION: Home\Controller\CompyanController 不存在
[ 2016-08-13T12:17:23+08:00 ]EXCEPTION: Home\Controller\CompyanController 不存在
[ 2016-08-13T14:14:13+08:00 ]NOTICE: Undefined index: infoD:\wamp\www\lg\App\Home\Controller\CommonController.php (20).
[ 2016-08-13T14:14:13+08:00 ]NOTICE: Undefined index: infoD:\wamp\www\lg\App\Home\Controller\CommonController.php (26).
[ 2016-08-13T14:14:13+08:00 ]NOTICE: Undefined index: infoD:\wamp\www\lg\App\Home\Controller\CommonController.php (27).
[ 2016-08-13T14:14:13+08:00 ]NOTICE: Undefined index: infoD:\wamp\www\lg\App\Home\Controller\CommonController.php (28).
[ 2016-08-13T14:14:19+08:00 ]NOTICE: Undefined index: infoD:\wamp\www\lg\App\Home\Controller\CommonController.php (20).
[ 2016-08-13T14:14:19+08:00 ]NOTICE: Undefined index: infoD:\wamp\www\lg\App\Home\Controller\CommonController.php (26).
[ 2016-08-13T14:14:19+08:00 ]NOTICE: Undefined index: infoD:\wamp\www\lg\App\Home\Controller\CommonController.php (27).
[ 2016-08-13T14:14:19+08:00 ]NOTICE: Undefined index: infoD:\wamp\www\lg\App\Home\Controller\CommonController.php (28).
[ 2016-08-13T22:05:23+08:00 ]EXCEPTION: INSERT INTO company (`cpname`,`cpaddress`,`industry`,`financing`,`cpscale`,`license`)VALUES(?,?,?,?,?,?) ;BindParams:array (
  0 => '我的天',
  1 => '北京',
  2 => '网络营销',
  3 => '未融资',
  4 => '网络营销',
  5 => NULL,
)23000;1048;Column 'license' cannot be null
[ 2016-08-13T22:58:19+08:00 ]NOTICE: Array to string conversionD:\wamp\www\lg\Hdphp\Db\Mysql.php (204).
[ 2016-08-13T23:03:06+08:00 ]NOTICE: Array to string conversionD:\wamp\www\lg\Hdphp\Db\Mysql.php (204).
[ 2016-08-13T23:03:47+08:00 ]NOTICE: Array to string conversionD:\wamp\www\lg\Hdphp\Db\Mysql.php (204).
[ 2016-08-13T23:22:20+08:00 ]NOTICE: Array to string conversionD:\wamp\www\lg\Hdphp\Db\Mysql.php (204).
[ 2016-08-13T23:37:32+08:00 ]EXCEPTION: Method Home\Controller\CompanyController::going() does not exist
[ 2016-08-13T23:38:01+08:00 ]EXCEPTION: Method Home\Controller\CompanyController::going() does not exist
[ 2016-08-13T23:38:02+08:00 ]EXCEPTION: Method Home\Controller\CompanyController::going() does not exist
[ 2016-08-13T23:38:03+08:00 ]EXCEPTION: Method Home\Controller\CompanyController::going() does not exist
[ 2016-08-13T23:38:03+08:00 ]EXCEPTION: Method Home\Controller\CompanyController::going() does not exist
