[ 2016-08-28T00:00:01+08:00 ]NOTICE: Undefined index: countD:\wamp\www\lg\Storage\view\compile\8656c0fcb1ece94f616b6a6d1bd08008.php (160).
[ 2016-08-28T00:00:03+08:00 ]NOTICE: Undefined index: countD:\wamp\www\lg\Storage\view\compile\1d68404e575295cb9dc89eaa6770eaae.php (160).
[ 2016-08-28T00:00:04+08:00 ]NOTICE: Undefined index: countD:\wamp\www\lg\Storage\view\compile\8656c0fcb1ece94f616b6a6d1bd08008.php (160).
[ 2016-08-28T00:00:54+08:00 ]NOTICE: Array to string conversionD:\wamp\www\lg\Storage\view\compile\0c28e7150ba5d668f4a1564650d3d0d8.php (160).
[ 2016-08-28T00:00:54+08:00 ]NOTICE: Array to string conversionD:\wamp\www\lg\Storage\view\compile\0c28e7150ba5d668f4a1564650d3d0d8.php (160).
[ 2016-08-28T00:00:54+08:00 ]NOTICE: Array to string conversionD:\wamp\www\lg\Storage\view\compile\0c28e7150ba5d668f4a1564650d3d0d8.php (160).
[ 2016-08-28T00:00:54+08:00 ]NOTICE: Array to string conversionD:\wamp\www\lg\Storage\view\compile\0c28e7150ba5d668f4a1564650d3d0d8.php (160).
[ 2016-08-28T00:00:54+08:00 ]NOTICE: Array to string conversionD:\wamp\www\lg\Storage\view\compile\0c28e7150ba5d668f4a1564650d3d0d8.php (160).
[ 2016-08-28T00:00:54+08:00 ]NOTICE: Array to string conversionD:\wamp\www\lg\Storage\view\compile\0c28e7150ba5d668f4a1564650d3d0d8.php (160).
[ 2016-08-28T00:00:54+08:00 ]NOTICE: Array to string conversionD:\wamp\www\lg\Storage\view\compile\0c28e7150ba5d668f4a1564650d3d0d8.php (160).
[ 2016-08-28T00:00:54+08:00 ]NOTICE: Array to string conversionD:\wamp\www\lg\Storage\view\compile\0c28e7150ba5d668f4a1564650d3d0d8.php (160).
[ 2016-08-28T00:00:54+08:00 ]NOTICE: Array to string conversionD:\wamp\www\lg\Storage\view\compile\0c28e7150ba5d668f4a1564650d3d0d8.php (160).
[ 2016-08-28T00:00:54+08:00 ]NOTICE: Array to string conversionD:\wamp\www\lg\Storage\view\compile\0c28e7150ba5d668f4a1564650d3d0d8.php (160).
[ 2016-08-28T00:00:54+08:00 ]NOTICE: Array to string conversionD:\wamp\www\lg\Storage\view\compile\0c28e7150ba5d668f4a1564650d3d0d8.php (160).
[ 2016-08-28T00:00:54+08:00 ]NOTICE: Array to string conversionD:\wamp\www\lg\Storage\view\compile\0c28e7150ba5d668f4a1564650d3d0d8.php (160).
[ 2016-08-28T00:00:54+08:00 ]NOTICE: Array to string conversionD:\wamp\www\lg\Storage\view\compile\0c28e7150ba5d668f4a1564650d3d0d8.php (160).
[ 2016-08-28T00:00:54+08:00 ]NOTICE: Array to string conversionD:\wamp\www\lg\Storage\view\compile\0c28e7150ba5d668f4a1564650d3d0d8.php (160).
[ 2016-08-28T00:00:54+08:00 ]NOTICE: Array to string conversionD:\wamp\www\lg\Storage\view\compile\0c28e7150ba5d668f4a1564650d3d0d8.php (160).
[ 2016-08-28T00:00:54+08:00 ]NOTICE: Array to string conversionD:\wamp\www\lg\Storage\view\compile\0c28e7150ba5d668f4a1564650d3d0d8.php (160).
[ 2016-08-28T00:00:54+08:00 ]NOTICE: Array to string conversionD:\wamp\www\lg\Storage\view\compile\0c28e7150ba5d668f4a1564650d3d0d8.php (160).
[ 2016-08-28T00:00:54+08:00 ]NOTICE: Array to string conversionD:\wamp\www\lg\Storage\view\compile\0c28e7150ba5d668f4a1564650d3d0d8.php (160).
[ 2016-08-28T00:00:54+08:00 ]NOTICE: Array to string conversionD:\wamp\www\lg\Storage\view\compile\0c28e7150ba5d668f4a1564650d3d0d8.php (160).
[ 2016-08-28T00:00:54+08:00 ]NOTICE: Array to string conversionD:\wamp\www\lg\Storage\view\compile\0c28e7150ba5d668f4a1564650d3d0d8.php (160).
[ 2016-08-28T00:00:54+08:00 ]NOTICE: Array to string conversionD:\wamp\www\lg\Storage\view\compile\0c28e7150ba5d668f4a1564650d3d0d8.php (160).
[ 2016-08-28T00:00:54+08:00 ]NOTICE: Array to string conversionD:\wamp\www\lg\Storage\view\compile\0c28e7150ba5d668f4a1564650d3d0d8.php (160).
[ 2016-08-28T00:00:54+08:00 ]NOTICE: Array to string conversionD:\wamp\www\lg\Storage\view\compile\0c28e7150ba5d668f4a1564650d3d0d8.php (160).
[ 2016-08-28T00:00:54+08:00 ]NOTICE: Array to string conversionD:\wamp\www\lg\Storage\view\compile\0c28e7150ba5d668f4a1564650d3d0d8.php (160).
[ 2016-08-28T00:00:54+08:00 ]NOTICE: Array to string conversionD:\wamp\www\lg\Storage\view\compile\0c28e7150ba5d668f4a1564650d3d0d8.php (160).
[ 2016-08-28T00:00:54+08:00 ]NOTICE: Array to string conversionD:\wamp\www\lg\Storage\view\compile\0c28e7150ba5d668f4a1564650d3d0d8.php (160).
[ 2016-08-28T00:00:54+08:00 ]NOTICE: Array to string conversionD:\wamp\www\lg\Storage\view\compile\0c28e7150ba5d668f4a1564650d3d0d8.php (160).
[ 2016-08-28T00:00:54+08:00 ]NOTICE: Array to string conversionD:\wamp\www\lg\Storage\view\compile\0c28e7150ba5d668f4a1564650d3d0d8.php (160).
[ 2016-08-28T00:00:54+08:00 ]NOTICE: Array to string conversionD:\wamp\www\lg\Storage\view\compile\0c28e7150ba5d668f4a1564650d3d0d8.php (160).
[ 2016-08-28T00:00:54+08:00 ]NOTICE: Array to string conversionD:\wamp\www\lg\Storage\view\compile\0c28e7150ba5d668f4a1564650d3d0d8.php (160).
[ 2016-08-28T00:00:54+08:00 ]NOTICE: Array to string conversionD:\wamp\www\lg\Storage\view\compile\0c28e7150ba5d668f4a1564650d3d0d8.php (160).
[ 2016-08-28T00:00:54+08:00 ]NOTICE: Array to string conversionD:\wamp\www\lg\Storage\view\compile\0c28e7150ba5d668f4a1564650d3d0d8.php (160).
[ 2016-08-28T00:00:54+08:00 ]NOTICE: Array to string conversionD:\wamp\www\lg\Storage\view\compile\0c28e7150ba5d668f4a1564650d3d0d8.php (160).
[ 2016-08-28T00:00:54+08:00 ]NOTICE: Array to string conversionD:\wamp\www\lg\Storage\view\compile\0c28e7150ba5d668f4a1564650d3d0d8.php (160).
[ 2016-08-28T00:00:54+08:00 ]NOTICE: Array to string conversionD:\wamp\www\lg\Storage\view\compile\0c28e7150ba5d668f4a1564650d3d0d8.php (160).
[ 2016-08-28T00:00:54+08:00 ]NOTICE: Array to string conversionD:\wamp\www\lg\Storage\view\compile\0c28e7150ba5d668f4a1564650d3d0d8.php (160).
[ 2016-08-28T00:00:54+08:00 ]NOTICE: Array to string conversionD:\wamp\www\lg\Storage\view\compile\0c28e7150ba5d668f4a1564650d3d0d8.php (160).
[ 2016-08-28T00:00:54+08:00 ]NOTICE: Array to string conversionD:\wamp\www\lg\Storage\view\compile\0c28e7150ba5d668f4a1564650d3d0d8.php (160).
[ 2016-08-28T00:00:54+08:00 ]NOTICE: Array to string conversionD:\wamp\www\lg\Storage\view\compile\0c28e7150ba5d668f4a1564650d3d0d8.php (160).
[ 2016-08-28T00:00:54+08:00 ]NOTICE: Array to string conversionD:\wamp\www\lg\Storage\view\compile\0c28e7150ba5d668f4a1564650d3d0d8.php (160).
[ 2016-08-28T00:00:54+08:00 ]NOTICE: Array to string conversionD:\wamp\www\lg\Storage\view\compile\0c28e7150ba5d668f4a1564650d3d0d8.php (160).
[ 2016-08-28T00:00:54+08:00 ]NOTICE: Array to string conversionD:\wamp\www\lg\Storage\view\compile\0c28e7150ba5d668f4a1564650d3d0d8.php (160).
[ 2016-08-28T00:00:54+08:00 ]NOTICE: Array to string conversionD:\wamp\www\lg\Storage\view\compile\0c28e7150ba5d668f4a1564650d3d0d8.php (160).
[ 2016-08-28T00:00:54+08:00 ]NOTICE: Array to string conversionD:\wamp\www\lg\Storage\view\compile\0c28e7150ba5d668f4a1564650d3d0d8.php (160).
[ 2016-08-28T00:00:54+08:00 ]NOTICE: Array to string conversionD:\wamp\www\lg\Storage\view\compile\0c28e7150ba5d668f4a1564650d3d0d8.php (160).
[ 2016-08-28T00:00:54+08:00 ]NOTICE: Array to string conversionD:\wamp\www\lg\Storage\view\compile\0c28e7150ba5d668f4a1564650d3d0d8.php (160).
[ 2016-08-28T00:01:23+08:00 ]NOTICE: Array to string conversionD:\wamp\www\lg\Storage\view\compile\0c28e7150ba5d668f4a1564650d3d0d8.php (160).
[ 2016-08-28T00:01:23+08:00 ]NOTICE: Array to string conversionD:\wamp\www\lg\Storage\view\compile\0c28e7150ba5d668f4a1564650d3d0d8.php (160).
[ 2016-08-28T00:01:23+08:00 ]NOTICE: Array to string conversionD:\wamp\www\lg\Storage\view\compile\0c28e7150ba5d668f4a1564650d3d0d8.php (160).
[ 2016-08-28T00:01:23+08:00 ]NOTICE: Array to string conversionD:\wamp\www\lg\Storage\view\compile\0c28e7150ba5d668f4a1564650d3d0d8.php (160).
[ 2016-08-28T00:01:23+08:00 ]NOTICE: Array to string conversionD:\wamp\www\lg\Storage\view\compile\0c28e7150ba5d668f4a1564650d3d0d8.php (160).
[ 2016-08-28T00:01:23+08:00 ]NOTICE: Array to string conversionD:\wamp\www\lg\Storage\view\compile\0c28e7150ba5d668f4a1564650d3d0d8.php (160).
[ 2016-08-28T00:01:23+08:00 ]NOTICE: Array to string conversionD:\wamp\www\lg\Storage\view\compile\0c28e7150ba5d668f4a1564650d3d0d8.php (160).
[ 2016-08-28T00:01:23+08:00 ]NOTICE: Array to string conversionD:\wamp\www\lg\Storage\view\compile\0c28e7150ba5d668f4a1564650d3d0d8.php (160).
[ 2016-08-28T00:01:23+08:00 ]NOTICE: Array to string conversionD:\wamp\www\lg\Storage\view\compile\0c28e7150ba5d668f4a1564650d3d0d8.php (160).
[ 2016-08-28T00:01:23+08:00 ]NOTICE: Array to string conversionD:\wamp\www\lg\Storage\view\compile\0c28e7150ba5d668f4a1564650d3d0d8.php (160).
[ 2016-08-28T00:01:23+08:00 ]NOTICE: Array to string conversionD:\wamp\www\lg\Storage\view\compile\0c28e7150ba5d668f4a1564650d3d0d8.php (160).
[ 2016-08-28T00:01:23+08:00 ]NOTICE: Array to string conversionD:\wamp\www\lg\Storage\view\compile\0c28e7150ba5d668f4a1564650d3d0d8.php (160).
[ 2016-08-28T00:01:23+08:00 ]NOTICE: Array to string conversionD:\wamp\www\lg\Storage\view\compile\0c28e7150ba5d668f4a1564650d3d0d8.php (160).
[ 2016-08-28T00:01:23+08:00 ]NOTICE: Array to string conversionD:\wamp\www\lg\Storage\view\compile\0c28e7150ba5d668f4a1564650d3d0d8.php (160).
[ 2016-08-28T00:01:23+08:00 ]NOTICE: Array to string conversionD:\wamp\www\lg\Storage\view\compile\0c28e7150ba5d668f4a1564650d3d0d8.php (160).
[ 2016-08-28T00:01:23+08:00 ]NOTICE: Array to string conversionD:\wamp\www\lg\Storage\view\compile\0c28e7150ba5d668f4a1564650d3d0d8.php (160).
[ 2016-08-28T00:01:23+08:00 ]NOTICE: Array to string conversionD:\wamp\www\lg\Storage\view\compile\0c28e7150ba5d668f4a1564650d3d0d8.php (160).
[ 2016-08-28T00:01:23+08:00 ]NOTICE: Array to string conversionD:\wamp\www\lg\Storage\view\compile\0c28e7150ba5d668f4a1564650d3d0d8.php (160).
[ 2016-08-28T00:01:23+08:00 ]NOTICE: Array to string conversionD:\wamp\www\lg\Storage\view\compile\0c28e7150ba5d668f4a1564650d3d0d8.php (160).
[ 2016-08-28T00:01:23+08:00 ]NOTICE: Array to string conversionD:\wamp\www\lg\Storage\view\compile\0c28e7150ba5d668f4a1564650d3d0d8.php (160).
[ 2016-08-28T00:01:23+08:00 ]NOTICE: Array to string conversionD:\wamp\www\lg\Storage\view\compile\0c28e7150ba5d668f4a1564650d3d0d8.php (160).
[ 2016-08-28T00:01:23+08:00 ]NOTICE: Array to string conversionD:\wamp\www\lg\Storage\view\compile\0c28e7150ba5d668f4a1564650d3d0d8.php (160).
[ 2016-08-28T00:01:23+08:00 ]NOTICE: Array to string conversionD:\wamp\www\lg\Storage\view\compile\0c28e7150ba5d668f4a1564650d3d0d8.php (160).
[ 2016-08-28T00:01:23+08:00 ]NOTICE: Array to string conversionD:\wamp\www\lg\Storage\view\compile\0c28e7150ba5d668f4a1564650d3d0d8.php (160).
[ 2016-08-28T00:01:23+08:00 ]NOTICE: Array to string conversionD:\wamp\www\lg\Storage\view\compile\0c28e7150ba5d668f4a1564650d3d0d8.php (160).
[ 2016-08-28T00:01:23+08:00 ]NOTICE: Array to string conversionD:\wamp\www\lg\Storage\view\compile\0c28e7150ba5d668f4a1564650d3d0d8.php (160).
[ 2016-08-28T00:01:23+08:00 ]NOTICE: Array to string conversionD:\wamp\www\lg\Storage\view\compile\0c28e7150ba5d668f4a1564650d3d0d8.php (160).
[ 2016-08-28T00:01:23+08:00 ]NOTICE: Array to string conversionD:\wamp\www\lg\Storage\view\compile\0c28e7150ba5d668f4a1564650d3d0d8.php (160).
[ 2016-08-28T00:01:23+08:00 ]NOTICE: Array to string conversionD:\wamp\www\lg\Storage\view\compile\0c28e7150ba5d668f4a1564650d3d0d8.php (160).
[ 2016-08-28T00:01:23+08:00 ]NOTICE: Array to string conversionD:\wamp\www\lg\Storage\view\compile\0c28e7150ba5d668f4a1564650d3d0d8.php (160).
[ 2016-08-28T00:01:23+08:00 ]NOTICE: Array to string conversionD:\wamp\www\lg\Storage\view\compile\0c28e7150ba5d668f4a1564650d3d0d8.php (160).
[ 2016-08-28T00:01:23+08:00 ]NOTICE: Array to string conversionD:\wamp\www\lg\Storage\view\compile\0c28e7150ba5d668f4a1564650d3d0d8.php (160).
[ 2016-08-28T00:01:23+08:00 ]NOTICE: Array to string conversionD:\wamp\www\lg\Storage\view\compile\0c28e7150ba5d668f4a1564650d3d0d8.php (160).
[ 2016-08-28T00:01:23+08:00 ]NOTICE: Array to string conversionD:\wamp\www\lg\Storage\view\compile\0c28e7150ba5d668f4a1564650d3d0d8.php (160).
[ 2016-08-28T00:01:23+08:00 ]NOTICE: Array to string conversionD:\wamp\www\lg\Storage\view\compile\0c28e7150ba5d668f4a1564650d3d0d8.php (160).
[ 2016-08-28T00:01:23+08:00 ]NOTICE: Array to string conversionD:\wamp\www\lg\Storage\view\compile\0c28e7150ba5d668f4a1564650d3d0d8.php (160).
[ 2016-08-28T00:01:23+08:00 ]NOTICE: Array to string conversionD:\wamp\www\lg\Storage\view\compile\0c28e7150ba5d668f4a1564650d3d0d8.php (160).
[ 2016-08-28T00:01:23+08:00 ]NOTICE: Array to string conversionD:\wamp\www\lg\Storage\view\compile\0c28e7150ba5d668f4a1564650d3d0d8.php (160).
[ 2016-08-28T00:01:23+08:00 ]NOTICE: Array to string conversionD:\wamp\www\lg\Storage\view\compile\0c28e7150ba5d668f4a1564650d3d0d8.php (160).
[ 2016-08-28T00:01:23+08:00 ]NOTICE: Array to string conversionD:\wamp\www\lg\Storage\view\compile\0c28e7150ba5d668f4a1564650d3d0d8.php (160).
[ 2016-08-28T00:01:23+08:00 ]NOTICE: Array to string conversionD:\wamp\www\lg\Storage\view\compile\0c28e7150ba5d668f4a1564650d3d0d8.php (160).
[ 2016-08-28T00:01:23+08:00 ]NOTICE: Array to string conversionD:\wamp\www\lg\Storage\view\compile\0c28e7150ba5d668f4a1564650d3d0d8.php (160).
[ 2016-08-28T00:01:23+08:00 ]NOTICE: Array to string conversionD:\wamp\www\lg\Storage\view\compile\0c28e7150ba5d668f4a1564650d3d0d8.php (160).
[ 2016-08-28T00:01:23+08:00 ]NOTICE: Array to string conversionD:\wamp\www\lg\Storage\view\compile\0c28e7150ba5d668f4a1564650d3d0d8.php (160).
[ 2016-08-28T00:01:23+08:00 ]NOTICE: Array to string conversionD:\wamp\www\lg\Storage\view\compile\0c28e7150ba5d668f4a1564650d3d0d8.php (160).
[ 2016-08-28T00:01:23+08:00 ]NOTICE: Array to string conversionD:\wamp\www\lg\Storage\view\compile\0c28e7150ba5d668f4a1564650d3d0d8.php (160).
[ 2016-08-28T00:52:09+08:00 ]NOTICE: Illegal string offset 'jid'D:\wamp\www\lg\Storage\view\compile\0c28e7150ba5d668f4a1564650d3d0d8.php (492).
[ 2016-08-28T00:52:09+08:00 ]NOTICE: Illegal string offset 'jname'D:\wamp\www\lg\Storage\view\compile\0c28e7150ba5d668f4a1564650d3d0d8.php (493).
[ 2016-08-28T00:52:09+08:00 ]NOTICE: Illegal string offset 'district_name'D:\wamp\www\lg\Storage\view\compile\0c28e7150ba5d668f4a1564650d3d0d8.php (493).
[ 2016-08-28T00:52:09+08:00 ]NOTICE: Illegal string offset 'pubdate'D:\wamp\www\lg\Storage\view\compile\0c28e7150ba5d668f4a1564650d3d0d8.php (496).
[ 2016-08-28T00:52:09+08:00 ]NOTICE: Illegal string offset 'money'D:\wamp\www\lg\Storage\view\compile\0c28e7150ba5d668f4a1564650d3d0d8.php (500).
[ 2016-08-28T00:52:09+08:00 ]NOTICE: Illegal string offset 'experience'D:\wamp\www\lg\Storage\view\compile\0c28e7150ba5d668f4a1564650d3d0d8.php (501).
[ 2016-08-28T00:52:09+08:00 ]NOTICE: Illegal string offset 'education'D:\wamp\www\lg\Storage\view\compile\0c28e7150ba5d668f4a1564650d3d0d8.php (502).
[ 2016-08-28T00:52:09+08:00 ]NOTICE: Illegal string offset 'cpid'D:\wamp\www\lg\Storage\view\compile\0c28e7150ba5d668f4a1564650d3d0d8.php (508).
[ 2016-08-28T00:52:09+08:00 ]NOTICE: Illegal string offset 'cpname'D:\wamp\www\lg\Storage\view\compile\0c28e7150ba5d668f4a1564650d3d0d8.php (509).
[ 2016-08-28T00:52:09+08:00 ]NOTICE: Illegal string offset 'industry'D:\wamp\www\lg\Storage\view\compile\0c28e7150ba5d668f4a1564650d3d0d8.php (513).
[ 2016-08-28T00:52:09+08:00 ]NOTICE: Illegal string offset 'financing'D:\wamp\www\lg\Storage\view\compile\0c28e7150ba5d668f4a1564650d3d0d8.php (513).
[ 2016-08-28T00:52:09+08:00 ]NOTICE: Illegal string offset 'tempt'D:\wamp\www\lg\Storage\view\compile\0c28e7150ba5d668f4a1564650d3d0d8.php (521).
[ 2016-08-28T00:52:09+08:00 ]NOTICE: Illegal string offset 'jid'D:\wamp\www\lg\Storage\view\compile\0c28e7150ba5d668f4a1564650d3d0d8.php (492).
[ 2016-08-28T00:52:09+08:00 ]NOTICE: Illegal string offset 'jname'D:\wamp\www\lg\Storage\view\compile\0c28e7150ba5d668f4a1564650d3d0d8.php (493).
[ 2016-08-28T00:52:09+08:00 ]NOTICE: Illegal string offset 'district_name'D:\wamp\www\lg\Storage\view\compile\0c28e7150ba5d668f4a1564650d3d0d8.php (493).
[ 2016-08-28T00:52:09+08:00 ]NOTICE: Illegal string offset 'pubdate'D:\wamp\www\lg\Storage\view\compile\0c28e7150ba5d668f4a1564650d3d0d8.php (496).
[ 2016-08-28T00:52:09+08:00 ]NOTICE: date() expects parameter 2 to be long, string givenD:\wamp\www\lg\Storage\view\compile\0c28e7150ba5d668f4a1564650d3d0d8.php (496).
[ 2016-08-28T00:52:09+08:00 ]NOTICE: Illegal string offset 'money'D:\wamp\www\lg\Storage\view\compile\0c28e7150ba5d668f4a1564650d3d0d8.php (500).
[ 2016-08-28T00:52:09+08:00 ]NOTICE: Illegal string offset 'experience'D:\wamp\www\lg\Storage\view\compile\0c28e7150ba5d668f4a1564650d3d0d8.php (501).
[ 2016-08-28T00:52:09+08:00 ]NOTICE: Illegal string offset 'education'D:\wamp\www\lg\Storage\view\compile\0c28e7150ba5d668f4a1564650d3d0d8.php (502).
[ 2016-08-28T00:52:09+08:00 ]NOTICE: Illegal string offset 'cpid'D:\wamp\www\lg\Storage\view\compile\0c28e7150ba5d668f4a1564650d3d0d8.php (508).
[ 2016-08-28T00:52:09+08:00 ]NOTICE: Illegal string offset 'cpname'D:\wamp\www\lg\Storage\view\compile\0c28e7150ba5d668f4a1564650d3d0d8.php (509).
[ 2016-08-28T00:52:09+08:00 ]NOTICE: Illegal string offset 'industry'D:\wamp\www\lg\Storage\view\compile\0c28e7150ba5d668f4a1564650d3d0d8.php (513).
[ 2016-08-28T00:52:09+08:00 ]NOTICE: Illegal string offset 'financing'D:\wamp\www\lg\Storage\view\compile\0c28e7150ba5d668f4a1564650d3d0d8.php (513).
[ 2016-08-28T00:52:09+08:00 ]NOTICE: Illegal string offset 'tempt'D:\wamp\www\lg\Storage\view\compile\0c28e7150ba5d668f4a1564650d3d0d8.php (521).
[ 2016-08-28T00:52:09+08:00 ]NOTICE: Illegal string offset 'jid'D:\wamp\www\lg\Storage\view\compile\0c28e7150ba5d668f4a1564650d3d0d8.php (492).
[ 2016-08-28T00:52:09+08:00 ]NOTICE: Illegal string offset 'jname'D:\wamp\www\lg\Storage\view\compile\0c28e7150ba5d668f4a1564650d3d0d8.php (493).
[ 2016-08-28T00:52:09+08:00 ]NOTICE: Illegal string offset 'district_name'D:\wamp\www\lg\Storage\view\compile\0c28e7150ba5d668f4a1564650d3d0d8.php (493).
[ 2016-08-28T00:52:09+08:00 ]NOTICE: Illegal string offset 'pubdate'D:\wamp\www\lg\Storage\view\compile\0c28e7150ba5d668f4a1564650d3d0d8.php (496).
[ 2016-08-28T00:52:09+08:00 ]NOTICE: Illegal string offset 'money'D:\wamp\www\lg\Storage\view\compile\0c28e7150ba5d668f4a1564650d3d0d8.php (500).
[ 2016-08-28T00:52:09+08:00 ]NOTICE: Illegal string offset 'experience'D:\wamp\www\lg\Storage\view\compile\0c28e7150ba5d668f4a1564650d3d0d8.php (501).
[ 2016-08-28T00:52:09+08:00 ]NOTICE: Illegal string offset 'education'D:\wamp\www\lg\Storage\view\compile\0c28e7150ba5d668f4a1564650d3d0d8.php (502).
[ 2016-08-28T00:52:09+08:00 ]NOTICE: Illegal string offset 'cpid'D:\wamp\www\lg\Storage\view\compile\0c28e7150ba5d668f4a1564650d3d0d8.php (508).
[ 2016-08-28T00:52:09+08:00 ]NOTICE: Illegal string offset 'cpname'D:\wamp\www\lg\Storage\view\compile\0c28e7150ba5d668f4a1564650d3d0d8.php (509).
[ 2016-08-28T00:52:09+08:00 ]NOTICE: Illegal string offset 'industry'D:\wamp\www\lg\Storage\view\compile\0c28e7150ba5d668f4a1564650d3d0d8.php (513).
[ 2016-08-28T00:52:09+08:00 ]NOTICE: Illegal string offset 'financing'D:\wamp\www\lg\Storage\view\compile\0c28e7150ba5d668f4a1564650d3d0d8.php (513).
[ 2016-08-28T00:52:09+08:00 ]NOTICE: Illegal string offset 'tempt'D:\wamp\www\lg\Storage\view\compile\0c28e7150ba5d668f4a1564650d3d0d8.php (521).
[ 2016-08-28T00:52:09+08:00 ]NOTICE: Illegal string offset 'jid'D:\wamp\www\lg\Storage\view\compile\0c28e7150ba5d668f4a1564650d3d0d8.php (492).
[ 2016-08-28T00:52:09+08:00 ]NOTICE: Illegal string offset 'jname'D:\wamp\www\lg\Storage\view\compile\0c28e7150ba5d668f4a1564650d3d0d8.php (493).
[ 2016-08-28T00:52:09+08:00 ]NOTICE: Illegal string offset 'district_name'D:\wamp\www\lg\Storage\view\compile\0c28e7150ba5d668f4a1564650d3d0d8.php (493).
[ 2016-08-28T00:52:09+08:00 ]NOTICE: Illegal string offset 'pubdate'D:\wamp\www\lg\Storage\view\compile\0c28e7150ba5d668f4a1564650d3d0d8.php (496).
[ 2016-08-28T00:52:09+08:00 ]NOTICE: Illegal string offset 'money'D:\wamp\www\lg\Storage\view\compile\0c28e7150ba5d668f4a1564650d3d0d8.php (500).
[ 2016-08-28T00:52:09+08:00 ]NOTICE: Illegal string offset 'experience'D:\wamp\www\lg\Storage\view\compile\0c28e7150ba5d668f4a1564650d3d0d8.php (501).
[ 2016-08-28T00:52:09+08:00 ]NOTICE: Illegal string offset 'education'D:\wamp\www\lg\Storage\view\compile\0c28e7150ba5d668f4a1564650d3d0d8.php (502).
[ 2016-08-28T00:52:09+08:00 ]NOTICE: Illegal string offset 'cpid'D:\wamp\www\lg\Storage\view\compile\0c28e7150ba5d668f4a1564650d3d0d8.php (508).
[ 2016-08-28T00:52:09+08:00 ]NOTICE: Illegal string offset 'cpname'D:\wamp\www\lg\Storage\view\compile\0c28e7150ba5d668f4a1564650d3d0d8.php (509).
[ 2016-08-28T00:52:09+08:00 ]NOTICE: Illegal string offset 'industry'D:\wamp\www\lg\Storage\view\compile\0c28e7150ba5d668f4a1564650d3d0d8.php (513).
[ 2016-08-28T00:52:09+08:00 ]NOTICE: Illegal string offset 'financing'D:\wamp\www\lg\Storage\view\compile\0c28e7150ba5d668f4a1564650d3d0d8.php (513).
[ 2016-08-28T00:52:09+08:00 ]NOTICE: Illegal string offset 'tempt'D:\wamp\www\lg\Storage\view\compile\0c28e7150ba5d668f4a1564650d3d0d8.php (521).
[ 2016-08-28T00:52:09+08:00 ]NOTICE: Undefined index: jidD:\wamp\www\lg\Storage\view\compile\0c28e7150ba5d668f4a1564650d3d0d8.php (492).
[ 2016-08-28T00:52:09+08:00 ]NOTICE: Undefined index: jnameD:\wamp\www\lg\Storage\view\compile\0c28e7150ba5d668f4a1564650d3d0d8.php (493).
[ 2016-08-28T00:52:09+08:00 ]NOTICE: Undefined index: district_nameD:\wamp\www\lg\Storage\view\compile\0c28e7150ba5d668f4a1564650d3d0d8.php (493).
[ 2016-08-28T00:52:09+08:00 ]NOTICE: Undefined index: pubdateD:\wamp\www\lg\Storage\view\compile\0c28e7150ba5d668f4a1564650d3d0d8.php (496).
[ 2016-08-28T00:52:09+08:00 ]NOTICE: Undefined index: moneyD:\wamp\www\lg\Storage\view\compile\0c28e7150ba5d668f4a1564650d3d0d8.php (500).
[ 2016-08-28T00:52:09+08:00 ]NOTICE: Undefined index: experienceD:\wamp\www\lg\Storage\view\compile\0c28e7150ba5d668f4a1564650d3d0d8.php (501).
[ 2016-08-28T00:52:09+08:00 ]NOTICE: Undefined index: educationD:\wamp\www\lg\Storage\view\compile\0c28e7150ba5d668f4a1564650d3d0d8.php (502).
[ 2016-08-28T00:52:09+08:00 ]NOTICE: Undefined index: cpidD:\wamp\www\lg\Storage\view\compile\0c28e7150ba5d668f4a1564650d3d0d8.php (508).
[ 2016-08-28T00:52:09+08:00 ]NOTICE: Undefined index: cpnameD:\wamp\www\lg\Storage\view\compile\0c28e7150ba5d668f4a1564650d3d0d8.php (509).
[ 2016-08-28T00:52:09+08:00 ]NOTICE: Undefined index: industryD:\wamp\www\lg\Storage\view\compile\0c28e7150ba5d668f4a1564650d3d0d8.php (513).
[ 2016-08-28T00:52:09+08:00 ]NOTICE: Undefined index: financingD:\wamp\www\lg\Storage\view\compile\0c28e7150ba5d668f4a1564650d3d0d8.php (513).
[ 2016-08-28T00:52:09+08:00 ]NOTICE: Undefined index: temptD:\wamp\www\lg\Storage\view\compile\0c28e7150ba5d668f4a1564650d3d0d8.php (521).
[ 2016-08-28T00:52:51+08:00 ]NOTICE: Illegal string offset 'jid'D:\wamp\www\lg\Storage\view\compile\0c28e7150ba5d668f4a1564650d3d0d8.php (492).
[ 2016-08-28T00:52:51+08:00 ]NOTICE: Illegal string offset 'jname'D:\wamp\www\lg\Storage\view\compile\0c28e7150ba5d668f4a1564650d3d0d8.php (493).
[ 2016-08-28T00:52:51+08:00 ]NOTICE: Illegal string offset 'district_name'D:\wamp\www\lg\Storage\view\compile\0c28e7150ba5d668f4a1564650d3d0d8.php (493).
[ 2016-08-28T00:52:51+08:00 ]NOTICE: Illegal string offset 'pubdate'D:\wamp\www\lg\Storage\view\compile\0c28e7150ba5d668f4a1564650d3d0d8.php (496).
[ 2016-08-28T00:52:51+08:00 ]NOTICE: Illegal string offset 'money'D:\wamp\www\lg\Storage\view\compile\0c28e7150ba5d668f4a1564650d3d0d8.php (500).
[ 2016-08-28T00:52:51+08:00 ]NOTICE: Illegal string offset 'experience'D:\wamp\www\lg\Storage\view\compile\0c28e7150ba5d668f4a1564650d3d0d8.php (501).
[ 2016-08-28T00:52:51+08:00 ]NOTICE: Illegal string offset 'education'D:\wamp\www\lg\Storage\view\compile\0c28e7150ba5d668f4a1564650d3d0d8.php (502).
[ 2016-08-28T00:52:51+08:00 ]NOTICE: Illegal string offset 'cpid'D:\wamp\www\lg\Storage\view\compile\0c28e7150ba5d668f4a1564650d3d0d8.php (508).
[ 2016-08-28T00:52:51+08:00 ]NOTICE: Illegal string offset 'cpname'D:\wamp\www\lg\Storage\view\compile\0c28e7150ba5d668f4a1564650d3d0d8.php (509).
[ 2016-08-28T00:52:51+08:00 ]NOTICE: Illegal string offset 'industry'D:\wamp\www\lg\Storage\view\compile\0c28e7150ba5d668f4a1564650d3d0d8.php (513).
[ 2016-08-28T00:52:51+08:00 ]NOTICE: Illegal string offset 'financing'D:\wamp\www\lg\Storage\view\compile\0c28e7150ba5d668f4a1564650d3d0d8.php (513).
[ 2016-08-28T00:52:51+08:00 ]NOTICE: Illegal string offset 'tempt'D:\wamp\www\lg\Storage\view\compile\0c28e7150ba5d668f4a1564650d3d0d8.php (521).
[ 2016-08-28T00:52:51+08:00 ]NOTICE: Illegal string offset 'jid'D:\wamp\www\lg\Storage\view\compile\0c28e7150ba5d668f4a1564650d3d0d8.php (492).
[ 2016-08-28T00:52:51+08:00 ]NOTICE: Illegal string offset 'jname'D:\wamp\www\lg\Storage\view\compile\0c28e7150ba5d668f4a1564650d3d0d8.php (493).
[ 2016-08-28T00:52:51+08:00 ]NOTICE: Illegal string offset 'district_name'D:\wamp\www\lg\Storage\view\compile\0c28e7150ba5d668f4a1564650d3d0d8.php (493).
[ 2016-08-28T00:52:51+08:00 ]NOTICE: Illegal string offset 'pubdate'D:\wamp\www\lg\Storage\view\compile\0c28e7150ba5d668f4a1564650d3d0d8.php (496).
[ 2016-08-28T00:52:51+08:00 ]NOTICE: date() expects parameter 2 to be long, string givenD:\wamp\www\lg\Storage\view\compile\0c28e7150ba5d668f4a1564650d3d0d8.php (496).
[ 2016-08-28T00:52:51+08:00 ]NOTICE: Illegal string offset 'money'D:\wamp\www\lg\Storage\view\compile\0c28e7150ba5d668f4a1564650d3d0d8.php (500).
[ 2016-08-28T00:52:51+08:00 ]NOTICE: Illegal string offset 'experience'D:\wamp\www\lg\Storage\view\compile\0c28e7150ba5d668f4a1564650d3d0d8.php (501).
[ 2016-08-28T00:52:51+08:00 ]NOTICE: Illegal string offset 'education'D:\wamp\www\lg\Storage\view\compile\0c28e7150ba5d668f4a1564650d3d0d8.php (502).
[ 2016-08-28T00:52:51+08:00 ]NOTICE: Illegal string offset 'cpid'D:\wamp\www\lg\Storage\view\compile\0c28e7150ba5d668f4a1564650d3d0d8.php (508).
[ 2016-08-28T00:52:51+08:00 ]NOTICE: Illegal string offset 'cpname'D:\wamp\www\lg\Storage\view\compile\0c28e7150ba5d668f4a1564650d3d0d8.php (509).
[ 2016-08-28T00:52:51+08:00 ]NOTICE: Illegal string offset 'industry'D:\wamp\www\lg\Storage\view\compile\0c28e7150ba5d668f4a1564650d3d0d8.php (513).
[ 2016-08-28T00:52:51+08:00 ]NOTICE: Illegal string offset 'financing'D:\wamp\www\lg\Storage\view\compile\0c28e7150ba5d668f4a1564650d3d0d8.php (513).
[ 2016-08-28T00:52:51+08:00 ]NOTICE: Illegal string offset 'tempt'D:\wamp\www\lg\Storage\view\compile\0c28e7150ba5d668f4a1564650d3d0d8.php (521).
[ 2016-08-28T00:52:51+08:00 ]NOTICE: Illegal string offset 'jid'D:\wamp\www\lg\Storage\view\compile\0c28e7150ba5d668f4a1564650d3d0d8.php (492).
[ 2016-08-28T00:52:51+08:00 ]NOTICE: Illegal string offset 'jname'D:\wamp\www\lg\Storage\view\compile\0c28e7150ba5d668f4a1564650d3d0d8.php (493).
[ 2016-08-28T00:52:51+08:00 ]NOTICE: Illegal string offset 'district_name'D:\wamp\www\lg\Storage\view\compile\0c28e7150ba5d668f4a1564650d3d0d8.php (493).
[ 2016-08-28T00:52:51+08:00 ]NOTICE: Illegal string offset 'pubdate'D:\wamp\www\lg\Storage\view\compile\0c28e7150ba5d668f4a1564650d3d0d8.php (496).
[ 2016-08-28T00:52:51+08:00 ]NOTICE: Illegal string offset 'money'D:\wamp\www\lg\Storage\view\compile\0c28e7150ba5d668f4a1564650d3d0d8.php (500).
[ 2016-08-28T00:52:51+08:00 ]NOTICE: Illegal string offset 'experience'D:\wamp\www\lg\Storage\view\compile\0c28e7150ba5d668f4a1564650d3d0d8.php (501).
[ 2016-08-28T00:52:51+08:00 ]NOTICE: Illegal string offset 'education'D:\wamp\www\lg\Storage\view\compile\0c28e7150ba5d668f4a1564650d3d0d8.php (502).
[ 2016-08-28T00:52:51+08:00 ]NOTICE: Illegal string offset 'cpid'D:\wamp\www\lg\Storage\view\compile\0c28e7150ba5d668f4a1564650d3d0d8.php (508).
[ 2016-08-28T00:52:51+08:00 ]NOTICE: Illegal string offset 'cpname'D:\wamp\www\lg\Storage\view\compile\0c28e7150ba5d668f4a1564650d3d0d8.php (509).
[ 2016-08-28T00:52:51+08:00 ]NOTICE: Illegal string offset 'industry'D:\wamp\www\lg\Storage\view\compile\0c28e7150ba5d668f4a1564650d3d0d8.php (513).
[ 2016-08-28T00:52:51+08:00 ]NOTICE: Illegal string offset 'financing'D:\wamp\www\lg\Storage\view\compile\0c28e7150ba5d668f4a1564650d3d0d8.php (513).
[ 2016-08-28T00:52:51+08:00 ]NOTICE: Illegal string offset 'tempt'D:\wamp\www\lg\Storage\view\compile\0c28e7150ba5d668f4a1564650d3d0d8.php (521).
[ 2016-08-28T00:52:51+08:00 ]NOTICE: Illegal string offset 'jid'D:\wamp\www\lg\Storage\view\compile\0c28e7150ba5d668f4a1564650d3d0d8.php (492).
[ 2016-08-28T00:52:51+08:00 ]NOTICE: Illegal string offset 'jname'D:\wamp\www\lg\Storage\view\compile\0c28e7150ba5d668f4a1564650d3d0d8.php (493).
[ 2016-08-28T00:52:51+08:00 ]NOTICE: Illegal string offset 'district_name'D:\wamp\www\lg\Storage\view\compile\0c28e7150ba5d668f4a1564650d3d0d8.php (493).
[ 2016-08-28T00:52:51+08:00 ]NOTICE: Illegal string offset 'pubdate'D:\wamp\www\lg\Storage\view\compile\0c28e7150ba5d668f4a1564650d3d0d8.php (496).
[ 2016-08-28T00:52:51+08:00 ]NOTICE: Illegal string offset 'money'D:\wamp\www\lg\Storage\view\compile\0c28e7150ba5d668f4a1564650d3d0d8.php (500).
[ 2016-08-28T00:52:51+08:00 ]NOTICE: Illegal string offset 'experience'D:\wamp\www\lg\Storage\view\compile\0c28e7150ba5d668f4a1564650d3d0d8.php (501).
[ 2016-08-28T00:52:51+08:00 ]NOTICE: Illegal string offset 'education'D:\wamp\www\lg\Storage\view\compile\0c28e7150ba5d668f4a1564650d3d0d8.php (502).
[ 2016-08-28T00:52:51+08:00 ]NOTICE: Illegal string offset 'cpid'D:\wamp\www\lg\Storage\view\compile\0c28e7150ba5d668f4a1564650d3d0d8.php (508).
[ 2016-08-28T00:52:51+08:00 ]NOTICE: Illegal string offset 'cpname'D:\wamp\www\lg\Storage\view\compile\0c28e7150ba5d668f4a1564650d3d0d8.php (509).
[ 2016-08-28T00:52:51+08:00 ]NOTICE: Illegal string offset 'industry'D:\wamp\www\lg\Storage\view\compile\0c28e7150ba5d668f4a1564650d3d0d8.php (513).
[ 2016-08-28T00:52:51+08:00 ]NOTICE: Illegal string offset 'financing'D:\wamp\www\lg\Storage\view\compile\0c28e7150ba5d668f4a1564650d3d0d8.php (513).
[ 2016-08-28T00:52:51+08:00 ]NOTICE: Illegal string offset 'tempt'D:\wamp\www\lg\Storage\view\compile\0c28e7150ba5d668f4a1564650d3d0d8.php (521).
[ 2016-08-28T00:52:51+08:00 ]NOTICE: Undefined index: jidD:\wamp\www\lg\Storage\view\compile\0c28e7150ba5d668f4a1564650d3d0d8.php (492).
[ 2016-08-28T00:52:51+08:00 ]NOTICE: Undefined index: jnameD:\wamp\www\lg\Storage\view\compile\0c28e7150ba5d668f4a1564650d3d0d8.php (493).
[ 2016-08-28T00:52:51+08:00 ]NOTICE: Undefined index: district_nameD:\wamp\www\lg\Storage\view\compile\0c28e7150ba5d668f4a1564650d3d0d8.php (493).
[ 2016-08-28T00:52:51+08:00 ]NOTICE: Undefined index: pubdateD:\wamp\www\lg\Storage\view\compile\0c28e7150ba5d668f4a1564650d3d0d8.php (496).
[ 2016-08-28T00:52:51+08:00 ]NOTICE: Undefined index: moneyD:\wamp\www\lg\Storage\view\compile\0c28e7150ba5d668f4a1564650d3d0d8.php (500).
[ 2016-08-28T00:52:51+08:00 ]NOTICE: Undefined index: experienceD:\wamp\www\lg\Storage\view\compile\0c28e7150ba5d668f4a1564650d3d0d8.php (501).
[ 2016-08-28T00:52:51+08:00 ]NOTICE: Undefined index: educationD:\wamp\www\lg\Storage\view\compile\0c28e7150ba5d668f4a1564650d3d0d8.php (502).
[ 2016-08-28T00:52:51+08:00 ]NOTICE: Undefined index: cpidD:\wamp\www\lg\Storage\view\compile\0c28e7150ba5d668f4a1564650d3d0d8.php (508).
[ 2016-08-28T00:52:51+08:00 ]NOTICE: Undefined index: cpnameD:\wamp\www\lg\Storage\view\compile\0c28e7150ba5d668f4a1564650d3d0d8.php (509).
[ 2016-08-28T00:52:51+08:00 ]NOTICE: Undefined index: industryD:\wamp\www\lg\Storage\view\compile\0c28e7150ba5d668f4a1564650d3d0d8.php (513).
[ 2016-08-28T00:52:51+08:00 ]NOTICE: Undefined index: financingD:\wamp\www\lg\Storage\view\compile\0c28e7150ba5d668f4a1564650d3d0d8.php (513).
[ 2016-08-28T00:52:51+08:00 ]NOTICE: Undefined index: temptD:\wamp\www\lg\Storage\view\compile\0c28e7150ba5d668f4a1564650d3d0d8.php (521).
[ 2016-08-28T02:03:29+08:00 ]NOTICE: Undefined variable: yunyingDataD:\wamp\www\lg\Storage\view\compile\0c28e7150ba5d668f4a1564650d3d0d8.php (272).
[ 2016-08-28T02:03:29+08:00 ]NOTICE: Invalid argument supplied for foreach()D:\wamp\www\lg\Storage\view\compile\0c28e7150ba5d668f4a1564650d3d0d8.php (272).
[ 2016-08-28T02:07:19+08:00 ]NOTICE: Undefined variable: shichangDataD:\wamp\www\lg\App\Home\Controller\IndexController.php (31).
[ 2016-08-28T02:07:19+08:00 ]NOTICE: Invalid argument supplied for foreach()D:\wamp\www\lg\Storage\view\compile\0c28e7150ba5d668f4a1564650d3d0d8.php (272).
[ 2016-08-28T02:23:19+08:00 ]NOTICE: Undefined index: countD:\wamp\www\lg\Storage\view\compile\8656c0fcb1ece94f616b6a6d1bd08008.php (160).
[ 2016-08-28T02:38:10+08:00 ]NOTICE: Undefined index: countD:\wamp\www\lg\Storage\view\compile\8656c0fcb1ece94f616b6a6d1bd08008.php (160).
[ 2016-08-28T02:49:38+08:00 ]NOTICE: Undefined index: countD:\wamp\www\lg\Storage\view\compile\1d68404e575295cb9dc89eaa6770eaae.php (160).
[ 2016-08-28T02:49:40+08:00 ]NOTICE: Undefined index: countD:\wamp\www\lg\Storage\view\compile\8656c0fcb1ece94f616b6a6d1bd08008.php (160).
[ 2016-08-28T03:13:52+08:00 ]NOTICE: Undefined index: infoD:\wamp\www\lg\App\Home\Controller\JobhunterController.php (13).
[ 2016-08-28T03:13:52+08:00 ]EXCEPTION: SELECT  *  FROM resume WHERE lg_user_uid= LIMIT 1 ;BindParams:array (
)42000;1064;You have an error in your SQL syntax; check the manual that corresponds to your MySQL server version for the right syntax to use near 'LIMIT 1' at line 1
[ 2016-08-28T03:15:00+08:00 ]NOTICE: Undefined index: infoD:\wamp\www\lg\App\Home\Controller\JobhunterController.php (13).
[ 2016-08-28T03:15:00+08:00 ]NOTICE: Undefined index: infoD:\wamp\www\lg\App\Home\Controller\JobhunterController.php (130).
[ 2016-08-28T03:15:09+08:00 ]NOTICE: Undefined index: infoD:\wamp\www\lg\App\Home\Controller\JobhunterController.php (13).
[ 2016-08-28T03:15:09+08:00 ]NOTICE: Undefined index: infoD:\wamp\www\lg\App\Home\Controller\JobhunterController.php (130).
[ 2016-08-28T03:15:12+08:00 ]NOTICE: Undefined index: infoD:\wamp\www\lg\App\Home\Controller\JobhunterController.php (13).
[ 2016-08-28T03:15:12+08:00 ]NOTICE: Undefined index: infoD:\wamp\www\lg\App\Home\Controller\JobhunterController.php (130).
[ 2016-08-28T03:15:50+08:00 ]NOTICE: Undefined index: infoD:\wamp\www\lg\App\Home\Controller\JobhunterController.php (13).
[ 2016-08-28T03:15:50+08:00 ]NOTICE: Undefined index: infoD:\wamp\www\lg\App\Home\Controller\JobhunterController.php (130).
[ 2016-08-28T03:16:56+08:00 ]NOTICE: Undefined index: infoD:\wamp\www\lg\App\Home\Controller\JobhunterController.php (13).
[ 2016-08-28T03:16:56+08:00 ]NOTICE: Undefined index: infoD:\wamp\www\lg\App\Home\Controller\JobhunterController.php (130).
[ 2016-08-28T03:17:01+08:00 ]NOTICE: Undefined index: infoD:\wamp\www\lg\App\Home\Controller\JobhunterController.php (13).
[ 2016-08-28T03:17:01+08:00 ]NOTICE: Undefined index: infoD:\wamp\www\lg\App\Home\Controller\JobhunterController.php (130).
[ 2016-08-28T03:17:13+08:00 ]EXCEPTION: Method Home\Controller\IndexController::companylist333() does not exist
[ 2016-08-28T03:19:35+08:00 ]NOTICE: Undefined index: countD:\wamp\www\lg\Storage\view\compile\8656c0fcb1ece94f616b6a6d1bd08008.php (160).
[ 2016-08-28T03:19:40+08:00 ]NOTICE: Undefined index: countD:\wamp\www\lg\Storage\view\compile\1d68404e575295cb9dc89eaa6770eaae.php (160).
[ 2016-08-28T03:19:41+08:00 ]NOTICE: Undefined index: countD:\wamp\www\lg\Storage\view\compile\8656c0fcb1ece94f616b6a6d1bd08008.php (160).
[ 2016-08-28T03:23:51+08:00 ]EXCEPTION: SELECT  *  FROM lg_user WHERE account='{{U('Login/register')}}' ;BindParams:array (
)42000;1064;You have an error in your SQL syntax; check the manual that corresponds to your MySQL server version for the right syntax to use near 'Login/register')}}'' at line 1
[ 2016-08-28T11:42:50+08:00 ]EXCEPTION: SELECT  *  FROM lg_user WHERE account=aaaaaaa LIMIT 1 ;BindParams:array (
)42S22;1054;Unknown column 'aaaaaaa' in 'where clause'
[ 2016-08-28T13:20:01+08:00 ]NOTICE: Undefined index: district_nameD:\wamp\www\lg\Storage\view\compile\47cf42f47480263b49b6d10bf25e3e5e.php (115).
[ 2016-08-28T14:23:21+08:00 ]NOTICE: Undefined offset: 0D:\wamp\www\lg\App\Common\Model\User.php (55).
[ 2016-08-28T14:59:32+08:00 ]NOTICE: rand() expects exactly 2 parameters, 1 givenD:\wamp\www\lg\App\Common\Model\Company.php (101).
[ 2016-08-28T14:59:32+08:00 ]EXCEPTION: SELECT  *  FROM company ORDER BY   ASC  LIMIT 2 ;BindParams:array (
)42000;1064;You have an error in your SQL syntax; check the manual that corresponds to your MySQL server version for the right syntax to use near 'ASC  LIMIT 2' at line 1
[ 2016-08-28T15:02:26+08:00 ]EXCEPTION: Method Home\Controller\JobController::huntlist() does not exist
[ 2016-08-28T15:05:02+08:00 ]NOTICE: Undefined index: infoD:\wamp\www\lg\App\Home\Controller\JobhunterController.php (13).
[ 2016-08-28T15:05:02+08:00 ]NOTICE: Undefined index: infoD:\wamp\www\lg\App\Home\Controller\JobhunterController.php (130).
[ 2016-08-28T15:05:06+08:00 ]NOTICE: Undefined index: infoD:\wamp\www\lg\App\Home\Controller\JobhunterController.php (13).
[ 2016-08-28T15:05:06+08:00 ]NOTICE: Undefined index: infoD:\wamp\www\lg\App\Home\Controller\JobhunterController.php (130).
[ 2016-08-28T15:42:11+08:00 ]NOTICE: Undefined index: infoD:\wamp\www\lg\App\Home\Controller\JobhunterController.php (13).
[ 2016-08-28T15:42:11+08:00 ]NOTICE: Undefined index: infoD:\wamp\www\lg\App\Home\Controller\JobhunterController.php (130).
[ 2016-08-28T16:09:16+08:00 ]EXCEPTION: SELECT  *  FROM job WHERE jname LIKE  Flash设计师 ;BindParams:array (
)42S22;1054;Unknown column 'Flash设计师' in 'where clause'
[ 2016-08-28T16:10:01+08:00 ]NOTICE: Array to string conversionD:\wamp\www\lg\App\Common\Model\Job.php (154).
[ 2016-08-28T16:10:51+08:00 ]NOTICE: explode() expects parameter 2 to be string, array givenD:\wamp\www\lg\App\Common\Model\Job.php (153).
[ 2016-08-28T16:10:58+08:00 ]NOTICE: explode() expects parameter 2 to be string, array givenD:\wamp\www\lg\App\Common\Model\Job.php (153).
[ 2016-08-28T16:35:17+08:00 ]NOTICE: Array to string conversionD:\wamp\www\lg\Storage\view\compile\68474af44afea5f7ae4d214662c38943.php (331).
[ 2016-08-28T16:35:17+08:00 ]NOTICE: Array to string conversionD:\wamp\www\lg\Storage\view\compile\68474af44afea5f7ae4d214662c38943.php (331).
[ 2016-08-28T16:35:17+08:00 ]NOTICE: Array to string conversionD:\wamp\www\lg\Storage\view\compile\68474af44afea5f7ae4d214662c38943.php (331).
[ 2016-08-28T16:35:17+08:00 ]NOTICE: Array to string conversionD:\wamp\www\lg\Storage\view\compile\68474af44afea5f7ae4d214662c38943.php (331).
[ 2016-08-28T16:35:17+08:00 ]NOTICE: Array to string conversionD:\wamp\www\lg\Storage\view\compile\68474af44afea5f7ae4d214662c38943.php (331).
[ 2016-08-28T16:35:33+08:00 ]NOTICE: Array to string conversionD:\wamp\www\lg\Storage\view\compile\68474af44afea5f7ae4d214662c38943.php (331).
[ 2016-08-28T16:35:33+08:00 ]NOTICE: Array to string conversionD:\wamp\www\lg\Storage\view\compile\68474af44afea5f7ae4d214662c38943.php (331).
[ 2016-08-28T16:35:33+08:00 ]NOTICE: Array to string conversionD:\wamp\www\lg\Storage\view\compile\68474af44afea5f7ae4d214662c38943.php (331).
[ 2016-08-28T16:35:33+08:00 ]NOTICE: Array to string conversionD:\wamp\www\lg\Storage\view\compile\68474af44afea5f7ae4d214662c38943.php (331).
[ 2016-08-28T16:35:33+08:00 ]NOTICE: Array to string conversionD:\wamp\www\lg\Storage\view\compile\68474af44afea5f7ae4d214662c38943.php (331).
[ 2016-08-28T16:35:45+08:00 ]NOTICE: Array to string conversionD:\wamp\www\lg\Storage\view\compile\68474af44afea5f7ae4d214662c38943.php (331).
[ 2016-08-28T16:35:45+08:00 ]NOTICE: Array to string conversionD:\wamp\www\lg\Storage\view\compile\68474af44afea5f7ae4d214662c38943.php (331).
[ 2016-08-28T16:35:45+08:00 ]NOTICE: Array to string conversionD:\wamp\www\lg\Storage\view\compile\68474af44afea5f7ae4d214662c38943.php (331).
[ 2016-08-28T16:35:45+08:00 ]NOTICE: Array to string conversionD:\wamp\www\lg\Storage\view\compile\68474af44afea5f7ae4d214662c38943.php (331).
[ 2016-08-28T16:35:45+08:00 ]NOTICE: Array to string conversionD:\wamp\www\lg\Storage\view\compile\68474af44afea5f7ae4d214662c38943.php (331).
[ 2016-08-28T16:46:39+08:00 ]NOTICE: Undefined variable: guessDataD:\wamp\www\lg\Storage\view\compile\1aa0f10cd7e29e431d64a575e2e7b662.php (4).
[ 2016-08-28T16:46:39+08:00 ]NOTICE: Invalid argument supplied for foreach()D:\wamp\www\lg\Storage\view\compile\1aa0f10cd7e29e431d64a575e2e7b662.php (4).
[ 2016-08-28T16:56:07+08:00 ]NOTICE: Undefined variable: actionDataD:\wamp\www\lg\Storage\view\compile\1aa0f10cd7e29e431d64a575e2e7b662.php (4).
[ 2016-08-28T16:57:31+08:00 ]EXCEPTION: SELECT  *  FROM resume INNER JOIN company ON company_cpid = cpid  INNER JOIN district ON city = plid ORDER BY  rand() ASC  LIMIT 5 ;BindParams:array (
)42S22;1054;Unknown column 'company_cpid' in 'on clause'
[ 2016-08-28T17:07:04+08:00 ]NOTICE: Undefined index: actioningD:\wamp\www\lg\Storage\view\compile\68474af44afea5f7ae4d214662c38943.php (191).
[ 2016-08-28T17:07:04+08:00 ]NOTICE: Undefined index: actioningD:\wamp\www\lg\Storage\view\compile\68474af44afea5f7ae4d214662c38943.php (192).
[ 2016-08-28T17:07:04+08:00 ]NOTICE: Undefined index: actioningD:\wamp\www\lg\Storage\view\compile\68474af44afea5f7ae4d214662c38943.php (192).
[ 2016-08-28T17:07:04+08:00 ]NOTICE: Undefined index: actioningD:\wamp\www\lg\Storage\view\compile\68474af44afea5f7ae4d214662c38943.php (192).
[ 2016-08-28T17:07:04+08:00 ]NOTICE: Undefined index: act_timeD:\wamp\www\lg\Storage\view\compile\68474af44afea5f7ae4d214662c38943.php (194).
[ 2016-08-28T17:07:04+08:00 ]NOTICE: Undefined index: actioningD:\wamp\www\lg\Storage\view\compile\68474af44afea5f7ae4d214662c38943.php (200).
[ 2016-08-28T17:07:04+08:00 ]NOTICE: Undefined index: actioningD:\wamp\www\lg\Storage\view\compile\68474af44afea5f7ae4d214662c38943.php (211).
[ 2016-08-28T17:07:04+08:00 ]NOTICE: Undefined index: actioningD:\wamp\www\lg\Storage\view\compile\68474af44afea5f7ae4d214662c38943.php (221).
[ 2016-08-28T17:07:04+08:00 ]NOTICE: Undefined index: actioningD:\wamp\www\lg\Storage\view\compile\68474af44afea5f7ae4d214662c38943.php (231).
[ 2016-08-28T17:07:04+08:00 ]NOTICE: Undefined index: actioningD:\wamp\www\lg\Storage\view\compile\68474af44afea5f7ae4d214662c38943.php (258).
[ 2016-08-28T17:07:04+08:00 ]NOTICE: Undefined index: actioningD:\wamp\www\lg\Storage\view\compile\68474af44afea5f7ae4d214662c38943.php (261).
[ 2016-08-28T17:07:04+08:00 ]NOTICE: Undefined index: act_timeD:\wamp\www\lg\Storage\view\compile\68474af44afea5f7ae4d214662c38943.php (272).
[ 2016-08-28T17:07:04+08:00 ]NOTICE: Undefined index: actioningD:\wamp\www\lg\Storage\view\compile\68474af44afea5f7ae4d214662c38943.php (277).
[ 2016-08-28T17:07:04+08:00 ]NOTICE: Undefined index: actioningD:\wamp\www\lg\Storage\view\compile\68474af44afea5f7ae4d214662c38943.php (280).
[ 2016-08-28T17:07:04+08:00 ]NOTICE: Undefined index: actioningD:\wamp\www\lg\Storage\view\compile\68474af44afea5f7ae4d214662c38943.php (282).
[ 2016-08-28T17:07:04+08:00 ]NOTICE: Undefined index: actioningD:\wamp\www\lg\Storage\view\compile\68474af44afea5f7ae4d214662c38943.php (284).
[ 2016-08-28T17:07:04+08:00 ]NOTICE: Undefined index: actioningD:\wamp\www\lg\Storage\view\compile\68474af44afea5f7ae4d214662c38943.php (191).
[ 2016-08-28T17:07:04+08:00 ]NOTICE: Undefined index: actioningD:\wamp\www\lg\Storage\view\compile\68474af44afea5f7ae4d214662c38943.php (192).
[ 2016-08-28T17:07:04+08:00 ]NOTICE: Undefined index: actioningD:\wamp\www\lg\Storage\view\compile\68474af44afea5f7ae4d214662c38943.php (192).
[ 2016-08-28T17:07:04+08:00 ]NOTICE: Undefined index: actioningD:\wamp\www\lg\Storage\view\compile\68474af44afea5f7ae4d214662c38943.php (192).
[ 2016-08-28T17:07:04+08:00 ]NOTICE: Undefined index: act_timeD:\wamp\www\lg\Storage\view\compile\68474af44afea5f7ae4d214662c38943.php (194).
[ 2016-08-28T17:07:04+08:00 ]NOTICE: Undefined index: actioningD:\wamp\www\lg\Storage\view\compile\68474af44afea5f7ae4d214662c38943.php (200).
[ 2016-08-28T17:07:04+08:00 ]NOTICE: Undefined index: actioningD:\wamp\www\lg\Storage\view\compile\68474af44afea5f7ae4d214662c38943.php (211).
[ 2016-08-28T17:07:04+08:00 ]NOTICE: Undefined index: actioningD:\wamp\www\lg\Storage\view\compile\68474af44afea5f7ae4d214662c38943.php (221).
[ 2016-08-28T17:07:04+08:00 ]NOTICE: Undefined index: actioningD:\wamp\www\lg\Storage\view\compile\68474af44afea5f7ae4d214662c38943.php (231).
[ 2016-08-28T17:07:04+08:00 ]NOTICE: Undefined index: actioningD:\wamp\www\lg\Storage\view\compile\68474af44afea5f7ae4d214662c38943.php (258).
[ 2016-08-28T17:07:04+08:00 ]NOTICE: Undefined index: actioningD:\wamp\www\lg\Storage\view\compile\68474af44afea5f7ae4d214662c38943.php (261).
[ 2016-08-28T17:07:04+08:00 ]NOTICE: Undefined index: act_timeD:\wamp\www\lg\Storage\view\compile\68474af44afea5f7ae4d214662c38943.php (272).
[ 2016-08-28T17:07:04+08:00 ]NOTICE: Undefined index: actioningD:\wamp\www\lg\Storage\view\compile\68474af44afea5f7ae4d214662c38943.php (277).
[ 2016-08-28T17:07:04+08:00 ]NOTICE: Undefined index: actioningD:\wamp\www\lg\Storage\view\compile\68474af44afea5f7ae4d214662c38943.php (280).
[ 2016-08-28T17:07:04+08:00 ]NOTICE: Undefined index: actioningD:\wamp\www\lg\Storage\view\compile\68474af44afea5f7ae4d214662c38943.php (282).
[ 2016-08-28T17:07:04+08:00 ]NOTICE: Undefined index: actioningD:\wamp\www\lg\Storage\view\compile\68474af44afea5f7ae4d214662c38943.php (284).
[ 2016-08-28T17:07:04+08:00 ]NOTICE: Undefined index: actioningD:\wamp\www\lg\Storage\view\compile\68474af44afea5f7ae4d214662c38943.php (191).
[ 2016-08-28T17:07:04+08:00 ]NOTICE: Undefined index: actioningD:\wamp\www\lg\Storage\view\compile\68474af44afea5f7ae4d214662c38943.php (192).
[ 2016-08-28T17:07:04+08:00 ]NOTICE: Undefined index: actioningD:\wamp\www\lg\Storage\view\compile\68474af44afea5f7ae4d214662c38943.php (192).
[ 2016-08-28T17:07:04+08:00 ]NOTICE: Undefined index: actioningD:\wamp\www\lg\Storage\view\compile\68474af44afea5f7ae4d214662c38943.php (192).
[ 2016-08-28T17:07:04+08:00 ]NOTICE: Undefined index: act_timeD:\wamp\www\lg\Storage\view\compile\68474af44afea5f7ae4d214662c38943.php (194).
[ 2016-08-28T17:07:04+08:00 ]NOTICE: Undefined index: actioningD:\wamp\www\lg\Storage\view\compile\68474af44afea5f7ae4d214662c38943.php (200).
[ 2016-08-28T17:07:04+08:00 ]NOTICE: Undefined index: actioningD:\wamp\www\lg\Storage\view\compile\68474af44afea5f7ae4d214662c38943.php (211).
[ 2016-08-28T17:07:04+08:00 ]NOTICE: Undefined index: actioningD:\wamp\www\lg\Storage\view\compile\68474af44afea5f7ae4d214662c38943.php (221).
[ 2016-08-28T17:07:04+08:00 ]NOTICE: Undefined index: actioningD:\wamp\www\lg\Storage\view\compile\68474af44afea5f7ae4d214662c38943.php (231).
[ 2016-08-28T17:07:04+08:00 ]NOTICE: Undefined index: actioningD:\wamp\www\lg\Storage\view\compile\68474af44afea5f7ae4d214662c38943.php (258).
[ 2016-08-28T17:07:04+08:00 ]NOTICE: Undefined index: actioningD:\wamp\www\lg\Storage\view\compile\68474af44afea5f7ae4d214662c38943.php (261).
[ 2016-08-28T17:07:04+08:00 ]NOTICE: Undefined index: act_timeD:\wamp\www\lg\Storage\view\compile\68474af44afea5f7ae4d214662c38943.php (272).
[ 2016-08-28T17:07:04+08:00 ]NOTICE: Undefined index: actioningD:\wamp\www\lg\Storage\view\compile\68474af44afea5f7ae4d214662c38943.php (277).
[ 2016-08-28T17:07:04+08:00 ]NOTICE: Undefined index: actioningD:\wamp\www\lg\Storage\view\compile\68474af44afea5f7ae4d214662c38943.php (280).
[ 2016-08-28T17:07:04+08:00 ]NOTICE: Undefined index: actioningD:\wamp\www\lg\Storage\view\compile\68474af44afea5f7ae4d214662c38943.php (282).
[ 2016-08-28T17:07:04+08:00 ]NOTICE: Undefined index: actioningD:\wamp\www\lg\Storage\view\compile\68474af44afea5f7ae4d214662c38943.php (284).
[ 2016-08-28T17:07:05+08:00 ]NOTICE: Undefined index: actioningD:\wamp\www\lg\Storage\view\compile\68474af44afea5f7ae4d214662c38943.php (191).
[ 2016-08-28T17:07:05+08:00 ]NOTICE: Undefined index: actioningD:\wamp\www\lg\Storage\view\compile\68474af44afea5f7ae4d214662c38943.php (192).
[ 2016-08-28T17:07:05+08:00 ]NOTICE: Undefined index: actioningD:\wamp\www\lg\Storage\view\compile\68474af44afea5f7ae4d214662c38943.php (192).
[ 2016-08-28T17:07:05+08:00 ]NOTICE: Undefined index: actioningD:\wamp\www\lg\Storage\view\compile\68474af44afea5f7ae4d214662c38943.php (192).
[ 2016-08-28T17:07:05+08:00 ]NOTICE: Undefined index: act_timeD:\wamp\www\lg\Storage\view\compile\68474af44afea5f7ae4d214662c38943.php (194).
[ 2016-08-28T17:07:05+08:00 ]NOTICE: Undefined index: actioningD:\wamp\www\lg\Storage\view\compile\68474af44afea5f7ae4d214662c38943.php (200).
[ 2016-08-28T17:07:05+08:00 ]NOTICE: Undefined index: actioningD:\wamp\www\lg\Storage\view\compile\68474af44afea5f7ae4d214662c38943.php (211).
[ 2016-08-28T17:07:05+08:00 ]NOTICE: Undefined index: actioningD:\wamp\www\lg\Storage\view\compile\68474af44afea5f7ae4d214662c38943.php (221).
[ 2016-08-28T17:07:05+08:00 ]NOTICE: Undefined index: actioningD:\wamp\www\lg\Storage\view\compile\68474af44afea5f7ae4d214662c38943.php (231).
[ 2016-08-28T17:07:05+08:00 ]NOTICE: Undefined index: actioningD:\wamp\www\lg\Storage\view\compile\68474af44afea5f7ae4d214662c38943.php (258).
[ 2016-08-28T17:07:05+08:00 ]NOTICE: Undefined index: actioningD:\wamp\www\lg\Storage\view\compile\68474af44afea5f7ae4d214662c38943.php (261).
[ 2016-08-28T17:07:05+08:00 ]NOTICE: Undefined index: act_timeD:\wamp\www\lg\Storage\view\compile\68474af44afea5f7ae4d214662c38943.php (272).
[ 2016-08-28T17:07:05+08:00 ]NOTICE: Undefined index: actioningD:\wamp\www\lg\Storage\view\compile\68474af44afea5f7ae4d214662c38943.php (277).
[ 2016-08-28T17:07:05+08:00 ]NOTICE: Undefined index: actioningD:\wamp\www\lg\Storage\view\compile\68474af44afea5f7ae4d214662c38943.php (280).
[ 2016-08-28T17:07:05+08:00 ]NOTICE: Undefined index: actioningD:\wamp\www\lg\Storage\view\compile\68474af44afea5f7ae4d214662c38943.php (282).
[ 2016-08-28T17:07:05+08:00 ]NOTICE: Undefined index: actioningD:\wamp\www\lg\Storage\view\compile\68474af44afea5f7ae4d214662c38943.php (284).
[ 2016-08-28T17:07:05+08:00 ]NOTICE: Undefined index: actioningD:\wamp\www\lg\Storage\view\compile\68474af44afea5f7ae4d214662c38943.php (191).
[ 2016-08-28T17:07:05+08:00 ]NOTICE: Undefined index: actioningD:\wamp\www\lg\Storage\view\compile\68474af44afea5f7ae4d214662c38943.php (192).
[ 2016-08-28T17:07:05+08:00 ]NOTICE: Undefined index: actioningD:\wamp\www\lg\Storage\view\compile\68474af44afea5f7ae4d214662c38943.php (192).
[ 2016-08-28T17:07:05+08:00 ]NOTICE: Undefined index: actioningD:\wamp\www\lg\Storage\view\compile\68474af44afea5f7ae4d214662c38943.php (192).
[ 2016-08-28T17:07:05+08:00 ]NOTICE: Undefined index: act_timeD:\wamp\www\lg\Storage\view\compile\68474af44afea5f7ae4d214662c38943.php (194).
[ 2016-08-28T17:07:05+08:00 ]NOTICE: Undefined index: actioningD:\wamp\www\lg\Storage\view\compile\68474af44afea5f7ae4d214662c38943.php (200).
[ 2016-08-28T17:07:05+08:00 ]NOTICE: Undefined index: actioningD:\wamp\www\lg\Storage\view\compile\68474af44afea5f7ae4d214662c38943.php (211).
[ 2016-08-28T17:07:05+08:00 ]NOTICE: Undefined index: actioningD:\wamp\www\lg\Storage\view\compile\68474af44afea5f7ae4d214662c38943.php (221).
[ 2016-08-28T17:07:05+08:00 ]NOTICE: Undefined index: actioningD:\wamp\www\lg\Storage\view\compile\68474af44afea5f7ae4d214662c38943.php (231).
[ 2016-08-28T17:07:05+08:00 ]NOTICE: Undefined index: actioningD:\wamp\www\lg\Storage\view\compile\68474af44afea5f7ae4d214662c38943.php (258).
[ 2016-08-28T17:07:05+08:00 ]NOTICE: Undefined index: actioningD:\wamp\www\lg\Storage\view\compile\68474af44afea5f7ae4d214662c38943.php (261).
[ 2016-08-28T17:07:05+08:00 ]NOTICE: Undefined index: act_timeD:\wamp\www\lg\Storage\view\compile\68474af44afea5f7ae4d214662c38943.php (272).
[ 2016-08-28T17:07:05+08:00 ]NOTICE: Undefined index: actioningD:\wamp\www\lg\Storage\view\compile\68474af44afea5f7ae4d214662c38943.php (277).
[ 2016-08-28T17:07:05+08:00 ]NOTICE: Undefined index: actioningD:\wamp\www\lg\Storage\view\compile\68474af44afea5f7ae4d214662c38943.php (280).
[ 2016-08-28T17:07:05+08:00 ]NOTICE: Undefined index: actioningD:\wamp\www\lg\Storage\view\compile\68474af44afea5f7ae4d214662c38943.php (282).
[ 2016-08-28T17:07:05+08:00 ]NOTICE: Undefined index: actioningD:\wamp\www\lg\Storage\view\compile\68474af44afea5f7ae4d214662c38943.php (284).
[ 2016-08-28T17:07:05+08:00 ]NOTICE: Undefined variable: guessDataD:\wamp\www\lg\Storage\view\compile\68474af44afea5f7ae4d214662c38943.php (322).
[ 2016-08-28T17:07:05+08:00 ]NOTICE: Invalid argument supplied for foreach()D:\wamp\www\lg\Storage\view\compile\68474af44afea5f7ae4d214662c38943.php (322).
[ 2016-08-28T17:08:37+08:00 ]NOTICE: Undefined index: actioningD:\wamp\www\lg\Storage\view\compile\68474af44afea5f7ae4d214662c38943.php (191).
[ 2016-08-28T17:08:37+08:00 ]NOTICE: Undefined index: actioningD:\wamp\www\lg\Storage\view\compile\68474af44afea5f7ae4d214662c38943.php (192).
[ 2016-08-28T17:08:37+08:00 ]NOTICE: Undefined index: actioningD:\wamp\www\lg\Storage\view\compile\68474af44afea5f7ae4d214662c38943.php (192).
[ 2016-08-28T17:08:37+08:00 ]NOTICE: Undefined index: actioningD:\wamp\www\lg\Storage\view\compile\68474af44afea5f7ae4d214662c38943.php (192).
[ 2016-08-28T17:08:37+08:00 ]NOTICE: Undefined index: act_timeD:\wamp\www\lg\Storage\view\compile\68474af44afea5f7ae4d214662c38943.php (194).
[ 2016-08-28T17:08:37+08:00 ]NOTICE: Undefined index: actioningD:\wamp\www\lg\Storage\view\compile\68474af44afea5f7ae4d214662c38943.php (200).
[ 2016-08-28T17:08:37+08:00 ]NOTICE: Undefined index: actioningD:\wamp\www\lg\Storage\view\compile\68474af44afea5f7ae4d214662c38943.php (211).
[ 2016-08-28T17:08:37+08:00 ]NOTICE: Undefined index: actioningD:\wamp\www\lg\Storage\view\compile\68474af44afea5f7ae4d214662c38943.php (221).
[ 2016-08-28T17:08:37+08:00 ]NOTICE: Undefined index: actioningD:\wamp\www\lg\Storage\view\compile\68474af44afea5f7ae4d214662c38943.php (231).
[ 2016-08-28T17:08:37+08:00 ]NOTICE: Undefined index: actioningD:\wamp\www\lg\Storage\view\compile\68474af44afea5f7ae4d214662c38943.php (258).
[ 2016-08-28T17:08:37+08:00 ]NOTICE: Undefined index: actioningD:\wamp\www\lg\Storage\view\compile\68474af44afea5f7ae4d214662c38943.php (261).
[ 2016-08-28T17:08:37+08:00 ]NOTICE: Undefined index: act_timeD:\wamp\www\lg\Storage\view\compile\68474af44afea5f7ae4d214662c38943.php (272).
[ 2016-08-28T17:08:37+08:00 ]NOTICE: Undefined index: actioningD:\wamp\www\lg\Storage\view\compile\68474af44afea5f7ae4d214662c38943.php (277).
[ 2016-08-28T17:08:37+08:00 ]NOTICE: Undefined index: actioningD:\wamp\www\lg\Storage\view\compile\68474af44afea5f7ae4d214662c38943.php (280).
[ 2016-08-28T17:08:37+08:00 ]NOTICE: Undefined index: actioningD:\wamp\www\lg\Storage\view\compile\68474af44afea5f7ae4d214662c38943.php (282).
[ 2016-08-28T17:08:37+08:00 ]NOTICE: Undefined index: actioningD:\wamp\www\lg\Storage\view\compile\68474af44afea5f7ae4d214662c38943.php (284).
[ 2016-08-28T17:08:37+08:00 ]NOTICE: Undefined index: actioningD:\wamp\www\lg\Storage\view\compile\68474af44afea5f7ae4d214662c38943.php (191).
[ 2016-08-28T17:08:37+08:00 ]NOTICE: Undefined index: actioningD:\wamp\www\lg\Storage\view\compile\68474af44afea5f7ae4d214662c38943.php (192).
[ 2016-08-28T17:08:37+08:00 ]NOTICE: Undefined index: actioningD:\wamp\www\lg\Storage\view\compile\68474af44afea5f7ae4d214662c38943.php (192).
[ 2016-08-28T17:08:37+08:00 ]NOTICE: Undefined index: actioningD:\wamp\www\lg\Storage\view\compile\68474af44afea5f7ae4d214662c38943.php (192).
[ 2016-08-28T17:08:37+08:00 ]NOTICE: Undefined index: act_timeD:\wamp\www\lg\Storage\view\compile\68474af44afea5f7ae4d214662c38943.php (194).
[ 2016-08-28T17:08:37+08:00 ]NOTICE: Undefined index: actioningD:\wamp\www\lg\Storage\view\compile\68474af44afea5f7ae4d214662c38943.php (200).
[ 2016-08-28T17:08:37+08:00 ]NOTICE: Undefined index: actioningD:\wamp\www\lg\Storage\view\compile\68474af44afea5f7ae4d214662c38943.php (211).
[ 2016-08-28T17:08:37+08:00 ]NOTICE: Undefined index: actioningD:\wamp\www\lg\Storage\view\compile\68474af44afea5f7ae4d214662c38943.php (221).
[ 2016-08-28T17:08:37+08:00 ]NOTICE: Undefined index: actioningD:\wamp\www\lg\Storage\view\compile\68474af44afea5f7ae4d214662c38943.php (231).
[ 2016-08-28T17:08:37+08:00 ]NOTICE: Undefined index: actioningD:\wamp\www\lg\Storage\view\compile\68474af44afea5f7ae4d214662c38943.php (258).
[ 2016-08-28T17:08:37+08:00 ]NOTICE: Undefined index: actioningD:\wamp\www\lg\Storage\view\compile\68474af44afea5f7ae4d214662c38943.php (261).
[ 2016-08-28T17:08:37+08:00 ]NOTICE: Undefined index: act_timeD:\wamp\www\lg\Storage\view\compile\68474af44afea5f7ae4d214662c38943.php (272).
[ 2016-08-28T17:08:37+08:00 ]NOTICE: Undefined index: actioningD:\wamp\www\lg\Storage\view\compile\68474af44afea5f7ae4d214662c38943.php (277).
[ 2016-08-28T17:08:37+08:00 ]NOTICE: Undefined index: actioningD:\wamp\www\lg\Storage\view\compile\68474af44afea5f7ae4d214662c38943.php (280).
[ 2016-08-28T17:08:37+08:00 ]NOTICE: Undefined index: actioningD:\wamp\www\lg\Storage\view\compile\68474af44afea5f7ae4d214662c38943.php (282).
[ 2016-08-28T17:08:37+08:00 ]NOTICE: Undefined index: actioningD:\wamp\www\lg\Storage\view\compile\68474af44afea5f7ae4d214662c38943.php (284).
[ 2016-08-28T17:08:37+08:00 ]NOTICE: Undefined index: actioningD:\wamp\www\lg\Storage\view\compile\68474af44afea5f7ae4d214662c38943.php (191).
[ 2016-08-28T17:08:37+08:00 ]NOTICE: Undefined index: actioningD:\wamp\www\lg\Storage\view\compile\68474af44afea5f7ae4d214662c38943.php (192).
[ 2016-08-28T17:08:37+08:00 ]NOTICE: Undefined index: actioningD:\wamp\www\lg\Storage\view\compile\68474af44afea5f7ae4d214662c38943.php (192).
[ 2016-08-28T17:08:37+08:00 ]NOTICE: Undefined index: actioningD:\wamp\www\lg\Storage\view\compile\68474af44afea5f7ae4d214662c38943.php (192).
[ 2016-08-28T17:08:37+08:00 ]NOTICE: Undefined index: act_timeD:\wamp\www\lg\Storage\view\compile\68474af44afea5f7ae4d214662c38943.php (194).
[ 2016-08-28T17:08:37+08:00 ]NOTICE: Undefined index: actioningD:\wamp\www\lg\Storage\view\compile\68474af44afea5f7ae4d214662c38943.php (200).
[ 2016-08-28T17:08:37+08:00 ]NOTICE: Undefined index: actioningD:\wamp\www\lg\Storage\view\compile\68474af44afea5f7ae4d214662c38943.php (211).
[ 2016-08-28T17:08:37+08:00 ]NOTICE: Undefined index: actioningD:\wamp\www\lg\Storage\view\compile\68474af44afea5f7ae4d214662c38943.php (221).
[ 2016-08-28T17:08:37+08:00 ]NOTICE: Undefined index: actioningD:\wamp\www\lg\Storage\view\compile\68474af44afea5f7ae4d214662c38943.php (231).
[ 2016-08-28T17:08:37+08:00 ]NOTICE: Undefined index: actioningD:\wamp\www\lg\Storage\view\compile\68474af44afea5f7ae4d214662c38943.php (258).
[ 2016-08-28T17:08:37+08:00 ]NOTICE: Undefined index: actioningD:\wamp\www\lg\Storage\view\compile\68474af44afea5f7ae4d214662c38943.php (261).
[ 2016-08-28T17:08:37+08:00 ]NOTICE: Undefined index: act_timeD:\wamp\www\lg\Storage\view\compile\68474af44afea5f7ae4d214662c38943.php (272).
[ 2016-08-28T17:08:37+08:00 ]NOTICE: Undefined index: actioningD:\wamp\www\lg\Storage\view\compile\68474af44afea5f7ae4d214662c38943.php (277).
[ 2016-08-28T17:08:37+08:00 ]NOTICE: Undefined index: actioningD:\wamp\www\lg\Storage\view\compile\68474af44afea5f7ae4d214662c38943.php (280).
[ 2016-08-28T17:08:37+08:00 ]NOTICE: Undefined index: actioningD:\wamp\www\lg\Storage\view\compile\68474af44afea5f7ae4d214662c38943.php (282).
[ 2016-08-28T17:08:37+08:00 ]NOTICE: Undefined index: actioningD:\wamp\www\lg\Storage\view\compile\68474af44afea5f7ae4d214662c38943.php (284).
[ 2016-08-28T17:08:37+08:00 ]NOTICE: Undefined index: actioningD:\wamp\www\lg\Storage\view\compile\68474af44afea5f7ae4d214662c38943.php (191).
[ 2016-08-28T17:08:37+08:00 ]NOTICE: Undefined index: actioningD:\wamp\www\lg\Storage\view\compile\68474af44afea5f7ae4d214662c38943.php (192).
[ 2016-08-28T17:08:37+08:00 ]NOTICE: Undefined index: actioningD:\wamp\www\lg\Storage\view\compile\68474af44afea5f7ae4d214662c38943.php (192).
[ 2016-08-28T17:08:37+08:00 ]NOTICE: Undefined index: actioningD:\wamp\www\lg\Storage\view\compile\68474af44afea5f7ae4d214662c38943.php (192).
[ 2016-08-28T17:08:37+08:00 ]NOTICE: Undefined index: act_timeD:\wamp\www\lg\Storage\view\compile\68474af44afea5f7ae4d214662c38943.php (194).
[ 2016-08-28T17:08:37+08:00 ]NOTICE: Undefined index: actioningD:\wamp\www\lg\Storage\view\compile\68474af44afea5f7ae4d214662c38943.php (200).
[ 2016-08-28T17:08:37+08:00 ]NOTICE: Undefined index: actioningD:\wamp\www\lg\Storage\view\compile\68474af44afea5f7ae4d214662c38943.php (211).
[ 2016-08-28T17:08:37+08:00 ]NOTICE: Undefined index: actioningD:\wamp\www\lg\Storage\view\compile\68474af44afea5f7ae4d214662c38943.php (221).
[ 2016-08-28T17:08:37+08:00 ]NOTICE: Undefined index: actioningD:\wamp\www\lg\Storage\view\compile\68474af44afea5f7ae4d214662c38943.php (231).
[ 2016-08-28T17:08:37+08:00 ]NOTICE: Undefined index: actioningD:\wamp\www\lg\Storage\view\compile\68474af44afea5f7ae4d214662c38943.php (258).
[ 2016-08-28T17:08:37+08:00 ]NOTICE: Undefined index: actioningD:\wamp\www\lg\Storage\view\compile\68474af44afea5f7ae4d214662c38943.php (261).
[ 2016-08-28T17:08:37+08:00 ]NOTICE: Undefined index: act_timeD:\wamp\www\lg\Storage\view\compile\68474af44afea5f7ae4d214662c38943.php (272).
[ 2016-08-28T17:08:37+08:00 ]NOTICE: Undefined index: actioningD:\wamp\www\lg\Storage\view\compile\68474af44afea5f7ae4d214662c38943.php (277).
[ 2016-08-28T17:08:37+08:00 ]NOTICE: Undefined index: actioningD:\wamp\www\lg\Storage\view\compile\68474af44afea5f7ae4d214662c38943.php (280).
[ 2016-08-28T17:08:37+08:00 ]NOTICE: Undefined index: actioningD:\wamp\www\lg\Storage\view\compile\68474af44afea5f7ae4d214662c38943.php (282).
[ 2016-08-28T17:08:37+08:00 ]NOTICE: Undefined index: actioningD:\wamp\www\lg\Storage\view\compile\68474af44afea5f7ae4d214662c38943.php (284).
[ 2016-08-28T17:08:37+08:00 ]NOTICE: Undefined index: actioningD:\wamp\www\lg\Storage\view\compile\68474af44afea5f7ae4d214662c38943.php (191).
[ 2016-08-28T17:08:37+08:00 ]NOTICE: Undefined index: actioningD:\wamp\www\lg\Storage\view\compile\68474af44afea5f7ae4d214662c38943.php (192).
[ 2016-08-28T17:08:37+08:00 ]NOTICE: Undefined index: actioningD:\wamp\www\lg\Storage\view\compile\68474af44afea5f7ae4d214662c38943.php (192).
[ 2016-08-28T17:08:37+08:00 ]NOTICE: Undefined index: actioningD:\wamp\www\lg\Storage\view\compile\68474af44afea5f7ae4d214662c38943.php (192).
[ 2016-08-28T17:08:37+08:00 ]NOTICE: Undefined index: act_timeD:\wamp\www\lg\Storage\view\compile\68474af44afea5f7ae4d214662c38943.php (194).
[ 2016-08-28T17:08:37+08:00 ]NOTICE: Undefined index: actioningD:\wamp\www\lg\Storage\view\compile\68474af44afea5f7ae4d214662c38943.php (200).
[ 2016-08-28T17:08:37+08:00 ]NOTICE: Undefined index: actioningD:\wamp\www\lg\Storage\view\compile\68474af44afea5f7ae4d214662c38943.php (211).
[ 2016-08-28T17:08:37+08:00 ]NOTICE: Undefined index: actioningD:\wamp\www\lg\Storage\view\compile\68474af44afea5f7ae4d214662c38943.php (221).
[ 2016-08-28T17:08:37+08:00 ]NOTICE: Undefined index: actioningD:\wamp\www\lg\Storage\view\compile\68474af44afea5f7ae4d214662c38943.php (231).
[ 2016-08-28T17:08:37+08:00 ]NOTICE: Undefined index: actioningD:\wamp\www\lg\Storage\view\compile\68474af44afea5f7ae4d214662c38943.php (258).
[ 2016-08-28T17:08:37+08:00 ]NOTICE: Undefined index: actioningD:\wamp\www\lg\Storage\view\compile\68474af44afea5f7ae4d214662c38943.php (261).
[ 2016-08-28T17:08:37+08:00 ]NOTICE: Undefined index: act_timeD:\wamp\www\lg\Storage\view\compile\68474af44afea5f7ae4d214662c38943.php (272).
[ 2016-08-28T17:08:37+08:00 ]NOTICE: Undefined index: actioningD:\wamp\www\lg\Storage\view\compile\68474af44afea5f7ae4d214662c38943.php (277).
[ 2016-08-28T17:08:37+08:00 ]NOTICE: Undefined index: actioningD:\wamp\www\lg\Storage\view\compile\68474af44afea5f7ae4d214662c38943.php (280).
[ 2016-08-28T17:08:37+08:00 ]NOTICE: Undefined index: actioningD:\wamp\www\lg\Storage\view\compile\68474af44afea5f7ae4d214662c38943.php (282).
[ 2016-08-28T17:08:37+08:00 ]NOTICE: Undefined index: actioningD:\wamp\www\lg\Storage\view\compile\68474af44afea5f7ae4d214662c38943.php (284).
[ 2016-08-28T17:08:37+08:00 ]NOTICE: Undefined variable: guessDataD:\wamp\www\lg\Storage\view\compile\68474af44afea5f7ae4d214662c38943.php (322).
[ 2016-08-28T17:08:37+08:00 ]NOTICE: Invalid argument supplied for foreach()D:\wamp\www\lg\Storage\view\compile\68474af44afea5f7ae4d214662c38943.php (322).
[ 2016-08-28T17:16:33+08:00 ]NOTICE: Undefined variable: guessDataD:\wamp\www\lg\Storage\view\compile\dea75e51e8e31c24f3eea96a4cdc58b0.php (321).
[ 2016-08-28T17:16:33+08:00 ]NOTICE: Invalid argument supplied for foreach()D:\wamp\www\lg\Storage\view\compile\dea75e51e8e31c24f3eea96a4cdc58b0.php (321).
[ 2016-08-28T17:16:37+08:00 ]NOTICE: Undefined variable: actionDataD:\wamp\www\lg\Storage\view\compile\2e15cdc442f52f87b1084db58cb3eaf9.php (168).
[ 2016-08-28T17:16:37+08:00 ]NOTICE: Invalid argument supplied for foreach()D:\wamp\www\lg\Storage\view\compile\2e15cdc442f52f87b1084db58cb3eaf9.php (168).
[ 2016-08-28T17:16:48+08:00 ]NOTICE: Undefined variable: guessDataD:\wamp\www\lg\Storage\view\compile\dea75e51e8e31c24f3eea96a4cdc58b0.php (321).
[ 2016-08-28T17:16:48+08:00 ]NOTICE: Invalid argument supplied for foreach()D:\wamp\www\lg\Storage\view\compile\dea75e51e8e31c24f3eea96a4cdc58b0.php (321).
[ 2016-08-28T17:17:31+08:00 ]NOTICE: Undefined variable: guessDataD:\wamp\www\lg\Storage\view\compile\dea75e51e8e31c24f3eea96a4cdc58b0.php (321).
[ 2016-08-28T17:17:31+08:00 ]NOTICE: Invalid argument supplied for foreach()D:\wamp\www\lg\Storage\view\compile\dea75e51e8e31c24f3eea96a4cdc58b0.php (321).
[ 2016-08-28T17:17:35+08:00 ]NOTICE: Undefined variable: guessDataD:\wamp\www\lg\Storage\view\compile\dea75e51e8e31c24f3eea96a4cdc58b0.php (321).
[ 2016-08-28T17:17:35+08:00 ]NOTICE: Invalid argument supplied for foreach()D:\wamp\www\lg\Storage\view\compile\dea75e51e8e31c24f3eea96a4cdc58b0.php (321).
[ 2016-08-28T17:18:52+08:00 ]NOTICE: Undefined variable: jobModelD:\wamp\www\lg\App\Home\Controller\JobhunterController.php (158).
[ 2016-08-28T19:22:40+08:00 ]NOTICE: Undefined index: countD:\wamp\www\lg\Storage\view\compile\8656c0fcb1ece94f616b6a6d1bd08008.php (201).
[ 2016-08-28T19:22:47+08:00 ]NOTICE: Undefined index: countD:\wamp\www\lg\Storage\view\compile\8656c0fcb1ece94f616b6a6d1bd08008.php (201).
[ 2016-08-28T19:28:29+08:00 ]NOTICE: Undefined index: upload_timeD:\wamp\www\lg\Storage\view\compile\47cf42f47480263b49b6d10bf25e3e5e.php (162).
[ 2016-08-28T19:47:25+08:00 ]EXCEPTION: SELECT  *  FROM job WHERE jname LIKE {'游戏'} ;BindParams:array (
)42000;1064;You have an error in your SQL syntax; check the manual that corresponds to your MySQL server version for the right syntax to use near ''游戏'}' at line 1
[ 2016-08-28T19:47:34+08:00 ]EXCEPTION: SELECT  *  FROM job WHERE jname LIKE 游戏 ;BindParams:array (
)42S22;1054;Unknown column '游戏' in 'where clause'
[ 2016-08-28T20:00:21+08:00 ]NOTICE: Undefined index: cityD:\wamp\www\lg\App\Common\Model\Job.php (198).
[ 2016-08-28T20:00:21+08:00 ]EXCEPTION: SELECT  *  FROM district WHERE plid= LIMIT 1 ;BindParams:array (
)42000;1064;You have an error in your SQL syntax; check the manual that corresponds to your MySQL server version for the right syntax to use near 'LIMIT 1' at line 1
[ 2016-08-28T20:05:01+08:00 ]NOTICE: Undefined index: cityD:\wamp\www\lg\App\Common\Model\Job.php (199).
[ 2016-08-28T20:05:01+08:00 ]EXCEPTION: SELECT  *  FROM district WHERE plid= LIMIT 1 ;BindParams:array (
)42000;1064;You have an error in your SQL syntax; check the manual that corresponds to your MySQL server version for the right syntax to use near 'LIMIT 1' at line 1
[ 2016-08-28T20:06:01+08:00 ]NOTICE: Undefined index: cityD:\wamp\www\lg\App\Common\Model\Job.php (199).
[ 2016-08-28T20:06:01+08:00 ]EXCEPTION: SELECT  *  FROM district WHERE plid= LIMIT 1 ;BindParams:array (
)42000;1064;You have an error in your SQL syntax; check the manual that corresponds to your MySQL server version for the right syntax to use near 'LIMIT 1' at line 1
[ 2016-08-28T20:27:54+08:00 ]NOTICE: Undefined index: countD:\wamp\www\lg\Storage\view\compile\8656c0fcb1ece94f616b6a6d1bd08008.php (201).
[ 2016-08-28T20:30:03+08:00 ]NOTICE: Use of undefined constant cpid - assumed 'cpid'D:\wamp\www\lg\Storage\view\compile\47cf42f47480263b49b6d10bf25e3e5e.php (369).
[ 2016-08-28T20:30:18+08:00 ]NOTICE: Use of undefined constant cpid - assumed 'cpid'D:\wamp\www\lg\Storage\view\compile\47cf42f47480263b49b6d10bf25e3e5e.php (369).
[ 2016-08-28T20:31:23+08:00 ]EXCEPTION: Method Home\Controller\IndexController::indexShow() does not exist
[ 2016-08-28T20:31:42+08:00 ]NOTICE: Undefined index: countD:\wamp\www\lg\Storage\view\compile\8656c0fcb1ece94f616b6a6d1bd08008.php (201).
[ 2016-08-28T20:31:44+08:00 ]NOTICE: Undefined index: countD:\wamp\www\lg\Storage\view\compile\8656c0fcb1ece94f616b6a6d1bd08008.php (201).
[ 2016-08-28T20:31:47+08:00 ]NOTICE: Undefined index: countD:\wamp\www\lg\Storage\view\compile\8656c0fcb1ece94f616b6a6d1bd08008.php (201).
[ 2016-08-28T20:31:50+08:00 ]NOTICE: Undefined index: countD:\wamp\www\lg\Storage\view\compile\1d68404e575295cb9dc89eaa6770eaae.php (201).
[ 2016-08-28T23:32:18+08:00 ]NOTICE: Undefined index: jobaddressD:\wamp\www\lg\Storage\view\compile\47cf42f47480263b49b6d10bf25e3e5e.php (398).
[ 2016-08-28T23:32:18+08:00 ]NOTICE: Undefined index: jobaddressD:\wamp\www\lg\Storage\view\compile\47cf42f47480263b49b6d10bf25e3e5e.php (401).
[ 2016-08-28T23:33:16+08:00 ]NOTICE: Undefined index: jobaddressD:\wamp\www\lg\Storage\view\compile\47cf42f47480263b49b6d10bf25e3e5e.php (399).
[ 2016-08-28T23:33:16+08:00 ]NOTICE: Undefined index: jobaddressD:\wamp\www\lg\Storage\view\compile\47cf42f47480263b49b6d10bf25e3e5e.php (402).
[ 2016-08-28T23:33:48+08:00 ]NOTICE: Undefined index: jobaddressD:\wamp\www\lg\Storage\view\compile\47cf42f47480263b49b6d10bf25e3e5e.php (399).
[ 2016-08-28T23:33:48+08:00 ]NOTICE: Undefined index: jobaddressD:\wamp\www\lg\Storage\view\compile\47cf42f47480263b49b6d10bf25e3e5e.php (402).
[ 2016-08-28T23:35:28+08:00 ]NOTICE: Undefined index: jobaddressD:\wamp\www\lg\Storage\view\compile\47cf42f47480263b49b6d10bf25e3e5e.php (399).
[ 2016-08-28T23:35:28+08:00 ]NOTICE: Undefined index: jobaddressD:\wamp\www\lg\Storage\view\compile\47cf42f47480263b49b6d10bf25e3e5e.php (402).
[ 2016-08-28T23:37:08+08:00 ]NOTICE: Undefined index: jobaddressD:\wamp\www\lg\Storage\view\compile\47cf42f47480263b49b6d10bf25e3e5e.php (399).
[ 2016-08-28T23:37:08+08:00 ]NOTICE: Undefined index: jobaddressD:\wamp\www\lg\Storage\view\compile\47cf42f47480263b49b6d10bf25e3e5e.php (402).
[ 2016-08-28T23:39:15+08:00 ]NOTICE: Undefined index: countD:\wamp\www\lg\Storage\view\compile\8656c0fcb1ece94f616b6a6d1bd08008.php (201).
[ 2016-08-28T23:39:16+08:00 ]NOTICE: Undefined index: countD:\wamp\www\lg\Storage\view\compile\1d68404e575295cb9dc89eaa6770eaae.php (201).
[ 2016-08-28T23:39:30+08:00 ]NOTICE: Undefined index: countD:\wamp\www\lg\Storage\view\compile\8656c0fcb1ece94f616b6a6d1bd08008.php (201).
[ 2016-08-28T23:39:52+08:00 ]NOTICE: Undefined index: countD:\wamp\www\lg\Storage\view\compile\1d68404e575295cb9dc89eaa6770eaae.php (201).
[ 2016-08-28T23:44:54+08:00 ]NOTICE: Undefined index: cityD:\wamp\www\lg\App\Home\Controller\CompanyController.php (128).
[ 2016-08-28T23:44:54+08:00 ]EXCEPTION: SELECT  *  FROM district WHERE plid= LIMIT 1 ;BindParams:array (
)42000;1064;You have an error in your SQL syntax; check the manual that corresponds to your MySQL server version for the right syntax to use near 'LIMIT 1' at line 1
[ 2016-08-28T23:45:19+08:00 ]NOTICE: Undefined index: cityD:\wamp\www\lg\App\Home\Controller\CompanyController.php (129).
[ 2016-08-28T23:45:19+08:00 ]EXCEPTION: SELECT  *  FROM district WHERE plid= LIMIT 1 ;BindParams:array (
)42000;1064;You have an error in your SQL syntax; check the manual that corresponds to your MySQL server version for the right syntax to use near 'LIMIT 1' at line 1
[ 2016-08-28T23:47:13+08:00 ]NOTICE: Undefined index: cityD:\wamp\www\lg\App\Home\Controller\CompanyController.php (128).
[ 2016-08-28T23:47:13+08:00 ]EXCEPTION: SELECT  *  FROM district WHERE plid= LIMIT 1 ;BindParams:array (
)42000;1064;You have an error in your SQL syntax; check the manual that corresponds to your MySQL server version for the right syntax to use near 'LIMIT 1' at line 1
[ 2016-08-28T23:51:43+08:00 ]NOTICE: Undefined variable: FacituNameArrayD:\wamp\www\lg\App\Home\Controller\JobController.php (154).
[ 2016-08-28T23:52:17+08:00 ]NOTICE: Undefined index: countD:\wamp\www\lg\Storage\view\compile\8656c0fcb1ece94f616b6a6d1bd08008.php (201).
[ 2016-08-28T23:52:36+08:00 ]NOTICE: Undefined index: countD:\wamp\www\lg\Storage\view\compile\8656c0fcb1ece94f616b6a6d1bd08008.php (201).
[ 2016-08-28T23:52:38+08:00 ]NOTICE: Undefined index: cityNameD:\wamp\www\lg\Storage\view\compile\47cf42f47480263b49b6d10bf25e3e5e.php (157).
[ 2016-08-28T23:53:27+08:00 ]NOTICE: Undefined variable: FacituNameArrayD:\wamp\www\lg\App\Home\Controller\CompanyController.php (129).
[ 2016-08-28T23:58:43+08:00 ]NOTICE: Undefined index: countD:\wamp\www\lg\Storage\view\compile\1d68404e575295cb9dc89eaa6770eaae.php (201).
[ 2016-08-28T23:58:43+08:00 ]NOTICE: Undefined index: cityNameD:\wamp\www\lg\Storage\view\compile\1d68404e575295cb9dc89eaa6770eaae.php (219).
[ 2016-08-28T23:58:43+08:00 ]NOTICE: Undefined index: cityNameD:\wamp\www\lg\Storage\view\compile\1d68404e575295cb9dc89eaa6770eaae.php (219).
[ 2016-08-28T23:58:52+08:00 ]NOTICE: Undefined index: countD:\wamp\www\lg\Storage\view\compile\1d68404e575295cb9dc89eaa6770eaae.php (201).
[ 2016-08-28T23:58:52+08:00 ]NOTICE: Undefined index: cityNameD:\wamp\www\lg\Storage\view\compile\1d68404e575295cb9dc89eaa6770eaae.php (219).
[ 2016-08-28T23:58:52+08:00 ]NOTICE: Undefined index: cityNameD:\wamp\www\lg\Storage\view\compile\1d68404e575295cb9dc89eaa6770eaae.php (219).
