[ 2016-09-02T10:07:48+08:00 ]NOTICE: Undefined variable: disDataC:\home\ftp\c\c69_guoqing\wwwroot\new_lg\Storage\view\compile\13a73cf05cb9356a121c5262458e056a.php (336).
[ 2016-09-02T10:07:48+08:00 ]NOTICE: Invalid argument supplied for foreach()C:\home\ftp\c\c69_guoqing\wwwroot\new_lg\Storage\view\compile\13a73cf05cb9356a121c5262458e056a.php (336).
[ 2016-09-02T10:07:48+08:00 ]NOTICE: Undefined variable: pageC:\home\ftp\c\c69_guoqing\wwwroot\new_lg\Storage\view\compile\13a73cf05cb9356a121c5262458e056a.php (756).
[ 2016-09-02T10:07:50+08:00 ]NOTICE: Undefined variable: disDataC:\home\ftp\c\c69_guoqing\wwwroot\new_lg\Storage\view\compile\13a73cf05cb9356a121c5262458e056a.php (336).
[ 2016-09-02T10:07:50+08:00 ]NOTICE: Invalid argument supplied for foreach()C:\home\ftp\c\c69_guoqing\wwwroot\new_lg\Storage\view\compile\13a73cf05cb9356a121c5262458e056a.php (336).
[ 2016-09-02T10:07:50+08:00 ]NOTICE: Undefined variable: pageC:\home\ftp\c\c69_guoqing\wwwroot\new_lg\Storage\view\compile\13a73cf05cb9356a121c5262458e056a.php (756).
[ 2016-09-02T10:07:51+08:00 ]NOTICE: Undefined variable: disDataC:\home\ftp\c\c69_guoqing\wwwroot\new_lg\Storage\view\compile\13a73cf05cb9356a121c5262458e056a.php (336).
[ 2016-09-02T10:07:51+08:00 ]NOTICE: Invalid argument supplied for foreach()C:\home\ftp\c\c69_guoqing\wwwroot\new_lg\Storage\view\compile\13a73cf05cb9356a121c5262458e056a.php (336).
[ 2016-09-02T10:07:51+08:00 ]NOTICE: Undefined variable: pageC:\home\ftp\c\c69_guoqing\wwwroot\new_lg\Storage\view\compile\13a73cf05cb9356a121c5262458e056a.php (756).
[ 2016-09-02T10:07:52+08:00 ]NOTICE: Undefined variable: disDataC:\home\ftp\c\c69_guoqing\wwwroot\new_lg\Storage\view\compile\13a73cf05cb9356a121c5262458e056a.php (336).
[ 2016-09-02T10:07:52+08:00 ]NOTICE: Invalid argument supplied for foreach()C:\home\ftp\c\c69_guoqing\wwwroot\new_lg\Storage\view\compile\13a73cf05cb9356a121c5262458e056a.php (336).
[ 2016-09-02T10:07:52+08:00 ]NOTICE: Undefined variable: pageC:\home\ftp\c\c69_guoqing\wwwroot\new_lg\Storage\view\compile\13a73cf05cb9356a121c5262458e056a.php (756).
[ 2016-09-02T10:08:11+08:00 ]NOTICE: Undefined variable: disDataC:\home\ftp\c\c69_guoqing\wwwroot\new_lg\Storage\view\compile\13a73cf05cb9356a121c5262458e056a.php (336).
[ 2016-09-02T10:08:11+08:00 ]NOTICE: Invalid argument supplied for foreach()C:\home\ftp\c\c69_guoqing\wwwroot\new_lg\Storage\view\compile\13a73cf05cb9356a121c5262458e056a.php (336).
[ 2016-09-02T10:08:11+08:00 ]NOTICE: Undefined variable: pageC:\home\ftp\c\c69_guoqing\wwwroot\new_lg\Storage\view\compile\13a73cf05cb9356a121c5262458e056a.php (756).
[ 2016-09-02T10:08:12+08:00 ]NOTICE: Undefined variable: disDataC:\home\ftp\c\c69_guoqing\wwwroot\new_lg\Storage\view\compile\13a73cf05cb9356a121c5262458e056a.php (336).
[ 2016-09-02T10:08:12+08:00 ]NOTICE: Invalid argument supplied for foreach()C:\home\ftp\c\c69_guoqing\wwwroot\new_lg\Storage\view\compile\13a73cf05cb9356a121c5262458e056a.php (336).
[ 2016-09-02T10:08:12+08:00 ]NOTICE: Undefined variable: pageC:\home\ftp\c\c69_guoqing\wwwroot\new_lg\Storage\view\compile\13a73cf05cb9356a121c5262458e056a.php (756).
[ 2016-09-02T10:08:13+08:00 ]NOTICE: Undefined variable: disDataC:\home\ftp\c\c69_guoqing\wwwroot\new_lg\Storage\view\compile\13a73cf05cb9356a121c5262458e056a.php (336).
[ 2016-09-02T10:08:13+08:00 ]NOTICE: Invalid argument supplied for foreach()C:\home\ftp\c\c69_guoqing\wwwroot\new_lg\Storage\view\compile\13a73cf05cb9356a121c5262458e056a.php (336).
[ 2016-09-02T10:08:13+08:00 ]NOTICE: Undefined variable: pageC:\home\ftp\c\c69_guoqing\wwwroot\new_lg\Storage\view\compile\13a73cf05cb9356a121c5262458e056a.php (756).
[ 2016-09-02T10:08:32+08:00 ]NOTICE: Undefined index: countC:\home\ftp\c\c69_guoqing\wwwroot\new_lg\Storage\view\compile\8656c0fcb1ece94f616b6a6d1bd08008.php (314).
[ 2016-09-02T10:08:47+08:00 ]NOTICE: Undefined index: countC:\home\ftp\c\c69_guoqing\wwwroot\new_lg\Storage\view\compile\8656c0fcb1ece94f616b6a6d1bd08008.php (314).
[ 2016-09-02T10:09:28+08:00 ]NOTICE: Undefined variable: pageC:\home\ftp\c\c69_guoqing\wwwroot\new_lg\Storage\view\compile\7eddd672bed72442a50596e7a20376a8.php (986).
[ 2016-09-02T10:09:33+08:00 ]NOTICE: Undefined index: countC:\home\ftp\c\c69_guoqing\wwwroot\new_lg\Storage\view\compile\8656c0fcb1ece94f616b6a6d1bd08008.php (314).
[ 2016-09-02T10:44:14+08:00 ]NOTICE: Undefined index: countC:\home\ftp\c\c69_guoqing\wwwroot\new_lg\Storage\view\compile\8656c0fcb1ece94f616b6a6d1bd08008.php (314).
[ 2016-09-02T10:44:24+08:00 ]NOTICE: Undefined index: countC:\home\ftp\c\c69_guoqing\wwwroot\new_lg\Storage\view\compile\8656c0fcb1ece94f616b6a6d1bd08008.php (314).
[ 2016-09-02T10:44:28+08:00 ]NOTICE: Undefined index: countC:\home\ftp\c\c69_guoqing\wwwroot\new_lg\Storage\view\compile\8656c0fcb1ece94f616b6a6d1bd08008.php (314).
[ 2016-09-02T10:44:31+08:00 ]NOTICE: Undefined index: countC:\home\ftp\c\c69_guoqing\wwwroot\new_lg\Storage\view\compile\8656c0fcb1ece94f616b6a6d1bd08008.php (314).
[ 2016-09-02T10:44:35+08:00 ]NOTICE: Undefined index: countC:\home\ftp\c\c69_guoqing\wwwroot\new_lg\Storage\view\compile\8656c0fcb1ece94f616b6a6d1bd08008.php (314).
[ 2016-09-02T10:44:40+08:00 ]NOTICE: Undefined index: countC:\home\ftp\c\c69_guoqing\wwwroot\new_lg\Storage\view\compile\8656c0fcb1ece94f616b6a6d1bd08008.php (314).
[ 2016-09-02T10:44:46+08:00 ]NOTICE: Undefined index: countC:\home\ftp\c\c69_guoqing\wwwroot\new_lg\Storage\view\compile\8656c0fcb1ece94f616b6a6d1bd08008.php (314).
[ 2016-09-02T10:47:51+08:00 ]NOTICE: Undefined variable: pageC:\home\ftp\c\c69_guoqing\wwwroot\new_lg\Storage\view\compile\7eddd672bed72442a50596e7a20376a8.php (986).
[ 2016-09-02T10:47:55+08:00 ]NOTICE: Undefined variable: pageC:\home\ftp\c\c69_guoqing\wwwroot\new_lg\Storage\view\compile\7eddd672bed72442a50596e7a20376a8.php (986).
[ 2016-09-02T10:47:58+08:00 ]NOTICE: Undefined variable: pageC:\home\ftp\c\c69_guoqing\wwwroot\new_lg\Storage\view\compile\7eddd672bed72442a50596e7a20376a8.php (986).
[ 2016-09-02T10:48:01+08:00 ]NOTICE: Undefined variable: pageC:\home\ftp\c\c69_guoqing\wwwroot\new_lg\Storage\view\compile\7eddd672bed72442a50596e7a20376a8.php (986).
[ 2016-09-02T10:48:02+08:00 ]NOTICE: Undefined variable: pageC:\home\ftp\c\c69_guoqing\wwwroot\new_lg\Storage\view\compile\7eddd672bed72442a50596e7a20376a8.php (986).
[ 2016-09-02T10:48:04+08:00 ]NOTICE: Undefined variable: pageC:\home\ftp\c\c69_guoqing\wwwroot\new_lg\Storage\view\compile\7eddd672bed72442a50596e7a20376a8.php (986).
[ 2016-09-02T10:48:06+08:00 ]NOTICE: Undefined variable: pageC:\home\ftp\c\c69_guoqing\wwwroot\new_lg\Storage\view\compile\7eddd672bed72442a50596e7a20376a8.php (986).
[ 2016-09-02T10:48:10+08:00 ]NOTICE: Undefined variable: pageC:\home\ftp\c\c69_guoqing\wwwroot\new_lg\Storage\view\compile\7eddd672bed72442a50596e7a20376a8.php (986).
[ 2016-09-02T10:48:15+08:00 ]NOTICE: Undefined variable: pageC:\home\ftp\c\c69_guoqing\wwwroot\new_lg\Storage\view\compile\7eddd672bed72442a50596e7a20376a8.php (986).
[ 2016-09-02T10:48:18+08:00 ]NOTICE: Undefined variable: pageC:\home\ftp\c\c69_guoqing\wwwroot\new_lg\Storage\view\compile\7eddd672bed72442a50596e7a20376a8.php (986).
[ 2016-09-02T13:23:50+08:00 ]NOTICE: Undefined index: countC:\home\ftp\c\c69_guoqing\wwwroot\new_lg\Storage\view\compile\286dfefc3a47450b91a200a6bcb80451.php (578).
[ 2016-09-02T13:24:33+08:00 ]NOTICE: Undefined index: countC:\home\ftp\c\c69_guoqing\wwwroot\new_lg\Storage\view\compile\286dfefc3a47450b91a200a6bcb80451.php (578).
[ 2016-09-02T13:26:09+08:00 ]NOTICE: Undefined index: countC:\home\ftp\c\c69_guoqing\wwwroot\new_lg\Storage\view\compile\286dfefc3a47450b91a200a6bcb80451.php (578).
[ 2016-09-02T13:26:24+08:00 ]NOTICE: Undefined index: countC:\home\ftp\c\c69_guoqing\wwwroot\new_lg\Storage\view\compile\286dfefc3a47450b91a200a6bcb80451.php (578).
[ 2016-09-02T13:26:45+08:00 ]NOTICE: Undefined index: countC:\home\ftp\c\c69_guoqing\wwwroot\new_lg\Storage\view\compile\286dfefc3a47450b91a200a6bcb80451.php (578).
[ 2016-09-02T13:26:51+08:00 ]NOTICE: Undefined index: countC:\home\ftp\c\c69_guoqing\wwwroot\new_lg\Storage\view\compile\8656c0fcb1ece94f616b6a6d1bd08008.php (374).
[ 2016-09-02T13:26:56+08:00 ]NOTICE: Undefined index: countC:\home\ftp\c\c69_guoqing\wwwroot\new_lg\Storage\view\compile\8656c0fcb1ece94f616b6a6d1bd08008.php (374).
[ 2016-09-02T13:28:41+08:00 ]NOTICE: Undefined index: countC:\home\ftp\c\c69_guoqing\wwwroot\new_lg\Storage\view\compile\286dfefc3a47450b91a200a6bcb80451.php (578).
[ 2016-09-02T13:31:11+08:00 ]NOTICE: Undefined index: countC:\home\ftp\c\c69_guoqing\wwwroot\new_lg\Storage\view\compile\286dfefc3a47450b91a200a6bcb80451.php (578).
[ 2016-09-02T13:32:28+08:00 ]NOTICE: Undefined index: countC:\home\ftp\c\c69_guoqing\wwwroot\new_lg\Storage\view\compile\286dfefc3a47450b91a200a6bcb80451.php (578).
[ 2016-09-02T13:33:30+08:00 ]NOTICE: Undefined index: countC:\home\ftp\c\c69_guoqing\wwwroot\new_lg\Storage\view\compile\8656c0fcb1ece94f616b6a6d1bd08008.php (374).
[ 2016-09-02T13:41:23+08:00 ]NOTICE: Undefined index: countC:\home\ftp\c\c69_guoqing\wwwroot\new_lg\Storage\view\compile\8656c0fcb1ece94f616b6a6d1bd08008.php (374).
[ 2016-09-02T14:02:48+08:00 ]NOTICE: Undefined index: countC:\home\ftp\c\c69_guoqing\wwwroot\new_lg\Storage\view\compile\8656c0fcb1ece94f616b6a6d1bd08008.php (374).
[ 2016-09-02T14:02:53+08:00 ]NOTICE: Undefined index: countC:\home\ftp\c\c69_guoqing\wwwroot\new_lg\Storage\view\compile\8656c0fcb1ece94f616b6a6d1bd08008.php (374).
[ 2016-09-02T16:13:33+08:00 ]NOTICE: Undefined variable: pageC:\home\ftp\c\c69_guoqing\wwwroot\new_lg\Storage\view\compile\7eddd672bed72442a50596e7a20376a8.php (986).
[ 2016-09-02T16:15:45+08:00 ]NOTICE: unlink(''): No such file or directoryC:\home\ftp\c\c69_guoqing\wwwroot\new_lg\App\Home\Controller\PersonaController.php (81).
[ 2016-09-02T16:16:05+08:00 ]NOTICE: Undefined variable: disDataC:\home\ftp\c\c69_guoqing\wwwroot\new_lg\Storage\view\compile\13a73cf05cb9356a121c5262458e056a.php (396).
[ 2016-09-02T16:16:05+08:00 ]NOTICE: Invalid argument supplied for foreach()C:\home\ftp\c\c69_guoqing\wwwroot\new_lg\Storage\view\compile\13a73cf05cb9356a121c5262458e056a.php (396).
[ 2016-09-02T16:16:05+08:00 ]NOTICE: Undefined variable: pageC:\home\ftp\c\c69_guoqing\wwwroot\new_lg\Storage\view\compile\13a73cf05cb9356a121c5262458e056a.php (816).
[ 2016-09-02T16:16:17+08:00 ]NOTICE: Undefined variable: disDataC:\home\ftp\c\c69_guoqing\wwwroot\new_lg\Storage\view\compile\13a73cf05cb9356a121c5262458e056a.php (396).
[ 2016-09-02T16:16:17+08:00 ]NOTICE: Invalid argument supplied for foreach()C:\home\ftp\c\c69_guoqing\wwwroot\new_lg\Storage\view\compile\13a73cf05cb9356a121c5262458e056a.php (396).
[ 2016-09-02T16:16:17+08:00 ]NOTICE: Undefined variable: pageC:\home\ftp\c\c69_guoqing\wwwroot\new_lg\Storage\view\compile\13a73cf05cb9356a121c5262458e056a.php (816).
[ 2016-09-02T16:16:18+08:00 ]NOTICE: Undefined variable: disDataC:\home\ftp\c\c69_guoqing\wwwroot\new_lg\Storage\view\compile\13a73cf05cb9356a121c5262458e056a.php (396).
[ 2016-09-02T16:16:18+08:00 ]NOTICE: Invalid argument supplied for foreach()C:\home\ftp\c\c69_guoqing\wwwroot\new_lg\Storage\view\compile\13a73cf05cb9356a121c5262458e056a.php (396).
[ 2016-09-02T16:16:18+08:00 ]NOTICE: Undefined variable: pageC:\home\ftp\c\c69_guoqing\wwwroot\new_lg\Storage\view\compile\13a73cf05cb9356a121c5262458e056a.php (816).
[ 2016-09-02T16:16:20+08:00 ]NOTICE: Undefined variable: disDataC:\home\ftp\c\c69_guoqing\wwwroot\new_lg\Storage\view\compile\13a73cf05cb9356a121c5262458e056a.php (396).
[ 2016-09-02T16:16:20+08:00 ]NOTICE: Invalid argument supplied for foreach()C:\home\ftp\c\c69_guoqing\wwwroot\new_lg\Storage\view\compile\13a73cf05cb9356a121c5262458e056a.php (396).
[ 2016-09-02T16:16:20+08:00 ]NOTICE: Undefined variable: pageC:\home\ftp\c\c69_guoqing\wwwroot\new_lg\Storage\view\compile\13a73cf05cb9356a121c5262458e056a.php (816).
[ 2016-09-02T16:17:43+08:00 ]NOTICE: Undefined variable: pageC:\home\ftp\c\c69_guoqing\wwwroot\new_lg\Storage\view\compile\7eddd672bed72442a50596e7a20376a8.php (1046).
[ 2016-09-02T16:17:55+08:00 ]NOTICE: Undefined variable: pageC:\home\ftp\c\c69_guoqing\wwwroot\new_lg\Storage\view\compile\7eddd672bed72442a50596e7a20376a8.php (1046).
[ 2016-09-02T16:18:05+08:00 ]NOTICE: Undefined variable: pageC:\home\ftp\c\c69_guoqing\wwwroot\new_lg\Storage\view\compile\7eddd672bed72442a50596e7a20376a8.php (1046).
[ 2016-09-02T16:18:14+08:00 ]NOTICE: Undefined variable: pageC:\home\ftp\c\c69_guoqing\wwwroot\new_lg\Storage\view\compile\7eddd672bed72442a50596e7a20376a8.php (1046).
[ 2016-09-02T16:18:59+08:00 ]NOTICE: Undefined variable: pageC:\home\ftp\c\c69_guoqing\wwwroot\new_lg\Storage\view\compile\7eddd672bed72442a50596e7a20376a8.php (1046).
[ 2016-09-02T17:50:10+08:00 ]NOTICE: unlink(): No such file or directoryC:\home\ftp\c\c69_guoqing\wwwroot\new_lg\App\Home\Controller\JobhunterController.php (66).
[ 2016-09-02T17:50:44+08:00 ]NOTICE: Undefined variable: pageC:\home\ftp\c\c69_guoqing\wwwroot\new_lg\Storage\view\compile\7eddd672bed72442a50596e7a20376a8.php (1070).
[ 2016-09-02T17:50:53+08:00 ]NOTICE: Undefined variable: pageC:\home\ftp\c\c69_guoqing\wwwroot\new_lg\Storage\view\compile\7eddd672bed72442a50596e7a20376a8.php (1070).
[ 2016-09-02T17:50:59+08:00 ]NOTICE: Undefined variable: pageC:\home\ftp\c\c69_guoqing\wwwroot\new_lg\Storage\view\compile\7eddd672bed72442a50596e7a20376a8.php (1070).
[ 2016-09-02T17:51:02+08:00 ]NOTICE: Undefined variable: pageC:\home\ftp\c\c69_guoqing\wwwroot\new_lg\Storage\view\compile\7eddd672bed72442a50596e7a20376a8.php (1070).
[ 2016-09-02T17:51:06+08:00 ]NOTICE: Undefined variable: pageC:\home\ftp\c\c69_guoqing\wwwroot\new_lg\Storage\view\compile\7eddd672bed72442a50596e7a20376a8.php (1070).
