[ 2016-09-05T10:27:40+08:00 ]NOTICE: Undefined variable: dataD:\wamp\www\new_lg\Storage\view\compile\ece2ae0245a604c4078e2a457ccf6e45.php (60).
[ 2016-09-05T10:27:40+08:00 ]NOTICE: Invalid argument supplied for foreach()D:\wamp\www\new_lg\Storage\view\compile\ece2ae0245a604c4078e2a457ccf6e45.php (60).
[ 2016-09-05T20:39:39+08:00 ]EXCEPTION: Admin\Controller\LinkController 不存在
[ 2016-09-05T20:39:41+08:00 ]EXCEPTION: Admin\Controller\LinkController 不存在
[ 2016-09-05T20:39:42+08:00 ]EXCEPTION: Admin\Controller\ConfigController 不存在
[ 2016-09-05T21:11:07+08:00 ]EXCEPTION: Admin\Controller\LinkController 不存在
[ 2016-09-05T21:40:00+08:00 ]EXCEPTION: Admin\Controller\ConfigController 不存在
[ 2016-09-05T21:40:03+08:00 ]EXCEPTION: Admin\Controller\LinkController 不存在
[ 2016-09-05T21:40:03+08:00 ]EXCEPTION: Admin\Controller\LinkController 不存在
[ 2016-09-05T21:40:04+08:00 ]EXCEPTION: Admin\Controller\LinkController 不存在
[ 2016-09-05T21:40:16+08:00 ]EXCEPTION: Admin\Controller\LinkController 不存在
[ 2016-09-05T21:40:26+08:00 ]EXCEPTION: Admin\Controller\LinkController 不存在
[ 2016-09-05T21:40:50+08:00 ]EXCEPTION: Admin\Controller\LinkController 不存在
[ 2016-09-05T21:40:54+08:00 ]EXCEPTION: Admin\Controller\ConfigController 不存在
[ 2016-09-05T21:46:46+08:00 ]EXCEPTION: Method Admin\Controller\UserController::role() does not exist
[ 2016-09-05T21:46:47+08:00 ]EXCEPTION: Method Admin\Controller\UserController::power() does not exist
[ 2016-09-05T21:46:47+08:00 ]EXCEPTION: Method Admin\Controller\UserController::role() does not exist
[ 2016-09-05T21:46:47+08:00 ]EXCEPTION: Method Admin\Controller\UserController::role() does not exist
[ 2016-09-05T21:46:47+08:00 ]EXCEPTION: Method Admin\Controller\UserController::role() does not exist
[ 2016-09-05T21:46:54+08:00 ]EXCEPTION: Method Admin\Controller\UserController::power() does not exist
[ 2016-09-05T21:51:58+08:00 ]NOTICE: Undefined variable: roleDataD:\wamp\www\new_lg_copy\Storage\view\compile\dcd31943fdfe68f0ea95bedeae816691.php (26).
[ 2016-09-05T21:51:58+08:00 ]NOTICE: Invalid argument supplied for foreach()D:\wamp\www\new_lg_copy\Storage\view\compile\dcd31943fdfe68f0ea95bedeae816691.php (26).
[ 2016-09-05T21:53:13+08:00 ]NOTICE: Undefined variable: nodeDataD:\wamp\www\new_lg_copy\Storage\view\compile\e458c0c86a9783a21f7881e38b548785.php (27).
[ 2016-09-05T21:53:13+08:00 ]NOTICE: Invalid argument supplied for foreach()D:\wamp\www\new_lg_copy\Storage\view\compile\e458c0c86a9783a21f7881e38b548785.php (27).
[ 2016-09-05T21:54:06+08:00 ]NOTICE: Undefined variable: nodeDataD:\wamp\www\new_lg_copy\Storage\view\compile\e458c0c86a9783a21f7881e38b548785.php (27).
[ 2016-09-05T21:54:06+08:00 ]NOTICE: Invalid argument supplied for foreach()D:\wamp\www\new_lg_copy\Storage\view\compile\e458c0c86a9783a21f7881e38b548785.php (27).
[ 2016-09-05T21:54:09+08:00 ]NOTICE: Undefined variable: roleDataD:\wamp\www\new_lg_copy\Storage\view\compile\dcd31943fdfe68f0ea95bedeae816691.php (26).
[ 2016-09-05T21:54:09+08:00 ]NOTICE: Invalid argument supplied for foreach()D:\wamp\www\new_lg_copy\Storage\view\compile\dcd31943fdfe68f0ea95bedeae816691.php (26).
[ 2016-09-05T21:56:31+08:00 ]NOTICE: Undefined variable: userDataD:\wamp\www\new_lg_copy\Storage\view\compile\5b2fca6743dbae9f92c7d1cbafdb2e34.php (26).
[ 2016-09-05T21:56:31+08:00 ]NOTICE: Invalid argument supplied for foreach()D:\wamp\www\new_lg_copy\Storage\view\compile\5b2fca6743dbae9f92c7d1cbafdb2e34.php (26).
[ 2016-09-05T21:57:22+08:00 ]NOTICE: Undefined variable: userDataD:\wamp\www\new_lg_copy\Storage\view\compile\5b2fca6743dbae9f92c7d1cbafdb2e34.php (26).
[ 2016-09-05T21:57:22+08:00 ]NOTICE: Invalid argument supplied for foreach()D:\wamp\www\new_lg_copy\Storage\view\compile\5b2fca6743dbae9f92c7d1cbafdb2e34.php (26).
[ 2016-09-05T21:57:24+08:00 ]EXCEPTION: Method Admin\Controller\UserController::useradd() does not exist
[ 2016-09-05T21:57:58+08:00 ]NOTICE: Undefined variable: userDataD:\wamp\www\new_lg_copy\Storage\view\compile\5b2fca6743dbae9f92c7d1cbafdb2e34.php (26).
[ 2016-09-05T21:57:58+08:00 ]NOTICE: Invalid argument supplied for foreach()D:\wamp\www\new_lg_copy\Storage\view\compile\5b2fca6743dbae9f92c7d1cbafdb2e34.php (26).
[ 2016-09-05T21:58:00+08:00 ]NOTICE: Undefined variable: roleDataD:\wamp\www\new_lg_copy\Storage\view\compile\c3c1cb66d47ff4e7f478dc74837f258b.php (35).
[ 2016-09-05T21:58:00+08:00 ]NOTICE: Invalid argument supplied for foreach()D:\wamp\www\new_lg_copy\Storage\view\compile\c3c1cb66d47ff4e7f478dc74837f258b.php (35).
[ 2016-09-05T23:39:59+08:00 ]NOTICE: Undefined variable: userDataD:\wamp\www\new_lg_copy\Storage\view\compile\5b2fca6743dbae9f92c7d1cbafdb2e34.php (26).
[ 2016-09-05T23:40:00+08:00 ]NOTICE: Invalid argument supplied for foreach()D:\wamp\www\new_lg_copy\Storage\view\compile\5b2fca6743dbae9f92c7d1cbafdb2e34.php (26).
