[ 2016-09-16T14:42:54+08:00 ]EXCEPTION: Admin\Controller\LinkController 不存在
[ 2016-09-16T14:42:55+08:00 ]EXCEPTION: Admin\Controller\LinkController 不存在
[ 2016-09-16T14:42:57+08:00 ]EXCEPTION: Admin\Controller\ConfigController 不存在
[ 2016-09-16T15:35:29+08:00 ]NOTICE: Undefined variable: dataD:\wamp\www\new_lg_copy\Storage\view\compile\c26603725d622bd431b3cc749d478b08.php (21).
[ 2016-09-16T15:35:29+08:00 ]NOTICE: Invalid argument supplied for foreach()D:\wamp\www\new_lg_copy\Storage\view\compile\c26603725d622bd431b3cc749d478b08.php (21).
[ 2016-09-16T15:35:29+08:00 ]NOTICE: Undefined variable: pageD:\wamp\www\new_lg_copy\Storage\view\compile\c26603725d622bd431b3cc749d478b08.php (41).
[ 2016-09-16T15:51:40+08:00 ]NOTICE: Undefined index: D:\wamp\www\new_lg_copy\Storage\view\compile\c26603725d622bd431b3cc749d478b08.php (25).
[ 2016-09-16T15:51:40+08:00 ]NOTICE: Undefined index: D:\wamp\www\new_lg_copy\Storage\view\compile\c26603725d622bd431b3cc749d478b08.php (25).
[ 2016-09-16T15:51:40+08:00 ]NOTICE: Undefined index: D:\wamp\www\new_lg_copy\Storage\view\compile\c26603725d622bd431b3cc749d478b08.php (25).
[ 2016-09-16T15:51:40+08:00 ]NOTICE: Undefined index: D:\wamp\www\new_lg_copy\Storage\view\compile\c26603725d622bd431b3cc749d478b08.php (25).
[ 2016-09-16T15:51:40+08:00 ]NOTICE: Undefined index: D:\wamp\www\new_lg_copy\Storage\view\compile\c26603725d622bd431b3cc749d478b08.php (25).
[ 2016-09-16T15:51:40+08:00 ]NOTICE: Undefined index: D:\wamp\www\new_lg_copy\Storage\view\compile\c26603725d622bd431b3cc749d478b08.php (25).
[ 2016-09-16T15:51:40+08:00 ]NOTICE: Undefined variable: pageD:\wamp\www\new_lg_copy\Storage\view\compile\c26603725d622bd431b3cc749d478b08.php (41).
[ 2016-09-16T15:51:53+08:00 ]NOTICE: Undefined index: D:\wamp\www\new_lg_copy\Storage\view\compile\c26603725d622bd431b3cc749d478b08.php (25).
[ 2016-09-16T15:51:53+08:00 ]NOTICE: Undefined index: D:\wamp\www\new_lg_copy\Storage\view\compile\c26603725d622bd431b3cc749d478b08.php (25).
[ 2016-09-16T15:51:53+08:00 ]NOTICE: Undefined index: D:\wamp\www\new_lg_copy\Storage\view\compile\c26603725d622bd431b3cc749d478b08.php (25).
[ 2016-09-16T15:51:53+08:00 ]NOTICE: Undefined index: D:\wamp\www\new_lg_copy\Storage\view\compile\c26603725d622bd431b3cc749d478b08.php (25).
[ 2016-09-16T15:51:53+08:00 ]NOTICE: Undefined index: D:\wamp\www\new_lg_copy\Storage\view\compile\c26603725d622bd431b3cc749d478b08.php (25).
[ 2016-09-16T15:51:53+08:00 ]NOTICE: Undefined index: D:\wamp\www\new_lg_copy\Storage\view\compile\c26603725d622bd431b3cc749d478b08.php (25).
[ 2016-09-16T15:51:53+08:00 ]NOTICE: Undefined variable: pageD:\wamp\www\new_lg_copy\Storage\view\compile\c26603725d622bd431b3cc749d478b08.php (41).
[ 2016-09-16T15:53:51+08:00 ]NOTICE: Undefined variable: pageD:\wamp\www\new_lg_copy\Storage\view\compile\c26603725d622bd431b3cc749d478b08.php (42).
[ 2016-09-16T15:54:06+08:00 ]NOTICE: Undefined variable: pageD:\wamp\www\new_lg_copy\Storage\view\compile\c26603725d622bd431b3cc749d478b08.php (42).
[ 2016-09-16T15:54:59+08:00 ]NOTICE: Undefined variable: pageD:\wamp\www\new_lg_copy\Storage\view\compile\c26603725d622bd431b3cc749d478b08.php (44).
[ 2016-09-16T15:55:37+08:00 ]NOTICE: Undefined variable: pageD:\wamp\www\new_lg_copy\Storage\view\compile\c26603725d622bd431b3cc749d478b08.php (44).
[ 2016-09-16T15:56:16+08:00 ]NOTICE: Undefined variable: pageD:\wamp\www\new_lg_copy\Storage\view\compile\c26603725d622bd431b3cc749d478b08.php (44).
[ 2016-09-16T15:56:31+08:00 ]NOTICE: Undefined variable: pageD:\wamp\www\new_lg_copy\Storage\view\compile\c26603725d622bd431b3cc749d478b08.php (44).
[ 2016-09-16T15:56:40+08:00 ]NOTICE: Undefined variable: pageD:\wamp\www\new_lg_copy\Storage\view\compile\c26603725d622bd431b3cc749d478b08.php (44).
[ 2016-09-16T15:57:00+08:00 ]NOTICE: Undefined variable: pageD:\wamp\www\new_lg_copy\Storage\view\compile\c26603725d622bd431b3cc749d478b08.php (44).
[ 2016-09-16T16:12:52+08:00 ]NOTICE: Undefined variable: pageD:\wamp\www\new_lg_copy\Storage\view\compile\c26603725d622bd431b3cc749d478b08.php (44).
[ 2016-09-16T16:13:10+08:00 ]NOTICE: Undefined variable: pageD:\wamp\www\new_lg_copy\Storage\view\compile\c26603725d622bd431b3cc749d478b08.php (44).
[ 2016-09-16T16:13:24+08:00 ]NOTICE: Undefined variable: pageD:\wamp\www\new_lg_copy\Storage\view\compile\c26603725d622bd431b3cc749d478b08.php (44).
[ 2016-09-16T16:13:31+08:00 ]NOTICE: Undefined variable: pageD:\wamp\www\new_lg_copy\Storage\view\compile\c26603725d622bd431b3cc749d478b08.php (44).
