[ 2016-09-26T14:11:27+08:00 ]NOTICE: Undefined variable: disDataD:\wamp\www\lagou_rbac_new\Storage\view\compile\13a73cf05cb9356a121c5262458e056a.php (174).
[ 2016-09-26T14:11:27+08:00 ]NOTICE: Invalid argument supplied for foreach()D:\wamp\www\lagou_rbac_new\Storage\view\compile\13a73cf05cb9356a121c5262458e056a.php (174).
[ 2016-09-26T14:11:27+08:00 ]NOTICE: Undefined variable: pageD:\wamp\www\lagou_rbac_new\Storage\view\compile\13a73cf05cb9356a121c5262458e056a.php (417).
[ 2016-09-26T14:11:51+08:00 ]NOTICE: Undefined index: countD:\wamp\www\lagou_rbac_new\Storage\view\compile\8656c0fcb1ece94f616b6a6d1bd08008.php (157).
[ 2016-09-26T14:12:01+08:00 ]NOTICE: Undefined index: countD:\wamp\www\lagou_rbac_new\Storage\view\compile\8656c0fcb1ece94f616b6a6d1bd08008.php (157).
[ 2016-09-26T14:12:08+08:00 ]NOTICE: Undefined index: countD:\wamp\www\lagou_rbac_new\Storage\view\compile\8656c0fcb1ece94f616b6a6d1bd08008.php (157).
[ 2016-09-26T14:12:15+08:00 ]NOTICE: Undefined variable: disDataD:\wamp\www\lagou_rbac_new\Storage\view\compile\13a73cf05cb9356a121c5262458e056a.php (174).
[ 2016-09-26T14:12:15+08:00 ]NOTICE: Invalid argument supplied for foreach()D:\wamp\www\lagou_rbac_new\Storage\view\compile\13a73cf05cb9356a121c5262458e056a.php (174).
[ 2016-09-26T14:12:15+08:00 ]NOTICE: Undefined variable: pageD:\wamp\www\lagou_rbac_new\Storage\view\compile\13a73cf05cb9356a121c5262458e056a.php (417).
[ 2016-09-26T14:12:17+08:00 ]NOTICE: Undefined variable: disDataD:\wamp\www\lagou_rbac_new\Storage\view\compile\13a73cf05cb9356a121c5262458e056a.php (174).
[ 2016-09-26T14:12:17+08:00 ]NOTICE: Invalid argument supplied for foreach()D:\wamp\www\lagou_rbac_new\Storage\view\compile\13a73cf05cb9356a121c5262458e056a.php (174).
[ 2016-09-26T14:12:17+08:00 ]NOTICE: Undefined variable: pageD:\wamp\www\lagou_rbac_new\Storage\view\compile\13a73cf05cb9356a121c5262458e056a.php (417).
[ 2016-09-26T14:12:18+08:00 ]NOTICE: Undefined variable: disDataD:\wamp\www\lagou_rbac_new\Storage\view\compile\13a73cf05cb9356a121c5262458e056a.php (174).
[ 2016-09-26T14:12:18+08:00 ]NOTICE: Invalid argument supplied for foreach()D:\wamp\www\lagou_rbac_new\Storage\view\compile\13a73cf05cb9356a121c5262458e056a.php (174).
[ 2016-09-26T14:12:18+08:00 ]NOTICE: Undefined variable: pageD:\wamp\www\lagou_rbac_new\Storage\view\compile\13a73cf05cb9356a121c5262458e056a.php (417).
[ 2016-09-26T14:12:20+08:00 ]NOTICE: Undefined variable: disDataD:\wamp\www\lagou_rbac_new\Storage\view\compile\13a73cf05cb9356a121c5262458e056a.php (174).
[ 2016-09-26T14:12:20+08:00 ]NOTICE: Invalid argument supplied for foreach()D:\wamp\www\lagou_rbac_new\Storage\view\compile\13a73cf05cb9356a121c5262458e056a.php (174).
[ 2016-09-26T14:12:20+08:00 ]NOTICE: Undefined variable: pageD:\wamp\www\lagou_rbac_new\Storage\view\compile\13a73cf05cb9356a121c5262458e056a.php (417).
[ 2016-09-26T14:12:23+08:00 ]NOTICE: Undefined variable: disDataD:\wamp\www\lagou_rbac_new\Storage\view\compile\13a73cf05cb9356a121c5262458e056a.php (174).
[ 2016-09-26T14:12:23+08:00 ]NOTICE: Invalid argument supplied for foreach()D:\wamp\www\lagou_rbac_new\Storage\view\compile\13a73cf05cb9356a121c5262458e056a.php (174).
[ 2016-09-26T14:12:23+08:00 ]NOTICE: Undefined variable: pageD:\wamp\www\lagou_rbac_new\Storage\view\compile\13a73cf05cb9356a121c5262458e056a.php (417).
[ 2016-09-26T14:12:26+08:00 ]NOTICE: Undefined variable: disDataD:\wamp\www\lagou_rbac_new\Storage\view\compile\13a73cf05cb9356a121c5262458e056a.php (174).
[ 2016-09-26T14:12:26+08:00 ]NOTICE: Invalid argument supplied for foreach()D:\wamp\www\lagou_rbac_new\Storage\view\compile\13a73cf05cb9356a121c5262458e056a.php (174).
[ 2016-09-26T14:12:26+08:00 ]NOTICE: Undefined variable: pageD:\wamp\www\lagou_rbac_new\Storage\view\compile\13a73cf05cb9356a121c5262458e056a.php (417).
[ 2016-09-26T14:13:40+08:00 ]NOTICE: Undefined variable: pageD:\wamp\www\lagou_rbac_new\Storage\view\compile\7eddd672bed72442a50596e7a20376a8.php (545).
[ 2016-09-26T14:16:28+08:00 ]NOTICE: Undefined variable: pageD:\wamp\www\lagou_rbac_new\Storage\view\compile\7eddd672bed72442a50596e7a20376a8.php (545).
[ 2016-09-26T14:16:31+08:00 ]NOTICE: Undefined variable: pageD:\wamp\www\lagou_rbac_new\Storage\view\compile\7eddd672bed72442a50596e7a20376a8.php (545).
[ 2016-09-26T14:16:37+08:00 ]NOTICE: Undefined variable: pageD:\wamp\www\lagou_rbac_new\Storage\view\compile\7eddd672bed72442a50596e7a20376a8.php (545).
[ 2016-09-26T14:16:58+08:00 ]NOTICE: Undefined variable: pageD:\wamp\www\lagou_rbac_new\Storage\view\compile\7eddd672bed72442a50596e7a20376a8.php (545).
[ 2016-09-26T14:17:46+08:00 ]NOTICE: Undefined variable: pageD:\wamp\www\lagou_rbac_new\Storage\view\compile\7eddd672bed72442a50596e7a20376a8.php (545).
[ 2016-09-26T14:18:04+08:00 ]NOTICE: Undefined variable: pageD:\wamp\www\lagou_rbac_new\Storage\view\compile\7eddd672bed72442a50596e7a20376a8.php (545).
[ 2016-09-26T14:18:28+08:00 ]NOTICE: Undefined variable: pageD:\wamp\www\lagou_rbac_new\Storage\view\compile\7eddd672bed72442a50596e7a20376a8.php (545).
[ 2016-09-26T14:18:35+08:00 ]NOTICE: Undefined variable: pageD:\wamp\www\lagou_rbac_new\Storage\view\compile\7eddd672bed72442a50596e7a20376a8.php (545).
[ 2016-09-26T14:18:40+08:00 ]NOTICE: Undefined variable: pageD:\wamp\www\lagou_rbac_new\Storage\view\compile\7eddd672bed72442a50596e7a20376a8.php (545).
[ 2016-09-26T14:18:43+08:00 ]NOTICE: Undefined variable: pageD:\wamp\www\lagou_rbac_new\Storage\view\compile\7eddd672bed72442a50596e7a20376a8.php (545).
[ 2016-09-26T14:19:32+08:00 ]NOTICE: Undefined variable: pageD:\wamp\www\lagou_rbac_new\Storage\view\compile\7eddd672bed72442a50596e7a20376a8.php (545).
[ 2016-09-26T14:19:37+08:00 ]NOTICE: Undefined variable: pageD:\wamp\www\lagou_rbac_new\Storage\view\compile\7eddd672bed72442a50596e7a20376a8.php (545).
[ 2016-09-26T14:19:44+08:00 ]NOTICE: Undefined variable: pageD:\wamp\www\lagou_rbac_new\Storage\view\compile\7eddd672bed72442a50596e7a20376a8.php (545).
[ 2016-09-26T14:19:54+08:00 ]NOTICE: Undefined variable: pageD:\wamp\www\lagou_rbac_new\Storage\view\compile\7eddd672bed72442a50596e7a20376a8.php (545).
[ 2016-09-26T14:20:06+08:00 ]NOTICE: Undefined variable: pageD:\wamp\www\lagou_rbac_new\Storage\view\compile\7eddd672bed72442a50596e7a20376a8.php (545).
[ 2016-09-26T14:20:19+08:00 ]NOTICE: Undefined variable: pageD:\wamp\www\lagou_rbac_new\Storage\view\compile\7eddd672bed72442a50596e7a20376a8.php (545).
[ 2016-09-26T14:20:27+08:00 ]NOTICE: Undefined variable: pageD:\wamp\www\lagou_rbac_new\Storage\view\compile\7eddd672bed72442a50596e7a20376a8.php (545).
[ 2016-09-26T14:20:30+08:00 ]NOTICE: Undefined variable: pageD:\wamp\www\lagou_rbac_new\Storage\view\compile\7eddd672bed72442a50596e7a20376a8.php (545).
[ 2016-09-26T14:20:32+08:00 ]NOTICE: Undefined variable: pageD:\wamp\www\lagou_rbac_new\Storage\view\compile\7eddd672bed72442a50596e7a20376a8.php (545).
[ 2016-09-26T14:20:43+08:00 ]NOTICE: Undefined variable: pageD:\wamp\www\lagou_rbac_new\Storage\view\compile\7eddd672bed72442a50596e7a20376a8.php (545).
[ 2016-09-26T14:20:46+08:00 ]NOTICE: Undefined variable: pageD:\wamp\www\lagou_rbac_new\Storage\view\compile\7eddd672bed72442a50596e7a20376a8.php (545).
[ 2016-09-26T14:20:48+08:00 ]NOTICE: Undefined variable: pageD:\wamp\www\lagou_rbac_new\Storage\view\compile\7eddd672bed72442a50596e7a20376a8.php (545).
[ 2016-09-26T14:20:50+08:00 ]NOTICE: Undefined variable: pageD:\wamp\www\lagou_rbac_new\Storage\view\compile\7eddd672bed72442a50596e7a20376a8.php (545).
[ 2016-09-26T14:20:53+08:00 ]NOTICE: Undefined variable: pageD:\wamp\www\lagou_rbac_new\Storage\view\compile\7eddd672bed72442a50596e7a20376a8.php (545).
[ 2016-09-26T14:20:56+08:00 ]NOTICE: Undefined variable: pageD:\wamp\www\lagou_rbac_new\Storage\view\compile\7eddd672bed72442a50596e7a20376a8.php (545).
[ 2016-09-26T14:20:59+08:00 ]NOTICE: Undefined variable: pageD:\wamp\www\lagou_rbac_new\Storage\view\compile\7eddd672bed72442a50596e7a20376a8.php (545).
[ 2016-09-26T14:21:01+08:00 ]NOTICE: Undefined variable: pageD:\wamp\www\lagou_rbac_new\Storage\view\compile\7eddd672bed72442a50596e7a20376a8.php (545).
[ 2016-09-26T14:21:04+08:00 ]NOTICE: Undefined variable: pageD:\wamp\www\lagou_rbac_new\Storage\view\compile\7eddd672bed72442a50596e7a20376a8.php (545).
[ 2016-09-26T14:21:06+08:00 ]NOTICE: Undefined variable: pageD:\wamp\www\lagou_rbac_new\Storage\view\compile\7eddd672bed72442a50596e7a20376a8.php (545).
[ 2016-09-26T14:21:10+08:00 ]NOTICE: Undefined variable: pageD:\wamp\www\lagou_rbac_new\Storage\view\compile\7eddd672bed72442a50596e7a20376a8.php (545).
[ 2016-09-26T14:21:12+08:00 ]NOTICE: Undefined variable: pageD:\wamp\www\lagou_rbac_new\Storage\view\compile\7eddd672bed72442a50596e7a20376a8.php (545).
[ 2016-09-26T14:21:25+08:00 ]NOTICE: Undefined variable: pageD:\wamp\www\lagou_rbac_new\Storage\view\compile\7eddd672bed72442a50596e7a20376a8.php (545).
[ 2016-09-26T14:21:28+08:00 ]NOTICE: Undefined variable: pageD:\wamp\www\lagou_rbac_new\Storage\view\compile\7eddd672bed72442a50596e7a20376a8.php (545).
[ 2016-09-26T14:21:33+08:00 ]NOTICE: Undefined variable: pageD:\wamp\www\lagou_rbac_new\Storage\view\compile\7eddd672bed72442a50596e7a20376a8.php (545).
[ 2016-09-26T14:21:35+08:00 ]NOTICE: Undefined variable: pageD:\wamp\www\lagou_rbac_new\Storage\view\compile\7eddd672bed72442a50596e7a20376a8.php (545).
[ 2016-09-26T14:21:37+08:00 ]NOTICE: Undefined variable: pageD:\wamp\www\lagou_rbac_new\Storage\view\compile\7eddd672bed72442a50596e7a20376a8.php (545).
[ 2016-09-26T14:21:39+08:00 ]NOTICE: Undefined variable: pageD:\wamp\www\lagou_rbac_new\Storage\view\compile\7eddd672bed72442a50596e7a20376a8.php (545).
[ 2016-09-26T14:21:41+08:00 ]NOTICE: Undefined variable: pageD:\wamp\www\lagou_rbac_new\Storage\view\compile\7eddd672bed72442a50596e7a20376a8.php (545).
[ 2016-09-26T14:21:43+08:00 ]NOTICE: Undefined variable: pageD:\wamp\www\lagou_rbac_new\Storage\view\compile\7eddd672bed72442a50596e7a20376a8.php (545).
[ 2016-09-26T14:23:14+08:00 ]NOTICE: Undefined variable: pageD:\wamp\www\lagou_rbac_new\Storage\view\compile\7eddd672bed72442a50596e7a20376a8.php (545).
[ 2016-09-26T14:23:17+08:00 ]NOTICE: Undefined variable: pageD:\wamp\www\lagou_rbac_new\Storage\view\compile\7eddd672bed72442a50596e7a20376a8.php (545).
[ 2016-09-26T14:23:20+08:00 ]NOTICE: Undefined variable: pageD:\wamp\www\lagou_rbac_new\Storage\view\compile\7eddd672bed72442a50596e7a20376a8.php (545).
[ 2016-09-26T14:23:24+08:00 ]NOTICE: Undefined variable: pageD:\wamp\www\lagou_rbac_new\Storage\view\compile\7eddd672bed72442a50596e7a20376a8.php (545).
[ 2016-09-26T14:23:56+08:00 ]NOTICE: Undefined variable: pageD:\wamp\www\lagou_rbac_new\Storage\view\compile\7eddd672bed72442a50596e7a20376a8.php (545).
[ 2016-09-26T14:24:00+08:00 ]NOTICE: Undefined variable: pageD:\wamp\www\lagou_rbac_new\Storage\view\compile\7eddd672bed72442a50596e7a20376a8.php (545).
[ 2016-09-26T14:24:20+08:00 ]NOTICE: Undefined variable: pageD:\wamp\www\lagou_rbac_new\Storage\view\compile\7eddd672bed72442a50596e7a20376a8.php (545).
[ 2016-09-26T14:24:30+08:00 ]NOTICE: Undefined variable: pageD:\wamp\www\lagou_rbac_new\Storage\view\compile\7eddd672bed72442a50596e7a20376a8.php (545).
[ 2016-09-26T14:24:34+08:00 ]NOTICE: Undefined variable: pageD:\wamp\www\lagou_rbac_new\Storage\view\compile\7eddd672bed72442a50596e7a20376a8.php (545).
[ 2016-09-26T14:24:46+08:00 ]NOTICE: Undefined variable: pageD:\wamp\www\lagou_rbac_new\Storage\view\compile\7eddd672bed72442a50596e7a20376a8.php (545).
[ 2016-09-26T14:24:48+08:00 ]NOTICE: Undefined variable: pageD:\wamp\www\lagou_rbac_new\Storage\view\compile\7eddd672bed72442a50596e7a20376a8.php (545).
[ 2016-09-26T14:25:01+08:00 ]NOTICE: Undefined index: countD:\wamp\www\lagou_rbac_new\Storage\view\compile\8656c0fcb1ece94f616b6a6d1bd08008.php (157).
[ 2016-09-26T14:41:42+08:00 ]NOTICE: Undefined index: infoD:\wamp\www\lagou_rbac_new\App\Home\Controller\PersonaController.php (13).
[ 2016-09-26T14:41:42+08:00 ]NOTICE: Undefined index: infoD:\wamp\www\lagou_rbac_new\App\Home\Controller\PersonaController.php (14).
[ 2016-09-26T14:47:26+08:00 ]NOTICE: Undefined index: countD:\wamp\www\lagou_rbac_new\Storage\view\compile\8656c0fcb1ece94f616b6a6d1bd08008.php (187).
[ 2016-09-26T14:53:35+08:00 ]NOTICE: Undefined index: countD:\wamp\www\lagou_rbac_new\Storage\view\compile\286dfefc3a47450b91a200a6bcb80451.php (289).
[ 2016-09-26T15:00:37+08:00 ]NOTICE: Non-static method Hdphp\View\View::with() should not be called statically, assuming $this from incompatible contextD:\wamp\www\lagou_rbac_new\App\Home\Controller\JobController.php (60).
[ 2016-09-26T15:00:37+08:00 ]NOTICE: Non-static method Hdphp\View\View::with() should not be called statically, assuming $this from incompatible contextD:\wamp\www\lagou_rbac_new\App\Home\Controller\JobController.php (61).
[ 2016-09-26T15:00:37+08:00 ]NOTICE: Non-static method Hdphp\View\View::with() should not be called statically, assuming $this from incompatible contextD:\wamp\www\lagou_rbac_new\App\Home\Controller\JobController.php (62).
[ 2016-09-26T15:00:37+08:00 ]NOTICE: Non-static method Hdphp\View\View::make() should not be called statically, assuming $this from incompatible contextD:\wamp\www\lagou_rbac_new\App\Home\Controller\JobController.php (63).
[ 2016-09-26T15:00:37+08:00 ]NOTICE: Undefined property: Home\Controller\JobController::$tplD:\wamp\www\lagou_rbac_new\Hdphp\View\View.php (38).
[ 2016-09-26T15:00:37+08:00 ]NOTICE: Undefined property: Home\Controller\JobController::$tplD:\wamp\www\lagou_rbac_new\Hdphp\View\View.php (56).
[ 2016-09-26T15:00:37+08:00 ]EXCEPTION: 模板不存在
[ 2016-09-26T15:01:19+08:00 ]NOTICE: Non-static method Hdphp\View\View::with() should not be called statically, assuming $this from incompatible contextD:\wamp\www\lagou_rbac_new\App\Home\Controller\JobController.php (60).
[ 2016-09-26T15:01:19+08:00 ]NOTICE: Non-static method Hdphp\View\View::with() should not be called statically, assuming $this from incompatible contextD:\wamp\www\lagou_rbac_new\App\Home\Controller\JobController.php (61).
[ 2016-09-26T15:01:19+08:00 ]NOTICE: Non-static method Hdphp\View\View::with() should not be called statically, assuming $this from incompatible contextD:\wamp\www\lagou_rbac_new\App\Home\Controller\JobController.php (62).
[ 2016-09-26T15:01:19+08:00 ]NOTICE: Non-static method Hdphp\View\View::make() should not be called statically, assuming $this from incompatible contextD:\wamp\www\lagou_rbac_new\App\Home\Controller\JobController.php (63).
[ 2016-09-26T15:01:19+08:00 ]NOTICE: Undefined property: Home\Controller\JobController::$tplD:\wamp\www\lagou_rbac_new\Hdphp\View\View.php (38).
[ 2016-09-26T15:01:19+08:00 ]NOTICE: Undefined property: Home\Controller\JobController::$tplD:\wamp\www\lagou_rbac_new\Hdphp\View\View.php (56).
[ 2016-09-26T15:01:19+08:00 ]EXCEPTION: 模板不存在
[ 2016-09-26T15:01:54+08:00 ]NOTICE: Non-static method Hdphp\View\View::with() should not be called statically, assuming $this from incompatible contextD:\wamp\www\lagou_rbac_new\App\Home\Controller\JobController.php (60).
[ 2016-09-26T15:01:54+08:00 ]NOTICE: Non-static method Hdphp\View\View::with() should not be called statically, assuming $this from incompatible contextD:\wamp\www\lagou_rbac_new\App\Home\Controller\JobController.php (62).
[ 2016-09-26T15:01:54+08:00 ]NOTICE: Non-static method Hdphp\View\View::make() should not be called statically, assuming $this from incompatible contextD:\wamp\www\lagou_rbac_new\App\Home\Controller\JobController.php (63).
[ 2016-09-26T15:01:54+08:00 ]NOTICE: Undefined property: Home\Controller\JobController::$tplD:\wamp\www\lagou_rbac_new\Hdphp\View\View.php (38).
[ 2016-09-26T15:01:54+08:00 ]NOTICE: Undefined property: Home\Controller\JobController::$tplD:\wamp\www\lagou_rbac_new\Hdphp\View\View.php (56).
[ 2016-09-26T15:01:54+08:00 ]EXCEPTION: 模板不存在
[ 2016-09-26T15:03:05+08:00 ]NOTICE: Non-static method Hdphp\View\View::with() should not be called statically, assuming $this from incompatible contextD:\wamp\www\lagou_rbac_new\App\Home\Controller\JobController.php (58).
[ 2016-09-26T15:03:05+08:00 ]NOTICE: Non-static method Hdphp\View\View::with() should not be called statically, assuming $this from incompatible contextD:\wamp\www\lagou_rbac_new\App\Home\Controller\JobController.php (60).
[ 2016-09-26T15:03:05+08:00 ]NOTICE: Non-static method Hdphp\View\View::make() should not be called statically, assuming $this from incompatible contextD:\wamp\www\lagou_rbac_new\App\Home\Controller\JobController.php (61).
[ 2016-09-26T15:03:05+08:00 ]NOTICE: Undefined property: Home\Controller\JobController::$tplD:\wamp\www\lagou_rbac_new\Hdphp\View\View.php (38).
[ 2016-09-26T15:03:05+08:00 ]NOTICE: Undefined property: Home\Controller\JobController::$tplD:\wamp\www\lagou_rbac_new\Hdphp\View\View.php (56).
[ 2016-09-26T15:03:05+08:00 ]EXCEPTION: 模板不存在
[ 2016-09-26T15:06:16+08:00 ]NOTICE: Array to string conversionD:\wamp\www\lagou_rbac_new\Storage\view\compile\aac9e96f75c5be718309244e4c645516.php (303).
[ 2016-09-26T15:14:34+08:00 ]NOTICE: Undefined index: countD:\wamp\www\lagou_rbac_new\Storage\view\compile\286dfefc3a47450b91a200a6bcb80451.php (289).
[ 2016-09-26T15:16:09+08:00 ]EXCEPTION: Admin\Controller\ConfigController 不存在
[ 2016-09-26T15:16:11+08:00 ]NOTICE: Undefined variable: pageD:\wamp\www\lagou_rbac_new\Storage\view\compile\c26603725d622bd431b3cc749d478b08.php (44).
[ 2016-09-26T17:38:09+08:00 ]NOTICE: Undefined variable: pageD:\wamp\www\goo\Storage\view\compile\7eddd672bed72442a50596e7a20376a8.php (587).
[ 2016-09-26T17:38:15+08:00 ]NOTICE: Undefined variable: pageD:\wamp\www\goo\Storage\view\compile\7eddd672bed72442a50596e7a20376a8.php (587).
